<?xml version="1.0" encoding="utf-8"?><testsuites name="pytest tests"><testsuite name="pytest" errors="0" failures="1" skipped="0" tests="33" time="34.426" timestamp="2025-09-11T15:20:42.227684+00:00" hostname="dut7358"><testcase classname="test.distributed.pipelining.test_schedule.ScheduleTest" name="test_get_schedule_class" time="0.176" /><testcase classname="test.distributed.pipelining.test_schedule.ScheduleTest" name="test_schedule_with_single_stage_ScheduleClass0" time="0.029" /><testcase classname="test.distributed.pipelining.test_schedule.ScheduleTest" name="test_schedule_with_single_stage_ScheduleClass1" time="0.021" /><testcase classname="test.distributed.pipelining.test_schedule.ScheduleTest" name="test_schedule_with_single_stage_ScheduleClass2" time="0.019" /><testcase classname="test.distributed.pipelining.test_schedule.ScheduleTest" name="test_schedule_with_single_stage_ScheduleClass3" time="0.019" /><testcase classname="test.distributed.pipelining.test_schedule.ScheduleTest" name="test_schedule_with_single_stage_ScheduleClass4" time="0.019" /><testcase classname="test.distributed.pipelining.test_schedule.ScheduleTest" name="test_zero_bubble_schedule_errors_with_compile" time="0.956" /><testcase classname="test.distributed.pipelining.test_schedule.TestSchedulePlan" name="test_pipeline_order_ScheduleClass0" time="7.973" /><testcase classname="test.distributed.pipelining.test_schedule.TestSchedulePlan" name="test_pipeline_order_ScheduleClass1" time="8.111" /><testcase classname="test.distributed.pipelining.test_schedule.TestSchedulePlan" name="test_pipeline_order_flex_and_zero_bubble_ScheduleClass0" time="8.107" /><testcase classname="test.distributed.pipelining.test_schedule.TestSchedulePlan" name="test_pipeline_order_flex_and_zero_bubble_ScheduleClass1" time="5.953" /><testcase classname="test.distributed.pipelining.test_schedule.TestSchedulePlan" name="test_pipeline_order_for_v_schedules_ScheduleClass0" time="0.006" /><testcase classname="test.distributed.pipelining.test_schedule.TestSchedulePlan" name="test_pipeline_order_for_v_schedules_ScheduleClass1" time="0.003" /><testcase classname="test.distributed.pipelining.test_schedule.TestScheduleCsv" name="test_csv_compare_ScheduleClass0_csv_name_dualpipev_4rank_10mb" time="0.019" /><testcase classname="test.distributed.pipelining.test_schedule.TestScheduleLowering" name="test_action_parse_action_str_and_ref0" time="0.001" /><testcase classname="test.distributed.pipelining.test_schedule.TestScheduleLowering" name="test_action_parse_action_str_and_ref1" time="0.001" /><testcase classname="test.distributed.pipelining.test_schedule.TestScheduleLowering" name="test_action_parse_action_str_and_ref2" time="0.001" /><testcase classname="test.distributed.pipelining.test_schedule.TestScheduleLowering" name="test_action_parse_action_str_and_ref3" time="0.001" /><testcase classname="test.distributed.pipelining.test_schedule.TestScheduleLowering" name="test_action_parse_action_str_and_ref4" time="0.001" /><testcase classname="test.distributed.pipelining.test_schedule.TestScheduleLowering" name="test_action_parse_action_str_and_ref5" time="0.001" /><testcase classname="test.distributed.pipelining.test_schedule.TestScheduleLowering" name="test_action_parse_action_str_and_ref6" time="0.001" /><testcase classname="test.distributed.pipelining.test_schedule.TestScheduleLowering" name="test_action_parse_action_str_and_ref7" time="0.001" /><testcase classname="test.distributed.pipelining.test_schedule.TestScheduleLowering" name="test_csv_csv_name_zb1p_2rank_2stagep" time="0.014" /><testcase classname="test.distributed.pipelining.test_schedule.TestScheduleLowering" name="test_grad_with_split_b_w" time="0.885" /><testcase classname="test.distributed.pipelining.test_schedule.TestScheduleLowering" name="test_grad_with_v_schedule" time="0.143"><failure message="RuntimeError: No backend type associated with device type xpu&#10;&#10;To execute this test, run the following from the base repo dir:&#10;    PYTORCH_TEST_WITH_SLOW=1 python test/distributed/pipelining/test_schedule.py TestScheduleLowering.test_grad_with_v_schedule&#10;&#10;This message can be suppressed by setting PYTORCH_PRINT_REPRO_ON_FAILURE=0">Traceback (most recent call last):
  File "/tmp/xpu-tool/Python/3.10.18/x64/lib/python3.10/unittest/case.py", line 59, in testPartExecutor
    yield
  File "/tmp/xpu-tool/Python/3.10.18/x64/lib/python3.10/unittest/case.py", line 591, in run
    self._callTestMethod(testMethod)
  File "/tmp/xpu-tool/Python/3.10.18/x64/lib/python3.10/unittest/case.py", line 549, in _callTestMethod
    method()
  File "/tmp/xpu-tool/Python/3.10.18/x64/lib/python3.10/site-packages/torch/testing/_internal/common_utils.py", line 3226, in wrapper
    method(*args, **kwargs)
  File "/home/jenkins/actions-runner/_work/torch-xpu-ops/torch-xpu-ops/pytorch/test/distributed/pipelining/test_schedule.py", line 836, in test_grad_with_v_schedule
    out = schedule.step(x, target=target, losses=losses)
  File "/tmp/xpu-tool/Python/3.10.18/x64/lib/python3.10/site-packages/torch/distributed/pipelining/schedules.py", line 1554, in step
    self._step_microbatches(args_split, kwargs_split, targets_split, losses)
  File "/tmp/xpu-tool/Python/3.10.18/x64/lib/python3.10/site-packages/torch/distributed/pipelining/schedules.py", line 1868, in _step_microbatches
    self._initialize_stages(arg_mbs[0], kwarg_mbs[0])
  File "/tmp/xpu-tool/Python/3.10.18/x64/lib/python3.10/site-packages/torch/distributed/pipelining/schedules.py", line 1461, in _initialize_stages
    _wait_batch_p2p(_batch_p2p(all_ops))
  File "/tmp/xpu-tool/Python/3.10.18/x64/lib/python3.10/site-packages/torch/distributed/pipelining/schedules.py", line 490, in _batch_p2p
    return dist.batch_isend_irecv(p2p_ops)
  File "/tmp/xpu-tool/Python/3.10.18/x64/lib/python3.10/site-packages/torch/distributed/distributed_c10d.py", line 2754, in batch_isend_irecv
    if type(group) == ProcessGroup and group._get_backend(device).supports_coalescing:
RuntimeError: No backend type associated with device type xpu

To execute this test, run the following from the base repo dir:
    PYTORCH_TEST_WITH_SLOW=1 python test/distributed/pipelining/test_schedule.py TestScheduleLowering.test_grad_with_v_schedule

This message can be suppressed by setting PYTORCH_PRINT_REPRO_ON_FAILURE=0</failure></testcase><testcase classname="test.distributed.pipelining.test_schedule.TestScheduleLowering" name="test_merge_bw_test_info0" time="0.002" /><testcase classname="test.distributed.pipelining.test_schedule.TestScheduleLowering" name="test_send_recv_test_info0" time="0.003" /><testcase classname="test.distributed.pipelining.test_schedule.TestScheduleLowering" name="test_send_recv_test_info1" time="0.008" /><testcase classname="test.distributed.pipelining.test_schedule.TestScheduleLowering" name="test_unshard_reshard_test_info0" time="0.001" /><testcase classname="test.distributed.pipelining.test_schedule.TestValidateSchedule" name="test_invalid_schedule_missing_action" time="0.001" /><testcase classname="test.distributed.pipelining.test_schedule.TestValidateSchedule" name="test_invalid_schedule_missing_rank" time="0.000" /><testcase classname="test.distributed.pipelining.test_schedule.TestValidateSchedule" name="test_valid_schedule" time="0.000" /><testcase classname="test.distributed.pipelining.test_schedule.ScheduleUtilTests" name="test_generate_stage_to_rank_mapping" time="0.001" /></testsuite></testsuites>