<?xml version="1.0" encoding="utf-8"?><testsuites name="pytest tests"><testsuite name="pytest" errors="0" failures="9" skipped="0" tests="60" time="1994.690" timestamp="2025-09-11T10:54:49.976187+00:00" hostname="dut7358"><testcase classname="test.distributed.fsdp.test_fsdp_core.TestHooksXPU" name="test_pre_backward_hook_registration_after_state_dict_xpu" time="31.856" /><testcase classname="test.distributed.fsdp.test_fsdp_core.TestHooksXPU" name="test_pre_backward_hook_registration_cuda_first_False_xpu" time="31.747" /><testcase classname="test.distributed.fsdp.test_fsdp_core.TestHooksXPU" name="test_pre_backward_hook_registration_cuda_first_True_xpu" time="31.851" /><testcase classname="test.distributed.fsdp.test_fsdp_core.TestHooksXPU" name="test_register_functions_called_cuda_first_False_mixed_precision_False_xpu" time="16.228" /><testcase classname="test.distributed.fsdp.test_fsdp_core.TestHooksXPU" name="test_register_functions_called_cuda_first_False_mixed_precision_True_xpu" time="16.129" /><testcase classname="test.distributed.fsdp.test_fsdp_core.TestHooksXPU" name="test_register_functions_called_cuda_first_True_mixed_precision_False_xpu" time="16.429" /><testcase classname="test.distributed.fsdp.test_fsdp_core.TestHooksXPU" name="test_register_functions_called_cuda_first_True_mixed_precision_True_xpu" time="16.129" /><testcase classname="test.distributed.fsdp.test_fsdp_core.TestParityWithDDPXPU" name="test_delayed_optim_step_offload_false_no_shard_xpu" time="41.164" /><testcase classname="test.distributed.fsdp.test_fsdp_core.TestParityWithDDPXPU" name="test_delayed_optim_step_offload_false_none_xpu" time="32.652"><failure message="RuntimeError: Process 2 exited with error code 10 and exception:&#10;Traceback (most recent call last):&#10;  File &quot;/tmp/xpu-tool/Python/3.10.18/x64/lib/python3.10/site-packages/torch/testing/_internal/common_distributed.py&quot;, line 864, in run_test&#10;    getattr(self, test_name)()&#10;  File &quot;/tmp/xpu-tool/Python/3.10.18/x64/lib/python3.10/site-packages/torch/testing/_internal/common_distributed.py&quot;, line 718, in wrapper&#10;    fn()&#10;  File &quot;/tmp/xpu-tool/Python/3.10.18/x64/lib/python3.10/site-packages/torch/testing/_internal/common_utils.py&quot;, line 3226, in wrapper&#10;    method(*args, **kwargs)&#10;  File &quot;/tmp/xpu-tool/Python/3.10.18/x64/lib/python3.10/site-packages/torch/testing/_internal/common_device_type.py&quot;, line 426, in instantiated_test&#10;    result = test(self, **param_kwargs)&#10;  File &quot;/tmp/xpu-tool/Python/3.10.18/x64/lib/python3.10/site-packages/torch/testing/_internal/common_distributed.py&quot;, line 221, in wrapper&#10;    return func(*args, **kwargs)&#10;  File &quot;/home/jenkins/actions-runner/_work/torch-xpu-ops/torch-xpu-ops/pytorch/test/distributed/fsdp/test_fsdp_core.py&quot;, line 189, in test_delayed_optim_step&#10;    self.run_subtests(&#10;  File &quot;/tmp/xpu-tool/Python/3.10.18/x64/lib/python3.10/site-packages/torch/testing/_internal/common_fsdp.py&quot;, line 1188, in run_subtests&#10;    return run_subtests(self, *args, **kwargs)&#10;  File &quot;/tmp/xpu-tool/Python/3.10.18/x64/lib/python3.10/site-packages/torch/testing/_internal/common_distributed.py&quot;, line 1147, in run_subtests&#10;    test_fn(*test_args, **test_kwargs, **subtest_kwargs)&#10;  File &quot;/tmp/xpu-tool/Python/3.10.18/x64/lib/python3.10/site-packages/torch/testing/_internal/common_fsdp.py&quot;, line 1493, in _test_fsdp_parity&#10;    self.assertEqual(&#10;  File &quot;/tmp/xpu-tool/Python/3.10.18/x64/lib/python3.10/site-packages/torch/testing/_internal/common_utils.py&quot;, line 4181, in assertEqual&#10;    raise error_metas.pop()[0].to_error(  # type: ignore[index]&#10;AssertionError: Tensor-likes are not close!&#10;&#10;Mismatched elements: 32 / 32 (100.0%)&#10;Greatest absolute difference: nan at index (0, 0) (up to 1e-05 allowed)&#10;Greatest relative difference: nan at index (0, 0) (up to 1.3e-06 allowed)&#10;&#10;The failure occurred for item [0]&#10;FSDP did not match DDP&#10;&#10;To execute this test, run the following from the base repo dir:&#10;    PYTORCH_TEST_WITH_SLOW=1 python test/distributed/fsdp/test_fsdp_core.py TestParityWithDDPXPU.test_delayed_optim_step_offload_false_none_xpu&#10;&#10;This message can be suppressed by setting PYTORCH_PRINT_REPRO_ON_FAILURE=0">Traceback (most recent call last):
  File "/tmp/xpu-tool/Python/3.10.18/x64/lib/python3.10/unittest/case.py", line 59, in testPartExecutor
    yield
  File "/tmp/xpu-tool/Python/3.10.18/x64/lib/python3.10/unittest/case.py", line 591, in run
    self._callTestMethod(testMethod)
  File "/tmp/xpu-tool/Python/3.10.18/x64/lib/python3.10/unittest/case.py", line 549, in _callTestMethod
    method()
  File "/tmp/xpu-tool/Python/3.10.18/x64/lib/python3.10/site-packages/torch/testing/_internal/common_distributed.py", line 716, in wrapper
    self._join_processes(fn)
  File "/tmp/xpu-tool/Python/3.10.18/x64/lib/python3.10/site-packages/torch/testing/_internal/common_distributed.py", line 980, in _join_processes
    self._check_return_codes(fn, elapsed_time)
  File "/tmp/xpu-tool/Python/3.10.18/x64/lib/python3.10/site-packages/torch/testing/_internal/common_distributed.py", line 1020, in _check_return_codes
    raise RuntimeError(error)
RuntimeError: Process 2 exited with error code 10 and exception:
Traceback (most recent call last):
  File "/tmp/xpu-tool/Python/3.10.18/x64/lib/python3.10/site-packages/torch/testing/_internal/common_distributed.py", line 864, in run_test
    getattr(self, test_name)()
  File "/tmp/xpu-tool/Python/3.10.18/x64/lib/python3.10/site-packages/torch/testing/_internal/common_distributed.py", line 718, in wrapper
    fn()
  File "/tmp/xpu-tool/Python/3.10.18/x64/lib/python3.10/site-packages/torch/testing/_internal/common_utils.py", line 3226, in wrapper
    method(*args, **kwargs)
  File "/tmp/xpu-tool/Python/3.10.18/x64/lib/python3.10/site-packages/torch/testing/_internal/common_device_type.py", line 426, in instantiated_test
    result = test(self, **param_kwargs)
  File "/tmp/xpu-tool/Python/3.10.18/x64/lib/python3.10/site-packages/torch/testing/_internal/common_distributed.py", line 221, in wrapper
    return func(*args, **kwargs)
  File "/home/jenkins/actions-runner/_work/torch-xpu-ops/torch-xpu-ops/pytorch/test/distributed/fsdp/test_fsdp_core.py", line 189, in test_delayed_optim_step
    self.run_subtests(
  File "/tmp/xpu-tool/Python/3.10.18/x64/lib/python3.10/site-packages/torch/testing/_internal/common_fsdp.py", line 1188, in run_subtests
    return run_subtests(self, *args, **kwargs)
  File "/tmp/xpu-tool/Python/3.10.18/x64/lib/python3.10/site-packages/torch/testing/_internal/common_distributed.py", line 1147, in run_subtests
    test_fn(*test_args, **test_kwargs, **subtest_kwargs)
  File "/tmp/xpu-tool/Python/3.10.18/x64/lib/python3.10/site-packages/torch/testing/_internal/common_fsdp.py", line 1493, in _test_fsdp_parity
    self.assertEqual(
  File "/tmp/xpu-tool/Python/3.10.18/x64/lib/python3.10/site-packages/torch/testing/_internal/common_utils.py", line 4181, in assertEqual
    raise error_metas.pop()[0].to_error(  # type: ignore[index]
AssertionError: Tensor-likes are not close!

Mismatched elements: 32 / 32 (100.0%)
Greatest absolute difference: nan at index (0, 0) (up to 1e-05 allowed)
Greatest relative difference: nan at index (0, 0) (up to 1.3e-06 allowed)

The failure occurred for item [0]
FSDP did not match DDP

To execute this test, run the following from the base repo dir:
    PYTORCH_TEST_WITH_SLOW=1 python test/distributed/fsdp/test_fsdp_core.py TestParityWithDDPXPU.test_delayed_optim_step_offload_false_none_xpu

This message can be suppressed by setting PYTORCH_PRINT_REPRO_ON_FAILURE=0</failure></testcase><testcase classname="test.distributed.fsdp.test_fsdp_core.TestParityWithDDPXPU" name="test_delayed_optim_step_offload_false_shard_grad_op_xpu" time="56.995" /><testcase classname="test.distributed.fsdp.test_fsdp_core.TestParityWithDDPXPU" name="test_delayed_optim_step_offload_true_no_shard_xpu" time="47.474" /><testcase classname="test.distributed.fsdp.test_fsdp_core.TestParityWithDDPXPU" name="test_delayed_optim_step_offload_true_none_xpu" time="39.067"><failure message="RuntimeError: Process 1 exited with error code 10 and exception:&#10;Traceback (most recent call last):&#10;  File &quot;/tmp/xpu-tool/Python/3.10.18/x64/lib/python3.10/site-packages/torch/testing/_internal/common_distributed.py&quot;, line 864, in run_test&#10;    getattr(self, test_name)()&#10;  File &quot;/tmp/xpu-tool/Python/3.10.18/x64/lib/python3.10/site-packages/torch/testing/_internal/common_distributed.py&quot;, line 718, in wrapper&#10;    fn()&#10;  File &quot;/tmp/xpu-tool/Python/3.10.18/x64/lib/python3.10/site-packages/torch/testing/_internal/common_utils.py&quot;, line 3226, in wrapper&#10;    method(*args, **kwargs)&#10;  File &quot;/tmp/xpu-tool/Python/3.10.18/x64/lib/python3.10/site-packages/torch/testing/_internal/common_device_type.py&quot;, line 426, in instantiated_test&#10;    result = test(self, **param_kwargs)&#10;  File &quot;/tmp/xpu-tool/Python/3.10.18/x64/lib/python3.10/site-packages/torch/testing/_internal/common_distributed.py&quot;, line 221, in wrapper&#10;    return func(*args, **kwargs)&#10;  File &quot;/home/jenkins/actions-runner/_work/torch-xpu-ops/torch-xpu-ops/pytorch/test/distributed/fsdp/test_fsdp_core.py&quot;, line 189, in test_delayed_optim_step&#10;    self.run_subtests(&#10;  File &quot;/tmp/xpu-tool/Python/3.10.18/x64/lib/python3.10/site-packages/torch/testing/_internal/common_fsdp.py&quot;, line 1188, in run_subtests&#10;    return run_subtests(self, *args, **kwargs)&#10;  File &quot;/tmp/xpu-tool/Python/3.10.18/x64/lib/python3.10/site-packages/torch/testing/_internal/common_distributed.py&quot;, line 1147, in run_subtests&#10;    test_fn(*test_args, **test_kwargs, **subtest_kwargs)&#10;  File &quot;/tmp/xpu-tool/Python/3.10.18/x64/lib/python3.10/site-packages/torch/testing/_internal/common_fsdp.py&quot;, line 1493, in _test_fsdp_parity&#10;    self.assertEqual(&#10;  File &quot;/tmp/xpu-tool/Python/3.10.18/x64/lib/python3.10/site-packages/torch/testing/_internal/common_utils.py&quot;, line 4181, in assertEqual&#10;    raise error_metas.pop()[0].to_error(  # type: ignore[index]&#10;AssertionError: Tensor-likes are not close!&#10;&#10;Mismatched elements: 32 / 32 (100.0%)&#10;Greatest absolute difference: nan at index (0, 0) (up to 1e-05 allowed)&#10;Greatest relative difference: nan at index (0, 0) (up to 1.3e-06 allowed)&#10;&#10;The failure occurred for item [0]&#10;FSDP did not match DDP&#10;&#10;To execute this test, run the following from the base repo dir:&#10;    PYTORCH_TEST_WITH_SLOW=1 python test/distributed/fsdp/test_fsdp_core.py TestParityWithDDPXPU.test_delayed_optim_step_offload_true_none_xpu&#10;&#10;This message can be suppressed by setting PYTORCH_PRINT_REPRO_ON_FAILURE=0&#10;&#10;Process 2 exited with error code 10 and exception:&#10;Traceback (most recent call last):&#10;  File &quot;/tmp/xpu-tool/Python/3.10.18/x64/lib/python3.10/site-packages/torch/testing/_internal/common_distributed.py&quot;, line 864, in run_test&#10;    getattr(self, test_name)()&#10;  File &quot;/tmp/xpu-tool/Python/3.10.18/x64/lib/python3.10/site-packages/torch/testing/_internal/common_distributed.py&quot;, line 718, in wrapper&#10;    fn()&#10;  File &quot;/tmp/xpu-tool/Python/3.10.18/x64/lib/python3.10/site-packages/torch/testing/_internal/common_utils.py&quot;, line 3226, in wrapper&#10;    method(*args, **kwargs)&#10;  File &quot;/tmp/xpu-tool/Python/3.10.18/x64/lib/python3.10/site-packages/torch/testing/_internal/common_device_type.py&quot;, line 426, in instantiated_test&#10;    result = test(self, **param_kwargs)&#10;  File &quot;/tmp/xpu-tool/Python/3.10.18/x64/lib/python3.10/site-packages/torch/testing/_internal/common_distributed.py&quot;, line 221, in wrapper&#10;    return func(*args, **kwargs)&#10;  File &quot;/home/jenkins/actions-runner/_work/torch-xpu-ops/torch-xpu-ops/pytorch/test/distributed/fsdp/test_fsdp_core.py&quot;, line 189, in test_delayed_optim_step&#10;    self.run_subtests(&#10;  File &quot;/tmp/xpu-tool/Python/3.10.18/x64/lib/python3.10/site-packages/torch/testing/_internal/common_fsdp.py&quot;, line 1188, in run_subtests&#10;    return run_subtests(self, *args, **kwargs)&#10;  File &quot;/tmp/xpu-tool/Python/3.10.18/x64/lib/python3.10/site-packages/torch/testing/_internal/common_distributed.py&quot;, line 1147, in run_subtests&#10;    test_fn(*test_args, **test_kwargs, **subtest_kwargs)&#10;  File &quot;/tmp/xpu-tool/Python/3.10.18/x64/lib/python3.10/site-packages/torch/testing/_internal/common_fsdp.py&quot;, line 1493, in _test_fsdp_parity&#10;    self.assertEqual(&#10;  File &quot;/tmp/xpu-tool/Python/3.10.18/x64/lib/python3.10/site-packages/torch/testing/_internal/common_utils.py&quot;, line 4181, in assertEqual&#10;    raise error_metas.pop()[0].to_error(  # type: ignore[index]&#10;AssertionError: Tensor-likes are not close!&#10;&#10;Mismatched elements: 32 / 32 (100.0%)&#10;Greatest absolute difference: nan at index (0, 0) (up to 1e-05 allowed)&#10;Greatest relative difference: nan at index (0, 0) (up to 1.3e-06 allowed)&#10;&#10;The failure occurred for item [0]&#10;FSDP did not match DDP&#10;&#10;To execute this test, run the following from the base repo dir:&#10;    PYTORCH_TEST_WITH_SLOW=1 python test/distributed/fsdp/test_fsdp_core.py TestParityWithDDPXPU.test_delayed_optim_step_offload_true_none_xpu&#10;&#10;This message can be suppressed by setting PYTORCH_PRINT_REPRO_ON_FAILURE=0">Traceback (most recent call last):
  File "/tmp/xpu-tool/Python/3.10.18/x64/lib/python3.10/unittest/case.py", line 59, in testPartExecutor
    yield
  File "/tmp/xpu-tool/Python/3.10.18/x64/lib/python3.10/unittest/case.py", line 591, in run
    self._callTestMethod(testMethod)
  File "/tmp/xpu-tool/Python/3.10.18/x64/lib/python3.10/unittest/case.py", line 549, in _callTestMethod
    method()
  File "/tmp/xpu-tool/Python/3.10.18/x64/lib/python3.10/site-packages/torch/testing/_internal/common_distributed.py", line 716, in wrapper
    self._join_processes(fn)
  File "/tmp/xpu-tool/Python/3.10.18/x64/lib/python3.10/site-packages/torch/testing/_internal/common_distributed.py", line 980, in _join_processes
    self._check_return_codes(fn, elapsed_time)
  File "/tmp/xpu-tool/Python/3.10.18/x64/lib/python3.10/site-packages/torch/testing/_internal/common_distributed.py", line 1020, in _check_return_codes
    raise RuntimeError(error)
RuntimeError: Process 1 exited with error code 10 and exception:
Traceback (most recent call last):
  File "/tmp/xpu-tool/Python/3.10.18/x64/lib/python3.10/site-packages/torch/testing/_internal/common_distributed.py", line 864, in run_test
    getattr(self, test_name)()
  File "/tmp/xpu-tool/Python/3.10.18/x64/lib/python3.10/site-packages/torch/testing/_internal/common_distributed.py", line 718, in wrapper
    fn()
  File "/tmp/xpu-tool/Python/3.10.18/x64/lib/python3.10/site-packages/torch/testing/_internal/common_utils.py", line 3226, in wrapper
    method(*args, **kwargs)
  File "/tmp/xpu-tool/Python/3.10.18/x64/lib/python3.10/site-packages/torch/testing/_internal/common_device_type.py", line 426, in instantiated_test
    result = test(self, **param_kwargs)
  File "/tmp/xpu-tool/Python/3.10.18/x64/lib/python3.10/site-packages/torch/testing/_internal/common_distributed.py", line 221, in wrapper
    return func(*args, **kwargs)
  File "/home/jenkins/actions-runner/_work/torch-xpu-ops/torch-xpu-ops/pytorch/test/distributed/fsdp/test_fsdp_core.py", line 189, in test_delayed_optim_step
    self.run_subtests(
  File "/tmp/xpu-tool/Python/3.10.18/x64/lib/python3.10/site-packages/torch/testing/_internal/common_fsdp.py", line 1188, in run_subtests
    return run_subtests(self, *args, **kwargs)
  File "/tmp/xpu-tool/Python/3.10.18/x64/lib/python3.10/site-packages/torch/testing/_internal/common_distributed.py", line 1147, in run_subtests
    test_fn(*test_args, **test_kwargs, **subtest_kwargs)
  File "/tmp/xpu-tool/Python/3.10.18/x64/lib/python3.10/site-packages/torch/testing/_internal/common_fsdp.py", line 1493, in _test_fsdp_parity
    self.assertEqual(
  File "/tmp/xpu-tool/Python/3.10.18/x64/lib/python3.10/site-packages/torch/testing/_internal/common_utils.py", line 4181, in assertEqual
    raise error_metas.pop()[0].to_error(  # type: ignore[index]
AssertionError: Tensor-likes are not close!

Mismatched elements: 32 / 32 (100.0%)
Greatest absolute difference: nan at index (0, 0) (up to 1e-05 allowed)
Greatest relative difference: nan at index (0, 0) (up to 1.3e-06 allowed)

The failure occurred for item [0]
FSDP did not match DDP

To execute this test, run the following from the base repo dir:
    PYTORCH_TEST_WITH_SLOW=1 python test/distributed/fsdp/test_fsdp_core.py TestParityWithDDPXPU.test_delayed_optim_step_offload_true_none_xpu

This message can be suppressed by setting PYTORCH_PRINT_REPRO_ON_FAILURE=0

Process 2 exited with error code 10 and exception:
Traceback (most recent call last):
  File "/tmp/xpu-tool/Python/3.10.18/x64/lib/python3.10/site-packages/torch/testing/_internal/common_distributed.py", line 864, in run_test
    getattr(self, test_name)()
  File "/tmp/xpu-tool/Python/3.10.18/x64/lib/python3.10/site-packages/torch/testing/_internal/common_distributed.py", line 718, in wrapper
    fn()
  File "/tmp/xpu-tool/Python/3.10.18/x64/lib/python3.10/site-packages/torch/testing/_internal/common_utils.py", line 3226, in wrapper
    method(*args, **kwargs)
  File "/tmp/xpu-tool/Python/3.10.18/x64/lib/python3.10/site-packages/torch/testing/_internal/common_device_type.py", line 426, in instantiated_test
    result = test(self, **param_kwargs)
  File "/tmp/xpu-tool/Python/3.10.18/x64/lib/python3.10/site-packages/torch/testing/_internal/common_distributed.py", line 221, in wrapper
    return func(*args, **kwargs)
  File "/home/jenkins/actions-runner/_work/torch-xpu-ops/torch-xpu-ops/pytorch/test/distributed/fsdp/test_fsdp_core.py", line 189, in test_delayed_optim_step
    self.run_subtests(
  File "/tmp/xpu-tool/Python/3.10.18/x64/lib/python3.10/site-packages/torch/testing/_internal/common_fsdp.py", line 1188, in run_subtests
    return run_subtests(self, *args, **kwargs)
  File "/tmp/xpu-tool/Python/3.10.18/x64/lib/python3.10/site-packages/torch/testing/_internal/common_distributed.py", line 1147, in run_subtests
    test_fn(*test_args, **test_kwargs, **subtest_kwargs)
  File "/tmp/xpu-tool/Python/3.10.18/x64/lib/python3.10/site-packages/torch/testing/_internal/common_fsdp.py", line 1493, in _test_fsdp_parity
    self.assertEqual(
  File "/tmp/xpu-tool/Python/3.10.18/x64/lib/python3.10/site-packages/torch/testing/_internal/common_utils.py", line 4181, in assertEqual
    raise error_metas.pop()[0].to_error(  # type: ignore[index]
AssertionError: Tensor-likes are not close!

Mismatched elements: 32 / 32 (100.0%)
Greatest absolute difference: nan at index (0, 0) (up to 1e-05 allowed)
Greatest relative difference: nan at index (0, 0) (up to 1.3e-06 allowed)

The failure occurred for item [0]
FSDP did not match DDP

To execute this test, run the following from the base repo dir:
    PYTORCH_TEST_WITH_SLOW=1 python test/distributed/fsdp/test_fsdp_core.py TestParityWithDDPXPU.test_delayed_optim_step_offload_true_none_xpu

This message can be suppressed by setting PYTORCH_PRINT_REPRO_ON_FAILURE=0</failure></testcase><testcase classname="test.distributed.fsdp.test_fsdp_core.TestParityWithDDPXPU" name="test_delayed_optim_step_offload_true_shard_grad_op_xpu" time="62.999" /><testcase classname="test.distributed.fsdp.test_fsdp_core.TestParityWithDDPXPU" name="test_delayed_reduce_scatter_offload_false_no_shard_xpu" time="17.233" /><testcase classname="test.distributed.fsdp.test_fsdp_core.TestParityWithDDPXPU" name="test_delayed_reduce_scatter_offload_false_none_xpu" time="34.158"><failure message="RuntimeError: Process 1 exited with error code 10 and exception:&#10;Traceback (most recent call last):&#10;  File &quot;/tmp/xpu-tool/Python/3.10.18/x64/lib/python3.10/site-packages/torch/testing/_internal/common_distributed.py&quot;, line 864, in run_test&#10;    getattr(self, test_name)()&#10;  File &quot;/tmp/xpu-tool/Python/3.10.18/x64/lib/python3.10/site-packages/torch/testing/_internal/common_distributed.py&quot;, line 718, in wrapper&#10;    fn()&#10;  File &quot;/tmp/xpu-tool/Python/3.10.18/x64/lib/python3.10/site-packages/torch/testing/_internal/common_utils.py&quot;, line 3226, in wrapper&#10;    method(*args, **kwargs)&#10;  File &quot;/tmp/xpu-tool/Python/3.10.18/x64/lib/python3.10/site-packages/torch/testing/_internal/common_device_type.py&quot;, line 426, in instantiated_test&#10;    result = test(self, **param_kwargs)&#10;  File &quot;/tmp/xpu-tool/Python/3.10.18/x64/lib/python3.10/site-packages/torch/testing/_internal/common_distributed.py&quot;, line 221, in wrapper&#10;    return func(*args, **kwargs)&#10;  File &quot;/home/jenkins/actions-runner/_work/torch-xpu-ops/torch-xpu-ops/pytorch/test/distributed/fsdp/test_fsdp_core.py&quot;, line 210, in test_delayed_reduce_scatter&#10;    self.run_subtests(&#10;  File &quot;/tmp/xpu-tool/Python/3.10.18/x64/lib/python3.10/site-packages/torch/testing/_internal/common_fsdp.py&quot;, line 1188, in run_subtests&#10;    return run_subtests(self, *args, **kwargs)&#10;  File &quot;/tmp/xpu-tool/Python/3.10.18/x64/lib/python3.10/site-packages/torch/testing/_internal/common_distributed.py&quot;, line 1147, in run_subtests&#10;    test_fn(*test_args, **test_kwargs, **subtest_kwargs)&#10;  File &quot;/tmp/xpu-tool/Python/3.10.18/x64/lib/python3.10/site-packages/torch/testing/_internal/common_fsdp.py&quot;, line 1493, in _test_fsdp_parity&#10;    self.assertEqual(&#10;  File &quot;/tmp/xpu-tool/Python/3.10.18/x64/lib/python3.10/site-packages/torch/testing/_internal/common_utils.py&quot;, line 4181, in assertEqual&#10;    raise error_metas.pop()[0].to_error(  # type: ignore[index]&#10;AssertionError: Tensor-likes are not close!&#10;&#10;Mismatched elements: 32 / 32 (100.0%)&#10;Greatest absolute difference: nan at index (0, 0) (up to 1e-05 allowed)&#10;Greatest relative difference: nan at index (0, 0) (up to 1.3e-06 allowed)&#10;&#10;The failure occurred for item [0]&#10;FSDP did not match DDP&#10;&#10;To execute this test, run the following from the base repo dir:&#10;    PYTORCH_TEST_WITH_SLOW=1 python test/distributed/fsdp/test_fsdp_core.py TestParityWithDDPXPU.test_delayed_reduce_scatter_offload_false_none_xpu&#10;&#10;This message can be suppressed by setting PYTORCH_PRINT_REPRO_ON_FAILURE=0&#10;&#10;Process 3 exited with error code 10 and exception:&#10;Traceback (most recent call last):&#10;  File &quot;/tmp/xpu-tool/Python/3.10.18/x64/lib/python3.10/site-packages/torch/testing/_internal/common_distributed.py&quot;, line 864, in run_test&#10;    getattr(self, test_name)()&#10;  File &quot;/tmp/xpu-tool/Python/3.10.18/x64/lib/python3.10/site-packages/torch/testing/_internal/common_distributed.py&quot;, line 718, in wrapper&#10;    fn()&#10;  File &quot;/tmp/xpu-tool/Python/3.10.18/x64/lib/python3.10/site-packages/torch/testing/_internal/common_utils.py&quot;, line 3226, in wrapper&#10;    method(*args, **kwargs)&#10;  File &quot;/tmp/xpu-tool/Python/3.10.18/x64/lib/python3.10/site-packages/torch/testing/_internal/common_device_type.py&quot;, line 426, in instantiated_test&#10;    result = test(self, **param_kwargs)&#10;  File &quot;/tmp/xpu-tool/Python/3.10.18/x64/lib/python3.10/site-packages/torch/testing/_internal/common_distributed.py&quot;, line 221, in wrapper&#10;    return func(*args, **kwargs)&#10;  File &quot;/home/jenkins/actions-runner/_work/torch-xpu-ops/torch-xpu-ops/pytorch/test/distributed/fsdp/test_fsdp_core.py&quot;, line 210, in test_delayed_reduce_scatter&#10;    self.run_subtests(&#10;  File &quot;/tmp/xpu-tool/Python/3.10.18/x64/lib/python3.10/site-packages/torch/testing/_internal/common_fsdp.py&quot;, line 1188, in run_subtests&#10;    return run_subtests(self, *args, **kwargs)&#10;  File &quot;/tmp/xpu-tool/Python/3.10.18/x64/lib/python3.10/site-packages/torch/testing/_internal/common_distributed.py&quot;, line 1147, in run_subtests&#10;    test_fn(*test_args, **test_kwargs, **subtest_kwargs)&#10;  File &quot;/tmp/xpu-tool/Python/3.10.18/x64/lib/python3.10/site-packages/torch/testing/_internal/common_fsdp.py&quot;, line 1493, in _test_fsdp_parity&#10;    self.assertEqual(&#10;  File &quot;/tmp/xpu-tool/Python/3.10.18/x64/lib/python3.10/site-packages/torch/testing/_internal/common_utils.py&quot;, line 4181, in assertEqual&#10;    raise error_metas.pop()[0].to_error(  # type: ignore[index]&#10;AssertionError: Tensor-likes are not close!&#10;&#10;Mismatched elements: 32 / 32 (100.0%)&#10;Greatest absolute difference: nan at index (0, 0) (up to 1e-05 allowed)&#10;Greatest relative difference: nan at index (0, 0) (up to 1.3e-06 allowed)&#10;&#10;The failure occurred for item [0]&#10;FSDP did not match DDP&#10;&#10;To execute this test, run the following from the base repo dir:&#10;    PYTORCH_TEST_WITH_SLOW=1 python test/distributed/fsdp/test_fsdp_core.py TestParityWithDDPXPU.test_delayed_reduce_scatter_offload_false_none_xpu&#10;&#10;This message can be suppressed by setting PYTORCH_PRINT_REPRO_ON_FAILURE=0">Traceback (most recent call last):
  File "/tmp/xpu-tool/Python/3.10.18/x64/lib/python3.10/unittest/case.py", line 59, in testPartExecutor
    yield
  File "/tmp/xpu-tool/Python/3.10.18/x64/lib/python3.10/unittest/case.py", line 591, in run
    self._callTestMethod(testMethod)
  File "/tmp/xpu-tool/Python/3.10.18/x64/lib/python3.10/unittest/case.py", line 549, in _callTestMethod
    method()
  File "/tmp/xpu-tool/Python/3.10.18/x64/lib/python3.10/site-packages/torch/testing/_internal/common_distributed.py", line 716, in wrapper
    self._join_processes(fn)
  File "/tmp/xpu-tool/Python/3.10.18/x64/lib/python3.10/site-packages/torch/testing/_internal/common_distributed.py", line 980, in _join_processes
    self._check_return_codes(fn, elapsed_time)
  File "/tmp/xpu-tool/Python/3.10.18/x64/lib/python3.10/site-packages/torch/testing/_internal/common_distributed.py", line 1020, in _check_return_codes
    raise RuntimeError(error)
RuntimeError: Process 1 exited with error code 10 and exception:
Traceback (most recent call last):
  File "/tmp/xpu-tool/Python/3.10.18/x64/lib/python3.10/site-packages/torch/testing/_internal/common_distributed.py", line 864, in run_test
    getattr(self, test_name)()
  File "/tmp/xpu-tool/Python/3.10.18/x64/lib/python3.10/site-packages/torch/testing/_internal/common_distributed.py", line 718, in wrapper
    fn()
  File "/tmp/xpu-tool/Python/3.10.18/x64/lib/python3.10/site-packages/torch/testing/_internal/common_utils.py", line 3226, in wrapper
    method(*args, **kwargs)
  File "/tmp/xpu-tool/Python/3.10.18/x64/lib/python3.10/site-packages/torch/testing/_internal/common_device_type.py", line 426, in instantiated_test
    result = test(self, **param_kwargs)
  File "/tmp/xpu-tool/Python/3.10.18/x64/lib/python3.10/site-packages/torch/testing/_internal/common_distributed.py", line 221, in wrapper
    return func(*args, **kwargs)
  File "/home/jenkins/actions-runner/_work/torch-xpu-ops/torch-xpu-ops/pytorch/test/distributed/fsdp/test_fsdp_core.py", line 210, in test_delayed_reduce_scatter
    self.run_subtests(
  File "/tmp/xpu-tool/Python/3.10.18/x64/lib/python3.10/site-packages/torch/testing/_internal/common_fsdp.py", line 1188, in run_subtests
    return run_subtests(self, *args, **kwargs)
  File "/tmp/xpu-tool/Python/3.10.18/x64/lib/python3.10/site-packages/torch/testing/_internal/common_distributed.py", line 1147, in run_subtests
    test_fn(*test_args, **test_kwargs, **subtest_kwargs)
  File "/tmp/xpu-tool/Python/3.10.18/x64/lib/python3.10/site-packages/torch/testing/_internal/common_fsdp.py", line 1493, in _test_fsdp_parity
    self.assertEqual(
  File "/tmp/xpu-tool/Python/3.10.18/x64/lib/python3.10/site-packages/torch/testing/_internal/common_utils.py", line 4181, in assertEqual
    raise error_metas.pop()[0].to_error(  # type: ignore[index]
AssertionError: Tensor-likes are not close!

Mismatched elements: 32 / 32 (100.0%)
Greatest absolute difference: nan at index (0, 0) (up to 1e-05 allowed)
Greatest relative difference: nan at index (0, 0) (up to 1.3e-06 allowed)

The failure occurred for item [0]
FSDP did not match DDP

To execute this test, run the following from the base repo dir:
    PYTORCH_TEST_WITH_SLOW=1 python test/distributed/fsdp/test_fsdp_core.py TestParityWithDDPXPU.test_delayed_reduce_scatter_offload_false_none_xpu

This message can be suppressed by setting PYTORCH_PRINT_REPRO_ON_FAILURE=0

Process 3 exited with error code 10 and exception:
Traceback (most recent call last):
  File "/tmp/xpu-tool/Python/3.10.18/x64/lib/python3.10/site-packages/torch/testing/_internal/common_distributed.py", line 864, in run_test
    getattr(self, test_name)()
  File "/tmp/xpu-tool/Python/3.10.18/x64/lib/python3.10/site-packages/torch/testing/_internal/common_distributed.py", line 718, in wrapper
    fn()
  File "/tmp/xpu-tool/Python/3.10.18/x64/lib/python3.10/site-packages/torch/testing/_internal/common_utils.py", line 3226, in wrapper
    method(*args, **kwargs)
  File "/tmp/xpu-tool/Python/3.10.18/x64/lib/python3.10/site-packages/torch/testing/_internal/common_device_type.py", line 426, in instantiated_test
    result = test(self, **param_kwargs)
  File "/tmp/xpu-tool/Python/3.10.18/x64/lib/python3.10/site-packages/torch/testing/_internal/common_distributed.py", line 221, in wrapper
    return func(*args, **kwargs)
  File "/home/jenkins/actions-runner/_work/torch-xpu-ops/torch-xpu-ops/pytorch/test/distributed/fsdp/test_fsdp_core.py", line 210, in test_delayed_reduce_scatter
    self.run_subtests(
  File "/tmp/xpu-tool/Python/3.10.18/x64/lib/python3.10/site-packages/torch/testing/_internal/common_fsdp.py", line 1188, in run_subtests
    return run_subtests(self, *args, **kwargs)
  File "/tmp/xpu-tool/Python/3.10.18/x64/lib/python3.10/site-packages/torch/testing/_internal/common_distributed.py", line 1147, in run_subtests
    test_fn(*test_args, **test_kwargs, **subtest_kwargs)
  File "/tmp/xpu-tool/Python/3.10.18/x64/lib/python3.10/site-packages/torch/testing/_internal/common_fsdp.py", line 1493, in _test_fsdp_parity
    self.assertEqual(
  File "/tmp/xpu-tool/Python/3.10.18/x64/lib/python3.10/site-packages/torch/testing/_internal/common_utils.py", line 4181, in assertEqual
    raise error_metas.pop()[0].to_error(  # type: ignore[index]
AssertionError: Tensor-likes are not close!

Mismatched elements: 32 / 32 (100.0%)
Greatest absolute difference: nan at index (0, 0) (up to 1e-05 allowed)
Greatest relative difference: nan at index (0, 0) (up to 1.3e-06 allowed)

The failure occurred for item [0]
FSDP did not match DDP

To execute this test, run the following from the base repo dir:
    PYTORCH_TEST_WITH_SLOW=1 python test/distributed/fsdp/test_fsdp_core.py TestParityWithDDPXPU.test_delayed_reduce_scatter_offload_false_none_xpu

This message can be suppressed by setting PYTORCH_PRINT_REPRO_ON_FAILURE=0</failure></testcase><testcase classname="test.distributed.fsdp.test_fsdp_core.TestParityWithDDPXPU" name="test_delayed_reduce_scatter_offload_false_shard_grad_op_xpu" time="80.824" /><testcase classname="test.distributed.fsdp.test_fsdp_core.TestParityWithDDPXPU" name="test_delayed_reduce_scatter_offload_true_no_shard_xpu" time="17.333" /><testcase classname="test.distributed.fsdp.test_fsdp_core.TestParityWithDDPXPU" name="test_delayed_reduce_scatter_offload_true_none_xpu" time="33.559"><failure message="RuntimeError: Process 1 exited with error code 10 and exception:&#10;Traceback (most recent call last):&#10;  File &quot;/tmp/xpu-tool/Python/3.10.18/x64/lib/python3.10/site-packages/torch/testing/_internal/common_distributed.py&quot;, line 864, in run_test&#10;    getattr(self, test_name)()&#10;  File &quot;/tmp/xpu-tool/Python/3.10.18/x64/lib/python3.10/site-packages/torch/testing/_internal/common_distributed.py&quot;, line 718, in wrapper&#10;    fn()&#10;  File &quot;/tmp/xpu-tool/Python/3.10.18/x64/lib/python3.10/site-packages/torch/testing/_internal/common_utils.py&quot;, line 3226, in wrapper&#10;    method(*args, **kwargs)&#10;  File &quot;/tmp/xpu-tool/Python/3.10.18/x64/lib/python3.10/site-packages/torch/testing/_internal/common_device_type.py&quot;, line 426, in instantiated_test&#10;    result = test(self, **param_kwargs)&#10;  File &quot;/tmp/xpu-tool/Python/3.10.18/x64/lib/python3.10/site-packages/torch/testing/_internal/common_distributed.py&quot;, line 221, in wrapper&#10;    return func(*args, **kwargs)&#10;  File &quot;/home/jenkins/actions-runner/_work/torch-xpu-ops/torch-xpu-ops/pytorch/test/distributed/fsdp/test_fsdp_core.py&quot;, line 210, in test_delayed_reduce_scatter&#10;    self.run_subtests(&#10;  File &quot;/tmp/xpu-tool/Python/3.10.18/x64/lib/python3.10/site-packages/torch/testing/_internal/common_fsdp.py&quot;, line 1188, in run_subtests&#10;    return run_subtests(self, *args, **kwargs)&#10;  File &quot;/tmp/xpu-tool/Python/3.10.18/x64/lib/python3.10/site-packages/torch/testing/_internal/common_distributed.py&quot;, line 1147, in run_subtests&#10;    test_fn(*test_args, **test_kwargs, **subtest_kwargs)&#10;  File &quot;/tmp/xpu-tool/Python/3.10.18/x64/lib/python3.10/site-packages/torch/testing/_internal/common_fsdp.py&quot;, line 1493, in _test_fsdp_parity&#10;    self.assertEqual(&#10;  File &quot;/tmp/xpu-tool/Python/3.10.18/x64/lib/python3.10/site-packages/torch/testing/_internal/common_utils.py&quot;, line 4181, in assertEqual&#10;    raise error_metas.pop()[0].to_error(  # type: ignore[index]&#10;AssertionError: Tensor-likes are not close!&#10;&#10;Mismatched elements: 32 / 32 (100.0%)&#10;Greatest absolute difference: nan at index (0, 0) (up to 1e-05 allowed)&#10;Greatest relative difference: nan at index (0, 0) (up to 1.3e-06 allowed)&#10;&#10;The failure occurred for item [0]&#10;FSDP did not match DDP&#10;&#10;To execute this test, run the following from the base repo dir:&#10;    PYTORCH_TEST_WITH_SLOW=1 python test/distributed/fsdp/test_fsdp_core.py TestParityWithDDPXPU.test_delayed_reduce_scatter_offload_true_none_xpu&#10;&#10;This message can be suppressed by setting PYTORCH_PRINT_REPRO_ON_FAILURE=0">Traceback (most recent call last):
  File "/tmp/xpu-tool/Python/3.10.18/x64/lib/python3.10/unittest/case.py", line 59, in testPartExecutor
    yield
  File "/tmp/xpu-tool/Python/3.10.18/x64/lib/python3.10/unittest/case.py", line 591, in run
    self._callTestMethod(testMethod)
  File "/tmp/xpu-tool/Python/3.10.18/x64/lib/python3.10/unittest/case.py", line 549, in _callTestMethod
    method()
  File "/tmp/xpu-tool/Python/3.10.18/x64/lib/python3.10/site-packages/torch/testing/_internal/common_distributed.py", line 716, in wrapper
    self._join_processes(fn)
  File "/tmp/xpu-tool/Python/3.10.18/x64/lib/python3.10/site-packages/torch/testing/_internal/common_distributed.py", line 980, in _join_processes
    self._check_return_codes(fn, elapsed_time)
  File "/tmp/xpu-tool/Python/3.10.18/x64/lib/python3.10/site-packages/torch/testing/_internal/common_distributed.py", line 1020, in _check_return_codes
    raise RuntimeError(error)
RuntimeError: Process 1 exited with error code 10 and exception:
Traceback (most recent call last):
  File "/tmp/xpu-tool/Python/3.10.18/x64/lib/python3.10/site-packages/torch/testing/_internal/common_distributed.py", line 864, in run_test
    getattr(self, test_name)()
  File "/tmp/xpu-tool/Python/3.10.18/x64/lib/python3.10/site-packages/torch/testing/_internal/common_distributed.py", line 718, in wrapper
    fn()
  File "/tmp/xpu-tool/Python/3.10.18/x64/lib/python3.10/site-packages/torch/testing/_internal/common_utils.py", line 3226, in wrapper
    method(*args, **kwargs)
  File "/tmp/xpu-tool/Python/3.10.18/x64/lib/python3.10/site-packages/torch/testing/_internal/common_device_type.py", line 426, in instantiated_test
    result = test(self, **param_kwargs)
  File "/tmp/xpu-tool/Python/3.10.18/x64/lib/python3.10/site-packages/torch/testing/_internal/common_distributed.py", line 221, in wrapper
    return func(*args, **kwargs)
  File "/home/jenkins/actions-runner/_work/torch-xpu-ops/torch-xpu-ops/pytorch/test/distributed/fsdp/test_fsdp_core.py", line 210, in test_delayed_reduce_scatter
    self.run_subtests(
  File "/tmp/xpu-tool/Python/3.10.18/x64/lib/python3.10/site-packages/torch/testing/_internal/common_fsdp.py", line 1188, in run_subtests
    return run_subtests(self, *args, **kwargs)
  File "/tmp/xpu-tool/Python/3.10.18/x64/lib/python3.10/site-packages/torch/testing/_internal/common_distributed.py", line 1147, in run_subtests
    test_fn(*test_args, **test_kwargs, **subtest_kwargs)
  File "/tmp/xpu-tool/Python/3.10.18/x64/lib/python3.10/site-packages/torch/testing/_internal/common_fsdp.py", line 1493, in _test_fsdp_parity
    self.assertEqual(
  File "/tmp/xpu-tool/Python/3.10.18/x64/lib/python3.10/site-packages/torch/testing/_internal/common_utils.py", line 4181, in assertEqual
    raise error_metas.pop()[0].to_error(  # type: ignore[index]
AssertionError: Tensor-likes are not close!

Mismatched elements: 32 / 32 (100.0%)
Greatest absolute difference: nan at index (0, 0) (up to 1e-05 allowed)
Greatest relative difference: nan at index (0, 0) (up to 1.3e-06 allowed)

The failure occurred for item [0]
FSDP did not match DDP

To execute this test, run the following from the base repo dir:
    PYTORCH_TEST_WITH_SLOW=1 python test/distributed/fsdp/test_fsdp_core.py TestParityWithDDPXPU.test_delayed_reduce_scatter_offload_true_none_xpu

This message can be suppressed by setting PYTORCH_PRINT_REPRO_ON_FAILURE=0</failure></testcase><testcase classname="test.distributed.fsdp.test_fsdp_core.TestParityWithDDPXPU" name="test_delayed_reduce_scatter_offload_true_shard_grad_op_xpu" time="80.925" /><testcase classname="test.distributed.fsdp.test_fsdp_core.TestParityWithDDPXPU" name="test_mixture_of_experts_offload_false_no_shard_xpu" time="23.131" /><testcase classname="test.distributed.fsdp.test_fsdp_core.TestParityWithDDPXPU" name="test_mixture_of_experts_offload_false_none_xpu" time="38.660" /><testcase classname="test.distributed.fsdp.test_fsdp_core.TestParityWithDDPXPU" name="test_mixture_of_experts_offload_false_shard_grad_op_xpu" time="38.968" /><testcase classname="test.distributed.fsdp.test_fsdp_core.TestParityWithDDPXPU" name="test_mixture_of_experts_offload_true_no_shard_xpu" time="23.440" /><testcase classname="test.distributed.fsdp.test_fsdp_core.TestParityWithDDPXPU" name="test_mixture_of_experts_offload_true_none_xpu" time="39.168" /><testcase classname="test.distributed.fsdp.test_fsdp_core.TestParityWithDDPXPU" name="test_mixture_of_experts_offload_true_shard_grad_op_xpu" time="38.966" /><testcase classname="test.distributed.fsdp.test_fsdp_core.TestParityWithDDPXPU" name="test_mixture_of_experts_with_delay_before_free_offload_false_no_shard_xpu" time="47.256" /><testcase classname="test.distributed.fsdp.test_fsdp_core.TestParityWithDDPXPU" name="test_mixture_of_experts_with_delay_before_free_offload_false_none_xpu" time="62.600" /><testcase classname="test.distributed.fsdp.test_fsdp_core.TestParityWithDDPXPU" name="test_mixture_of_experts_with_delay_before_free_offload_false_shard_grad_op_xpu" time="63.001" /><testcase classname="test.distributed.fsdp.test_fsdp_core.TestParityWithDDPXPU" name="test_mixture_of_experts_with_delay_before_free_offload_true_no_shard_xpu" time="47.774" /><testcase classname="test.distributed.fsdp.test_fsdp_core.TestParityWithDDPXPU" name="test_mixture_of_experts_with_delay_before_free_offload_true_none_xpu" time="63.100" /><testcase classname="test.distributed.fsdp.test_fsdp_core.TestParityWithDDPXPU" name="test_mixture_of_experts_with_delay_before_free_offload_true_shard_grad_op_xpu" time="63.600" /><testcase classname="test.distributed.fsdp.test_fsdp_core.TestParityWithDDPXPU" name="test_nested_always_wrap_model_offload_false_no_shard_xpu" time="17.331" /><testcase classname="test.distributed.fsdp.test_fsdp_core.TestParityWithDDPXPU" name="test_nested_always_wrap_model_offload_false_none_xpu" time="32.852" /><testcase classname="test.distributed.fsdp.test_fsdp_core.TestParityWithDDPXPU" name="test_nested_always_wrap_model_offload_false_shard_grad_op_xpu" time="33.148" /><testcase classname="test.distributed.fsdp.test_fsdp_core.TestParityWithDDPXPU" name="test_nested_always_wrap_model_offload_true_no_shard_xpu" time="17.533" /><testcase classname="test.distributed.fsdp.test_fsdp_core.TestParityWithDDPXPU" name="test_nested_always_wrap_model_offload_true_none_xpu" time="33.159" /><testcase classname="test.distributed.fsdp.test_fsdp_core.TestParityWithDDPXPU" name="test_nested_always_wrap_model_offload_true_shard_grad_op_xpu" time="32.959" /><testcase classname="test.distributed.fsdp.test_fsdp_core.TestParityWithDDPXPU" name="test_nested_wrapped_model_offload_false_no_shard_xpu" time="17.333" /><testcase classname="test.distributed.fsdp.test_fsdp_core.TestParityWithDDPXPU" name="test_nested_wrapped_model_offload_false_none_xpu" time="31.754"><failure message="RuntimeError: Process 2 exited with error code 10 and exception:&#10;Traceback (most recent call last):&#10;  File &quot;/tmp/xpu-tool/Python/3.10.18/x64/lib/python3.10/site-packages/torch/testing/_internal/common_distributed.py&quot;, line 864, in run_test&#10;    getattr(self, test_name)()&#10;  File &quot;/tmp/xpu-tool/Python/3.10.18/x64/lib/python3.10/site-packages/torch/testing/_internal/common_distributed.py&quot;, line 718, in wrapper&#10;    fn()&#10;  File &quot;/tmp/xpu-tool/Python/3.10.18/x64/lib/python3.10/site-packages/torch/testing/_internal/common_utils.py&quot;, line 3226, in wrapper&#10;    method(*args, **kwargs)&#10;  File &quot;/tmp/xpu-tool/Python/3.10.18/x64/lib/python3.10/site-packages/torch/testing/_internal/common_device_type.py&quot;, line 426, in instantiated_test&#10;    result = test(self, **param_kwargs)&#10;  File &quot;/tmp/xpu-tool/Python/3.10.18/x64/lib/python3.10/site-packages/torch/testing/_internal/common_distributed.py&quot;, line 221, in wrapper&#10;    return func(*args, **kwargs)&#10;  File &quot;/home/jenkins/actions-runner/_work/torch-xpu-ops/torch-xpu-ops/pytorch/test/distributed/fsdp/test_fsdp_core.py&quot;, line 113, in test_nested_wrapped_model&#10;    self.run_subtests(&#10;  File &quot;/tmp/xpu-tool/Python/3.10.18/x64/lib/python3.10/site-packages/torch/testing/_internal/common_fsdp.py&quot;, line 1188, in run_subtests&#10;    return run_subtests(self, *args, **kwargs)&#10;  File &quot;/tmp/xpu-tool/Python/3.10.18/x64/lib/python3.10/site-packages/torch/testing/_internal/common_distributed.py&quot;, line 1147, in run_subtests&#10;    test_fn(*test_args, **test_kwargs, **subtest_kwargs)&#10;  File &quot;/tmp/xpu-tool/Python/3.10.18/x64/lib/python3.10/site-packages/torch/testing/_internal/common_fsdp.py&quot;, line 1493, in _test_fsdp_parity&#10;    self.assertEqual(&#10;  File &quot;/tmp/xpu-tool/Python/3.10.18/x64/lib/python3.10/site-packages/torch/testing/_internal/common_utils.py&quot;, line 4181, in assertEqual&#10;    raise error_metas.pop()[0].to_error(  # type: ignore[index]&#10;AssertionError: Tensor-likes are not close!&#10;&#10;Mismatched elements: 32 / 32 (100.0%)&#10;Greatest absolute difference: nan at index (0, 0) (up to 1e-05 allowed)&#10;Greatest relative difference: nan at index (0, 0) (up to 1.3e-06 allowed)&#10;&#10;The failure occurred for item [0]&#10;FSDP did not match DDP&#10;&#10;To execute this test, run the following from the base repo dir:&#10;    PYTORCH_TEST_WITH_SLOW=1 python test/distributed/fsdp/test_fsdp_core.py TestParityWithDDPXPU.test_nested_wrapped_model_offload_false_none_xpu&#10;&#10;This message can be suppressed by setting PYTORCH_PRINT_REPRO_ON_FAILURE=0&#10;&#10;Process 3 exited with error code 10 and exception:&#10;Traceback (most recent call last):&#10;  File &quot;/tmp/xpu-tool/Python/3.10.18/x64/lib/python3.10/site-packages/torch/testing/_internal/common_distributed.py&quot;, line 864, in run_test&#10;    getattr(self, test_name)()&#10;  File &quot;/tmp/xpu-tool/Python/3.10.18/x64/lib/python3.10/site-packages/torch/testing/_internal/common_distributed.py&quot;, line 718, in wrapper&#10;    fn()&#10;  File &quot;/tmp/xpu-tool/Python/3.10.18/x64/lib/python3.10/site-packages/torch/testing/_internal/common_utils.py&quot;, line 3226, in wrapper&#10;    method(*args, **kwargs)&#10;  File &quot;/tmp/xpu-tool/Python/3.10.18/x64/lib/python3.10/site-packages/torch/testing/_internal/common_device_type.py&quot;, line 426, in instantiated_test&#10;    result = test(self, **param_kwargs)&#10;  File &quot;/tmp/xpu-tool/Python/3.10.18/x64/lib/python3.10/site-packages/torch/testing/_internal/common_distributed.py&quot;, line 221, in wrapper&#10;    return func(*args, **kwargs)&#10;  File &quot;/home/jenkins/actions-runner/_work/torch-xpu-ops/torch-xpu-ops/pytorch/test/distributed/fsdp/test_fsdp_core.py&quot;, line 113, in test_nested_wrapped_model&#10;    self.run_subtests(&#10;  File &quot;/tmp/xpu-tool/Python/3.10.18/x64/lib/python3.10/site-packages/torch/testing/_internal/common_fsdp.py&quot;, line 1188, in run_subtests&#10;    return run_subtests(self, *args, **kwargs)&#10;  File &quot;/tmp/xpu-tool/Python/3.10.18/x64/lib/python3.10/site-packages/torch/testing/_internal/common_distributed.py&quot;, line 1147, in run_subtests&#10;    test_fn(*test_args, **test_kwargs, **subtest_kwargs)&#10;  File &quot;/tmp/xpu-tool/Python/3.10.18/x64/lib/python3.10/site-packages/torch/testing/_internal/common_fsdp.py&quot;, line 1493, in _test_fsdp_parity&#10;    self.assertEqual(&#10;  File &quot;/tmp/xpu-tool/Python/3.10.18/x64/lib/python3.10/site-packages/torch/testing/_internal/common_utils.py&quot;, line 4181, in assertEqual&#10;    raise error_metas.pop()[0].to_error(  # type: ignore[index]&#10;AssertionError: Tensor-likes are not close!&#10;&#10;Mismatched elements: 32 / 32 (100.0%)&#10;Greatest absolute difference: nan at index (0, 0) (up to 1e-05 allowed)&#10;Greatest relative difference: nan at index (0, 0) (up to 1.3e-06 allowed)&#10;&#10;The failure occurred for item [0]&#10;FSDP did not match DDP&#10;&#10;To execute this test, run the following from the base repo dir:&#10;    PYTORCH_TEST_WITH_SLOW=1 python test/distributed/fsdp/test_fsdp_core.py TestParityWithDDPXPU.test_nested_wrapped_model_offload_false_none_xpu&#10;&#10;This message can be suppressed by setting PYTORCH_PRINT_REPRO_ON_FAILURE=0">Traceback (most recent call last):
  File "/tmp/xpu-tool/Python/3.10.18/x64/lib/python3.10/unittest/case.py", line 59, in testPartExecutor
    yield
  File "/tmp/xpu-tool/Python/3.10.18/x64/lib/python3.10/unittest/case.py", line 591, in run
    self._callTestMethod(testMethod)
  File "/tmp/xpu-tool/Python/3.10.18/x64/lib/python3.10/unittest/case.py", line 549, in _callTestMethod
    method()
  File "/tmp/xpu-tool/Python/3.10.18/x64/lib/python3.10/site-packages/torch/testing/_internal/common_distributed.py", line 716, in wrapper
    self._join_processes(fn)
  File "/tmp/xpu-tool/Python/3.10.18/x64/lib/python3.10/site-packages/torch/testing/_internal/common_distributed.py", line 980, in _join_processes
    self._check_return_codes(fn, elapsed_time)
  File "/tmp/xpu-tool/Python/3.10.18/x64/lib/python3.10/site-packages/torch/testing/_internal/common_distributed.py", line 1020, in _check_return_codes
    raise RuntimeError(error)
RuntimeError: Process 2 exited with error code 10 and exception:
Traceback (most recent call last):
  File "/tmp/xpu-tool/Python/3.10.18/x64/lib/python3.10/site-packages/torch/testing/_internal/common_distributed.py", line 864, in run_test
    getattr(self, test_name)()
  File "/tmp/xpu-tool/Python/3.10.18/x64/lib/python3.10/site-packages/torch/testing/_internal/common_distributed.py", line 718, in wrapper
    fn()
  File "/tmp/xpu-tool/Python/3.10.18/x64/lib/python3.10/site-packages/torch/testing/_internal/common_utils.py", line 3226, in wrapper
    method(*args, **kwargs)
  File "/tmp/xpu-tool/Python/3.10.18/x64/lib/python3.10/site-packages/torch/testing/_internal/common_device_type.py", line 426, in instantiated_test
    result = test(self, **param_kwargs)
  File "/tmp/xpu-tool/Python/3.10.18/x64/lib/python3.10/site-packages/torch/testing/_internal/common_distributed.py", line 221, in wrapper
    return func(*args, **kwargs)
  File "/home/jenkins/actions-runner/_work/torch-xpu-ops/torch-xpu-ops/pytorch/test/distributed/fsdp/test_fsdp_core.py", line 113, in test_nested_wrapped_model
    self.run_subtests(
  File "/tmp/xpu-tool/Python/3.10.18/x64/lib/python3.10/site-packages/torch/testing/_internal/common_fsdp.py", line 1188, in run_subtests
    return run_subtests(self, *args, **kwargs)
  File "/tmp/xpu-tool/Python/3.10.18/x64/lib/python3.10/site-packages/torch/testing/_internal/common_distributed.py", line 1147, in run_subtests
    test_fn(*test_args, **test_kwargs, **subtest_kwargs)
  File "/tmp/xpu-tool/Python/3.10.18/x64/lib/python3.10/site-packages/torch/testing/_internal/common_fsdp.py", line 1493, in _test_fsdp_parity
    self.assertEqual(
  File "/tmp/xpu-tool/Python/3.10.18/x64/lib/python3.10/site-packages/torch/testing/_internal/common_utils.py", line 4181, in assertEqual
    raise error_metas.pop()[0].to_error(  # type: ignore[index]
AssertionError: Tensor-likes are not close!

Mismatched elements: 32 / 32 (100.0%)
Greatest absolute difference: nan at index (0, 0) (up to 1e-05 allowed)
Greatest relative difference: nan at index (0, 0) (up to 1.3e-06 allowed)

The failure occurred for item [0]
FSDP did not match DDP

To execute this test, run the following from the base repo dir:
    PYTORCH_TEST_WITH_SLOW=1 python test/distributed/fsdp/test_fsdp_core.py TestParityWithDDPXPU.test_nested_wrapped_model_offload_false_none_xpu

This message can be suppressed by setting PYTORCH_PRINT_REPRO_ON_FAILURE=0

Process 3 exited with error code 10 and exception:
Traceback (most recent call last):
  File "/tmp/xpu-tool/Python/3.10.18/x64/lib/python3.10/site-packages/torch/testing/_internal/common_distributed.py", line 864, in run_test
    getattr(self, test_name)()
  File "/tmp/xpu-tool/Python/3.10.18/x64/lib/python3.10/site-packages/torch/testing/_internal/common_distributed.py", line 718, in wrapper
    fn()
  File "/tmp/xpu-tool/Python/3.10.18/x64/lib/python3.10/site-packages/torch/testing/_internal/common_utils.py", line 3226, in wrapper
    method(*args, **kwargs)
  File "/tmp/xpu-tool/Python/3.10.18/x64/lib/python3.10/site-packages/torch/testing/_internal/common_device_type.py", line 426, in instantiated_test
    result = test(self, **param_kwargs)
  File "/tmp/xpu-tool/Python/3.10.18/x64/lib/python3.10/site-packages/torch/testing/_internal/common_distributed.py", line 221, in wrapper
    return func(*args, **kwargs)
  File "/home/jenkins/actions-runner/_work/torch-xpu-ops/torch-xpu-ops/pytorch/test/distributed/fsdp/test_fsdp_core.py", line 113, in test_nested_wrapped_model
    self.run_subtests(
  File "/tmp/xpu-tool/Python/3.10.18/x64/lib/python3.10/site-packages/torch/testing/_internal/common_fsdp.py", line 1188, in run_subtests
    return run_subtests(self, *args, **kwargs)
  File "/tmp/xpu-tool/Python/3.10.18/x64/lib/python3.10/site-packages/torch/testing/_internal/common_distributed.py", line 1147, in run_subtests
    test_fn(*test_args, **test_kwargs, **subtest_kwargs)
  File "/tmp/xpu-tool/Python/3.10.18/x64/lib/python3.10/site-packages/torch/testing/_internal/common_fsdp.py", line 1493, in _test_fsdp_parity
    self.assertEqual(
  File "/tmp/xpu-tool/Python/3.10.18/x64/lib/python3.10/site-packages/torch/testing/_internal/common_utils.py", line 4181, in assertEqual
    raise error_metas.pop()[0].to_error(  # type: ignore[index]
AssertionError: Tensor-likes are not close!

Mismatched elements: 32 / 32 (100.0%)
Greatest absolute difference: nan at index (0, 0) (up to 1e-05 allowed)
Greatest relative difference: nan at index (0, 0) (up to 1.3e-06 allowed)

The failure occurred for item [0]
FSDP did not match DDP

To execute this test, run the following from the base repo dir:
    PYTORCH_TEST_WITH_SLOW=1 python test/distributed/fsdp/test_fsdp_core.py TestParityWithDDPXPU.test_nested_wrapped_model_offload_false_none_xpu

This message can be suppressed by setting PYTORCH_PRINT_REPRO_ON_FAILURE=0</failure></testcase><testcase classname="test.distributed.fsdp.test_fsdp_core.TestParityWithDDPXPU" name="test_nested_wrapped_model_offload_false_shard_grad_op_xpu" time="32.659" /><testcase classname="test.distributed.fsdp.test_fsdp_core.TestParityWithDDPXPU" name="test_nested_wrapped_model_offload_true_no_shard_xpu" time="17.433" /><testcase classname="test.distributed.fsdp.test_fsdp_core.TestParityWithDDPXPU" name="test_nested_wrapped_model_offload_true_none_xpu" time="31.757"><failure message="RuntimeError: Process 1 exited with error code 10 and exception:&#10;Traceback (most recent call last):&#10;  File &quot;/tmp/xpu-tool/Python/3.10.18/x64/lib/python3.10/site-packages/torch/testing/_internal/common_distributed.py&quot;, line 864, in run_test&#10;    getattr(self, test_name)()&#10;  File &quot;/tmp/xpu-tool/Python/3.10.18/x64/lib/python3.10/site-packages/torch/testing/_internal/common_distributed.py&quot;, line 718, in wrapper&#10;    fn()&#10;  File &quot;/tmp/xpu-tool/Python/3.10.18/x64/lib/python3.10/site-packages/torch/testing/_internal/common_utils.py&quot;, line 3226, in wrapper&#10;    method(*args, **kwargs)&#10;  File &quot;/tmp/xpu-tool/Python/3.10.18/x64/lib/python3.10/site-packages/torch/testing/_internal/common_device_type.py&quot;, line 426, in instantiated_test&#10;    result = test(self, **param_kwargs)&#10;  File &quot;/tmp/xpu-tool/Python/3.10.18/x64/lib/python3.10/site-packages/torch/testing/_internal/common_distributed.py&quot;, line 221, in wrapper&#10;    return func(*args, **kwargs)&#10;  File &quot;/home/jenkins/actions-runner/_work/torch-xpu-ops/torch-xpu-ops/pytorch/test/distributed/fsdp/test_fsdp_core.py&quot;, line 113, in test_nested_wrapped_model&#10;    self.run_subtests(&#10;  File &quot;/tmp/xpu-tool/Python/3.10.18/x64/lib/python3.10/site-packages/torch/testing/_internal/common_fsdp.py&quot;, line 1188, in run_subtests&#10;    return run_subtests(self, *args, **kwargs)&#10;  File &quot;/tmp/xpu-tool/Python/3.10.18/x64/lib/python3.10/site-packages/torch/testing/_internal/common_distributed.py&quot;, line 1147, in run_subtests&#10;    test_fn(*test_args, **test_kwargs, **subtest_kwargs)&#10;  File &quot;/tmp/xpu-tool/Python/3.10.18/x64/lib/python3.10/site-packages/torch/testing/_internal/common_fsdp.py&quot;, line 1493, in _test_fsdp_parity&#10;    self.assertEqual(&#10;  File &quot;/tmp/xpu-tool/Python/3.10.18/x64/lib/python3.10/site-packages/torch/testing/_internal/common_utils.py&quot;, line 4181, in assertEqual&#10;    raise error_metas.pop()[0].to_error(  # type: ignore[index]&#10;AssertionError: Tensor-likes are not close!&#10;&#10;Mismatched elements: 32 / 32 (100.0%)&#10;Greatest absolute difference: nan at index (0, 0) (up to 1e-05 allowed)&#10;Greatest relative difference: nan at index (0, 0) (up to 1.3e-06 allowed)&#10;&#10;The failure occurred for item [0]&#10;FSDP did not match DDP&#10;&#10;To execute this test, run the following from the base repo dir:&#10;    PYTORCH_TEST_WITH_SLOW=1 python test/distributed/fsdp/test_fsdp_core.py TestParityWithDDPXPU.test_nested_wrapped_model_offload_true_none_xpu&#10;&#10;This message can be suppressed by setting PYTORCH_PRINT_REPRO_ON_FAILURE=0&#10;&#10;Process 3 exited with error code 10 and exception:&#10;Traceback (most recent call last):&#10;  File &quot;/tmp/xpu-tool/Python/3.10.18/x64/lib/python3.10/site-packages/torch/testing/_internal/common_distributed.py&quot;, line 864, in run_test&#10;    getattr(self, test_name)()&#10;  File &quot;/tmp/xpu-tool/Python/3.10.18/x64/lib/python3.10/site-packages/torch/testing/_internal/common_distributed.py&quot;, line 718, in wrapper&#10;    fn()&#10;  File &quot;/tmp/xpu-tool/Python/3.10.18/x64/lib/python3.10/site-packages/torch/testing/_internal/common_utils.py&quot;, line 3226, in wrapper&#10;    method(*args, **kwargs)&#10;  File &quot;/tmp/xpu-tool/Python/3.10.18/x64/lib/python3.10/site-packages/torch/testing/_internal/common_device_type.py&quot;, line 426, in instantiated_test&#10;    result = test(self, **param_kwargs)&#10;  File &quot;/tmp/xpu-tool/Python/3.10.18/x64/lib/python3.10/site-packages/torch/testing/_internal/common_distributed.py&quot;, line 221, in wrapper&#10;    return func(*args, **kwargs)&#10;  File &quot;/home/jenkins/actions-runner/_work/torch-xpu-ops/torch-xpu-ops/pytorch/test/distributed/fsdp/test_fsdp_core.py&quot;, line 113, in test_nested_wrapped_model&#10;    self.run_subtests(&#10;  File &quot;/tmp/xpu-tool/Python/3.10.18/x64/lib/python3.10/site-packages/torch/testing/_internal/common_fsdp.py&quot;, line 1188, in run_subtests&#10;    return run_subtests(self, *args, **kwargs)&#10;  File &quot;/tmp/xpu-tool/Python/3.10.18/x64/lib/python3.10/site-packages/torch/testing/_internal/common_distributed.py&quot;, line 1147, in run_subtests&#10;    test_fn(*test_args, **test_kwargs, **subtest_kwargs)&#10;  File &quot;/tmp/xpu-tool/Python/3.10.18/x64/lib/python3.10/site-packages/torch/testing/_internal/common_fsdp.py&quot;, line 1493, in _test_fsdp_parity&#10;    self.assertEqual(&#10;  File &quot;/tmp/xpu-tool/Python/3.10.18/x64/lib/python3.10/site-packages/torch/testing/_internal/common_utils.py&quot;, line 4181, in assertEqual&#10;    raise error_metas.pop()[0].to_error(  # type: ignore[index]&#10;AssertionError: Tensor-likes are not close!&#10;&#10;Mismatched elements: 32 / 32 (100.0%)&#10;Greatest absolute difference: nan at index (0, 0) (up to 1e-05 allowed)&#10;Greatest relative difference: nan at index (0, 0) (up to 1.3e-06 allowed)&#10;&#10;The failure occurred for item [0]&#10;FSDP did not match DDP&#10;&#10;To execute this test, run the following from the base repo dir:&#10;    PYTORCH_TEST_WITH_SLOW=1 python test/distributed/fsdp/test_fsdp_core.py TestParityWithDDPXPU.test_nested_wrapped_model_offload_true_none_xpu&#10;&#10;This message can be suppressed by setting PYTORCH_PRINT_REPRO_ON_FAILURE=0">Traceback (most recent call last):
  File "/tmp/xpu-tool/Python/3.10.18/x64/lib/python3.10/unittest/case.py", line 59, in testPartExecutor
    yield
  File "/tmp/xpu-tool/Python/3.10.18/x64/lib/python3.10/unittest/case.py", line 591, in run
    self._callTestMethod(testMethod)
  File "/tmp/xpu-tool/Python/3.10.18/x64/lib/python3.10/unittest/case.py", line 549, in _callTestMethod
    method()
  File "/tmp/xpu-tool/Python/3.10.18/x64/lib/python3.10/site-packages/torch/testing/_internal/common_distributed.py", line 716, in wrapper
    self._join_processes(fn)
  File "/tmp/xpu-tool/Python/3.10.18/x64/lib/python3.10/site-packages/torch/testing/_internal/common_distributed.py", line 980, in _join_processes
    self._check_return_codes(fn, elapsed_time)
  File "/tmp/xpu-tool/Python/3.10.18/x64/lib/python3.10/site-packages/torch/testing/_internal/common_distributed.py", line 1020, in _check_return_codes
    raise RuntimeError(error)
RuntimeError: Process 1 exited with error code 10 and exception:
Traceback (most recent call last):
  File "/tmp/xpu-tool/Python/3.10.18/x64/lib/python3.10/site-packages/torch/testing/_internal/common_distributed.py", line 864, in run_test
    getattr(self, test_name)()
  File "/tmp/xpu-tool/Python/3.10.18/x64/lib/python3.10/site-packages/torch/testing/_internal/common_distributed.py", line 718, in wrapper
    fn()
  File "/tmp/xpu-tool/Python/3.10.18/x64/lib/python3.10/site-packages/torch/testing/_internal/common_utils.py", line 3226, in wrapper
    method(*args, **kwargs)
  File "/tmp/xpu-tool/Python/3.10.18/x64/lib/python3.10/site-packages/torch/testing/_internal/common_device_type.py", line 426, in instantiated_test
    result = test(self, **param_kwargs)
  File "/tmp/xpu-tool/Python/3.10.18/x64/lib/python3.10/site-packages/torch/testing/_internal/common_distributed.py", line 221, in wrapper
    return func(*args, **kwargs)
  File "/home/jenkins/actions-runner/_work/torch-xpu-ops/torch-xpu-ops/pytorch/test/distributed/fsdp/test_fsdp_core.py", line 113, in test_nested_wrapped_model
    self.run_subtests(
  File "/tmp/xpu-tool/Python/3.10.18/x64/lib/python3.10/site-packages/torch/testing/_internal/common_fsdp.py", line 1188, in run_subtests
    return run_subtests(self, *args, **kwargs)
  File "/tmp/xpu-tool/Python/3.10.18/x64/lib/python3.10/site-packages/torch/testing/_internal/common_distributed.py", line 1147, in run_subtests
    test_fn(*test_args, **test_kwargs, **subtest_kwargs)
  File "/tmp/xpu-tool/Python/3.10.18/x64/lib/python3.10/site-packages/torch/testing/_internal/common_fsdp.py", line 1493, in _test_fsdp_parity
    self.assertEqual(
  File "/tmp/xpu-tool/Python/3.10.18/x64/lib/python3.10/site-packages/torch/testing/_internal/common_utils.py", line 4181, in assertEqual
    raise error_metas.pop()[0].to_error(  # type: ignore[index]
AssertionError: Tensor-likes are not close!

Mismatched elements: 32 / 32 (100.0%)
Greatest absolute difference: nan at index (0, 0) (up to 1e-05 allowed)
Greatest relative difference: nan at index (0, 0) (up to 1.3e-06 allowed)

The failure occurred for item [0]
FSDP did not match DDP

To execute this test, run the following from the base repo dir:
    PYTORCH_TEST_WITH_SLOW=1 python test/distributed/fsdp/test_fsdp_core.py TestParityWithDDPXPU.test_nested_wrapped_model_offload_true_none_xpu

This message can be suppressed by setting PYTORCH_PRINT_REPRO_ON_FAILURE=0

Process 3 exited with error code 10 and exception:
Traceback (most recent call last):
  File "/tmp/xpu-tool/Python/3.10.18/x64/lib/python3.10/site-packages/torch/testing/_internal/common_distributed.py", line 864, in run_test
    getattr(self, test_name)()
  File "/tmp/xpu-tool/Python/3.10.18/x64/lib/python3.10/site-packages/torch/testing/_internal/common_distributed.py", line 718, in wrapper
    fn()
  File "/tmp/xpu-tool/Python/3.10.18/x64/lib/python3.10/site-packages/torch/testing/_internal/common_utils.py", line 3226, in wrapper
    method(*args, **kwargs)
  File "/tmp/xpu-tool/Python/3.10.18/x64/lib/python3.10/site-packages/torch/testing/_internal/common_device_type.py", line 426, in instantiated_test
    result = test(self, **param_kwargs)
  File "/tmp/xpu-tool/Python/3.10.18/x64/lib/python3.10/site-packages/torch/testing/_internal/common_distributed.py", line 221, in wrapper
    return func(*args, **kwargs)
  File "/home/jenkins/actions-runner/_work/torch-xpu-ops/torch-xpu-ops/pytorch/test/distributed/fsdp/test_fsdp_core.py", line 113, in test_nested_wrapped_model
    self.run_subtests(
  File "/tmp/xpu-tool/Python/3.10.18/x64/lib/python3.10/site-packages/torch/testing/_internal/common_fsdp.py", line 1188, in run_subtests
    return run_subtests(self, *args, **kwargs)
  File "/tmp/xpu-tool/Python/3.10.18/x64/lib/python3.10/site-packages/torch/testing/_internal/common_distributed.py", line 1147, in run_subtests
    test_fn(*test_args, **test_kwargs, **subtest_kwargs)
  File "/tmp/xpu-tool/Python/3.10.18/x64/lib/python3.10/site-packages/torch/testing/_internal/common_fsdp.py", line 1493, in _test_fsdp_parity
    self.assertEqual(
  File "/tmp/xpu-tool/Python/3.10.18/x64/lib/python3.10/site-packages/torch/testing/_internal/common_utils.py", line 4181, in assertEqual
    raise error_metas.pop()[0].to_error(  # type: ignore[index]
AssertionError: Tensor-likes are not close!

Mismatched elements: 32 / 32 (100.0%)
Greatest absolute difference: nan at index (0, 0) (up to 1e-05 allowed)
Greatest relative difference: nan at index (0, 0) (up to 1.3e-06 allowed)

The failure occurred for item [0]
FSDP did not match DDP

To execute this test, run the following from the base repo dir:
    PYTORCH_TEST_WITH_SLOW=1 python test/distributed/fsdp/test_fsdp_core.py TestParityWithDDPXPU.test_nested_wrapped_model_offload_true_none_xpu

This message can be suppressed by setting PYTORCH_PRINT_REPRO_ON_FAILURE=0</failure></testcase><testcase classname="test.distributed.fsdp.test_fsdp_core.TestParityWithDDPXPU" name="test_nested_wrapped_model_offload_true_shard_grad_op_xpu" time="32.861" /><testcase classname="test.distributed.fsdp.test_fsdp_core.TestParityWithDDPXPU" name="test_nested_wrapped_model_single_iteration_mixed_precision_offload_false_no_shard_xpu" time="16.734" /><testcase classname="test.distributed.fsdp.test_fsdp_core.TestParityWithDDPXPU" name="test_nested_wrapped_model_single_iteration_mixed_precision_offload_false_none_xpu" time="17.033" /><testcase classname="test.distributed.fsdp.test_fsdp_core.TestParityWithDDPXPU" name="test_nested_wrapped_model_single_iteration_mixed_precision_offload_false_shard_grad_op_xpu" time="17.133" /><testcase classname="test.distributed.fsdp.test_fsdp_core.TestParityWithDDPXPU" name="test_nested_wrapped_model_single_iteration_mixed_precision_offload_true_no_shard_xpu" time="16.743" /><testcase classname="test.distributed.fsdp.test_fsdp_core.TestParityWithDDPXPU" name="test_nested_wrapped_model_single_iteration_mixed_precision_offload_true_none_xpu" time="17.034" /><testcase classname="test.distributed.fsdp.test_fsdp_core.TestParityWithDDPXPU" name="test_nested_wrapped_model_single_iteration_mixed_precision_offload_true_shard_grad_op_xpu" time="17.234" /><testcase classname="test.distributed.fsdp.test_fsdp_core.TestParityWithDDPXPU" name="test_transformer_offload_false_no_shard_xpu" time="19.736" /><testcase classname="test.distributed.fsdp.test_fsdp_core.TestParityWithDDPXPU" name="test_transformer_offload_false_none_xpu" time="32.151"><failure message="RuntimeError: Process 1 exited with error code 10 and exception:&#10;Traceback (most recent call last):&#10;  File &quot;/tmp/xpu-tool/Python/3.10.18/x64/lib/python3.10/site-packages/torch/testing/_internal/common_distributed.py&quot;, line 864, in run_test&#10;    getattr(self, test_name)()&#10;  File &quot;/tmp/xpu-tool/Python/3.10.18/x64/lib/python3.10/site-packages/torch/testing/_internal/common_distributed.py&quot;, line 718, in wrapper&#10;    fn()&#10;  File &quot;/tmp/xpu-tool/Python/3.10.18/x64/lib/python3.10/site-packages/torch/testing/_internal/common_utils.py&quot;, line 3226, in wrapper&#10;    method(*args, **kwargs)&#10;  File &quot;/tmp/xpu-tool/Python/3.10.18/x64/lib/python3.10/site-packages/torch/testing/_internal/common_device_type.py&quot;, line 426, in instantiated_test&#10;    result = test(self, **param_kwargs)&#10;  File &quot;/tmp/xpu-tool/Python/3.10.18/x64/lib/python3.10/site-packages/torch/testing/_internal/common_distributed.py&quot;, line 221, in wrapper&#10;    return func(*args, **kwargs)&#10;  File &quot;/home/jenkins/actions-runner/_work/torch-xpu-ops/torch-xpu-ops/pytorch/test/distributed/fsdp/test_fsdp_core.py&quot;, line 168, in test_transformer&#10;    self.run_subtests(&#10;  File &quot;/tmp/xpu-tool/Python/3.10.18/x64/lib/python3.10/site-packages/torch/testing/_internal/common_fsdp.py&quot;, line 1188, in run_subtests&#10;    return run_subtests(self, *args, **kwargs)&#10;  File &quot;/tmp/xpu-tool/Python/3.10.18/x64/lib/python3.10/site-packages/torch/testing/_internal/common_distributed.py&quot;, line 1147, in run_subtests&#10;    test_fn(*test_args, **test_kwargs, **subtest_kwargs)&#10;  File &quot;/tmp/xpu-tool/Python/3.10.18/x64/lib/python3.10/site-packages/torch/testing/_internal/common_fsdp.py&quot;, line 1484, in _test_fsdp_parity&#10;    torch.testing.assert_close(ref_loss, fsdp_loss, check_dtype=False)&#10;  File &quot;/tmp/xpu-tool/Python/3.10.18/x64/lib/python3.10/site-packages/torch/testing/_comparison.py&quot;, line 1589, in assert_close&#10;    raise error_metas[0].to_error(msg)&#10;AssertionError: Scalars are not close!&#10;&#10;Expected 17.723793029785156 but got 17.822208404541016.&#10;Absolute difference: 0.09841537475585938 (up to 1e-05 allowed)&#10;Relative difference: 0.0055527264728532175 (up to 1.3e-06 allowed)&#10;&#10;To execute this test, run the following from the base repo dir:&#10;    PYTORCH_TEST_WITH_SLOW=1 python test/distributed/fsdp/test_fsdp_core.py TestParityWithDDPXPU.test_transformer_offload_false_none_xpu&#10;&#10;This message can be suppressed by setting PYTORCH_PRINT_REPRO_ON_FAILURE=0">Traceback (most recent call last):
  File "/tmp/xpu-tool/Python/3.10.18/x64/lib/python3.10/unittest/case.py", line 59, in testPartExecutor
    yield
  File "/tmp/xpu-tool/Python/3.10.18/x64/lib/python3.10/unittest/case.py", line 591, in run
    self._callTestMethod(testMethod)
  File "/tmp/xpu-tool/Python/3.10.18/x64/lib/python3.10/unittest/case.py", line 549, in _callTestMethod
    method()
  File "/tmp/xpu-tool/Python/3.10.18/x64/lib/python3.10/site-packages/torch/testing/_internal/common_distributed.py", line 716, in wrapper
    self._join_processes(fn)
  File "/tmp/xpu-tool/Python/3.10.18/x64/lib/python3.10/site-packages/torch/testing/_internal/common_distributed.py", line 980, in _join_processes
    self._check_return_codes(fn, elapsed_time)
  File "/tmp/xpu-tool/Python/3.10.18/x64/lib/python3.10/site-packages/torch/testing/_internal/common_distributed.py", line 1020, in _check_return_codes
    raise RuntimeError(error)
RuntimeError: Process 1 exited with error code 10 and exception:
Traceback (most recent call last):
  File "/tmp/xpu-tool/Python/3.10.18/x64/lib/python3.10/site-packages/torch/testing/_internal/common_distributed.py", line 864, in run_test
    getattr(self, test_name)()
  File "/tmp/xpu-tool/Python/3.10.18/x64/lib/python3.10/site-packages/torch/testing/_internal/common_distributed.py", line 718, in wrapper
    fn()
  File "/tmp/xpu-tool/Python/3.10.18/x64/lib/python3.10/site-packages/torch/testing/_internal/common_utils.py", line 3226, in wrapper
    method(*args, **kwargs)
  File "/tmp/xpu-tool/Python/3.10.18/x64/lib/python3.10/site-packages/torch/testing/_internal/common_device_type.py", line 426, in instantiated_test
    result = test(self, **param_kwargs)
  File "/tmp/xpu-tool/Python/3.10.18/x64/lib/python3.10/site-packages/torch/testing/_internal/common_distributed.py", line 221, in wrapper
    return func(*args, **kwargs)
  File "/home/jenkins/actions-runner/_work/torch-xpu-ops/torch-xpu-ops/pytorch/test/distributed/fsdp/test_fsdp_core.py", line 168, in test_transformer
    self.run_subtests(
  File "/tmp/xpu-tool/Python/3.10.18/x64/lib/python3.10/site-packages/torch/testing/_internal/common_fsdp.py", line 1188, in run_subtests
    return run_subtests(self, *args, **kwargs)
  File "/tmp/xpu-tool/Python/3.10.18/x64/lib/python3.10/site-packages/torch/testing/_internal/common_distributed.py", line 1147, in run_subtests
    test_fn(*test_args, **test_kwargs, **subtest_kwargs)
  File "/tmp/xpu-tool/Python/3.10.18/x64/lib/python3.10/site-packages/torch/testing/_internal/common_fsdp.py", line 1484, in _test_fsdp_parity
    torch.testing.assert_close(ref_loss, fsdp_loss, check_dtype=False)
  File "/tmp/xpu-tool/Python/3.10.18/x64/lib/python3.10/site-packages/torch/testing/_comparison.py", line 1589, in assert_close
    raise error_metas[0].to_error(msg)
AssertionError: Scalars are not close!

Expected 17.723793029785156 but got 17.822208404541016.
Absolute difference: 0.09841537475585938 (up to 1e-05 allowed)
Relative difference: 0.0055527264728532175 (up to 1.3e-06 allowed)

To execute this test, run the following from the base repo dir:
    PYTORCH_TEST_WITH_SLOW=1 python test/distributed/fsdp/test_fsdp_core.py TestParityWithDDPXPU.test_transformer_offload_false_none_xpu

This message can be suppressed by setting PYTORCH_PRINT_REPRO_ON_FAILURE=0</failure></testcase><testcase classname="test.distributed.fsdp.test_fsdp_core.TestParityWithDDPXPU" name="test_transformer_offload_false_shard_grad_op_xpu" time="35.164" /><testcase classname="test.distributed.fsdp.test_fsdp_core.TestParityWithDDPXPU" name="test_transformer_offload_true_no_shard_xpu" time="20.527" /><testcase classname="test.distributed.fsdp.test_fsdp_core.TestParityWithDDPXPU" name="test_transformer_offload_true_none_xpu" time="32.160"><failure message="RuntimeError: Process 1 exited with error code 10 and exception:&#10;Traceback (most recent call last):&#10;  File &quot;/tmp/xpu-tool/Python/3.10.18/x64/lib/python3.10/site-packages/torch/testing/_internal/common_distributed.py&quot;, line 864, in run_test&#10;    getattr(self, test_name)()&#10;  File &quot;/tmp/xpu-tool/Python/3.10.18/x64/lib/python3.10/site-packages/torch/testing/_internal/common_distributed.py&quot;, line 718, in wrapper&#10;    fn()&#10;  File &quot;/tmp/xpu-tool/Python/3.10.18/x64/lib/python3.10/site-packages/torch/testing/_internal/common_utils.py&quot;, line 3226, in wrapper&#10;    method(*args, **kwargs)&#10;  File &quot;/tmp/xpu-tool/Python/3.10.18/x64/lib/python3.10/site-packages/torch/testing/_internal/common_device_type.py&quot;, line 426, in instantiated_test&#10;    result = test(self, **param_kwargs)&#10;  File &quot;/tmp/xpu-tool/Python/3.10.18/x64/lib/python3.10/site-packages/torch/testing/_internal/common_distributed.py&quot;, line 221, in wrapper&#10;    return func(*args, **kwargs)&#10;  File &quot;/home/jenkins/actions-runner/_work/torch-xpu-ops/torch-xpu-ops/pytorch/test/distributed/fsdp/test_fsdp_core.py&quot;, line 168, in test_transformer&#10;    self.run_subtests(&#10;  File &quot;/tmp/xpu-tool/Python/3.10.18/x64/lib/python3.10/site-packages/torch/testing/_internal/common_fsdp.py&quot;, line 1188, in run_subtests&#10;    return run_subtests(self, *args, **kwargs)&#10;  File &quot;/tmp/xpu-tool/Python/3.10.18/x64/lib/python3.10/site-packages/torch/testing/_internal/common_distributed.py&quot;, line 1147, in run_subtests&#10;    test_fn(*test_args, **test_kwargs, **subtest_kwargs)&#10;  File &quot;/tmp/xpu-tool/Python/3.10.18/x64/lib/python3.10/site-packages/torch/testing/_internal/common_fsdp.py&quot;, line 1484, in _test_fsdp_parity&#10;    torch.testing.assert_close(ref_loss, fsdp_loss, check_dtype=False)&#10;  File &quot;/tmp/xpu-tool/Python/3.10.18/x64/lib/python3.10/site-packages/torch/testing/_comparison.py&quot;, line 1589, in assert_close&#10;    raise error_metas[0].to_error(msg)&#10;AssertionError: Scalars are not close!&#10;&#10;Expected 17.723793029785156 but got 17.822208404541016.&#10;Absolute difference: 0.09841537475585938 (up to 1e-05 allowed)&#10;Relative difference: 0.0055527264728532175 (up to 1.3e-06 allowed)&#10;&#10;To execute this test, run the following from the base repo dir:&#10;    PYTORCH_TEST_WITH_SLOW=1 python test/distributed/fsdp/test_fsdp_core.py TestParityWithDDPXPU.test_transformer_offload_true_none_xpu&#10;&#10;This message can be suppressed by setting PYTORCH_PRINT_REPRO_ON_FAILURE=0&#10;&#10;Process 2 exited with error code 10 and exception:&#10;Traceback (most recent call last):&#10;  File &quot;/tmp/xpu-tool/Python/3.10.18/x64/lib/python3.10/site-packages/torch/testing/_internal/common_distributed.py&quot;, line 864, in run_test&#10;    getattr(self, test_name)()&#10;  File &quot;/tmp/xpu-tool/Python/3.10.18/x64/lib/python3.10/site-packages/torch/testing/_internal/common_distributed.py&quot;, line 718, in wrapper&#10;    fn()&#10;  File &quot;/tmp/xpu-tool/Python/3.10.18/x64/lib/python3.10/site-packages/torch/testing/_internal/common_utils.py&quot;, line 3226, in wrapper&#10;    method(*args, **kwargs)&#10;  File &quot;/tmp/xpu-tool/Python/3.10.18/x64/lib/python3.10/site-packages/torch/testing/_internal/common_device_type.py&quot;, line 426, in instantiated_test&#10;    result = test(self, **param_kwargs)&#10;  File &quot;/tmp/xpu-tool/Python/3.10.18/x64/lib/python3.10/site-packages/torch/testing/_internal/common_distributed.py&quot;, line 221, in wrapper&#10;    return func(*args, **kwargs)&#10;  File &quot;/home/jenkins/actions-runner/_work/torch-xpu-ops/torch-xpu-ops/pytorch/test/distributed/fsdp/test_fsdp_core.py&quot;, line 168, in test_transformer&#10;    self.run_subtests(&#10;  File &quot;/tmp/xpu-tool/Python/3.10.18/x64/lib/python3.10/site-packages/torch/testing/_internal/common_fsdp.py&quot;, line 1188, in run_subtests&#10;    return run_subtests(self, *args, **kwargs)&#10;  File &quot;/tmp/xpu-tool/Python/3.10.18/x64/lib/python3.10/site-packages/torch/testing/_internal/common_distributed.py&quot;, line 1147, in run_subtests&#10;    test_fn(*test_args, **test_kwargs, **subtest_kwargs)&#10;  File &quot;/tmp/xpu-tool/Python/3.10.18/x64/lib/python3.10/site-packages/torch/testing/_internal/common_fsdp.py&quot;, line 1484, in _test_fsdp_parity&#10;    torch.testing.assert_close(ref_loss, fsdp_loss, check_dtype=False)&#10;  File &quot;/tmp/xpu-tool/Python/3.10.18/x64/lib/python3.10/site-packages/torch/testing/_comparison.py&quot;, line 1589, in assert_close&#10;    raise error_metas[0].to_error(msg)&#10;AssertionError: Scalars are not close!&#10;&#10;Expected 17.723793029785156 but got 17.822208404541016.&#10;Absolute difference: 0.09841537475585938 (up to 1e-05 allowed)&#10;Relative difference: 0.0055527264728532175 (up to 1.3e-06 allowed)&#10;&#10;To execute this test, run the following from the base repo dir:&#10;    PYTORCH_TEST_WITH_SLOW=1 python test/distributed/fsdp/test_fsdp_core.py TestParityWithDDPXPU.test_transformer_offload_true_none_xpu&#10;&#10;This message can be suppressed by setting PYTORCH_PRINT_REPRO_ON_FAILURE=0">Traceback (most recent call last):
  File "/tmp/xpu-tool/Python/3.10.18/x64/lib/python3.10/unittest/case.py", line 59, in testPartExecutor
    yield
  File "/tmp/xpu-tool/Python/3.10.18/x64/lib/python3.10/unittest/case.py", line 591, in run
    self._callTestMethod(testMethod)
  File "/tmp/xpu-tool/Python/3.10.18/x64/lib/python3.10/unittest/case.py", line 549, in _callTestMethod
    method()
  File "/tmp/xpu-tool/Python/3.10.18/x64/lib/python3.10/site-packages/torch/testing/_internal/common_distributed.py", line 716, in wrapper
    self._join_processes(fn)
  File "/tmp/xpu-tool/Python/3.10.18/x64/lib/python3.10/site-packages/torch/testing/_internal/common_distributed.py", line 980, in _join_processes
    self._check_return_codes(fn, elapsed_time)
  File "/tmp/xpu-tool/Python/3.10.18/x64/lib/python3.10/site-packages/torch/testing/_internal/common_distributed.py", line 1020, in _check_return_codes
    raise RuntimeError(error)
RuntimeError: Process 1 exited with error code 10 and exception:
Traceback (most recent call last):
  File "/tmp/xpu-tool/Python/3.10.18/x64/lib/python3.10/site-packages/torch/testing/_internal/common_distributed.py", line 864, in run_test
    getattr(self, test_name)()
  File "/tmp/xpu-tool/Python/3.10.18/x64/lib/python3.10/site-packages/torch/testing/_internal/common_distributed.py", line 718, in wrapper
    fn()
  File "/tmp/xpu-tool/Python/3.10.18/x64/lib/python3.10/site-packages/torch/testing/_internal/common_utils.py", line 3226, in wrapper
    method(*args, **kwargs)
  File "/tmp/xpu-tool/Python/3.10.18/x64/lib/python3.10/site-packages/torch/testing/_internal/common_device_type.py", line 426, in instantiated_test
    result = test(self, **param_kwargs)
  File "/tmp/xpu-tool/Python/3.10.18/x64/lib/python3.10/site-packages/torch/testing/_internal/common_distributed.py", line 221, in wrapper
    return func(*args, **kwargs)
  File "/home/jenkins/actions-runner/_work/torch-xpu-ops/torch-xpu-ops/pytorch/test/distributed/fsdp/test_fsdp_core.py", line 168, in test_transformer
    self.run_subtests(
  File "/tmp/xpu-tool/Python/3.10.18/x64/lib/python3.10/site-packages/torch/testing/_internal/common_fsdp.py", line 1188, in run_subtests
    return run_subtests(self, *args, **kwargs)
  File "/tmp/xpu-tool/Python/3.10.18/x64/lib/python3.10/site-packages/torch/testing/_internal/common_distributed.py", line 1147, in run_subtests
    test_fn(*test_args, **test_kwargs, **subtest_kwargs)
  File "/tmp/xpu-tool/Python/3.10.18/x64/lib/python3.10/site-packages/torch/testing/_internal/common_fsdp.py", line 1484, in _test_fsdp_parity
    torch.testing.assert_close(ref_loss, fsdp_loss, check_dtype=False)
  File "/tmp/xpu-tool/Python/3.10.18/x64/lib/python3.10/site-packages/torch/testing/_comparison.py", line 1589, in assert_close
    raise error_metas[0].to_error(msg)
AssertionError: Scalars are not close!

Expected 17.723793029785156 but got 17.822208404541016.
Absolute difference: 0.09841537475585938 (up to 1e-05 allowed)
Relative difference: 0.0055527264728532175 (up to 1.3e-06 allowed)

To execute this test, run the following from the base repo dir:
    PYTORCH_TEST_WITH_SLOW=1 python test/distributed/fsdp/test_fsdp_core.py TestParityWithDDPXPU.test_transformer_offload_true_none_xpu

This message can be suppressed by setting PYTORCH_PRINT_REPRO_ON_FAILURE=0

Process 2 exited with error code 10 and exception:
Traceback (most recent call last):
  File "/tmp/xpu-tool/Python/3.10.18/x64/lib/python3.10/site-packages/torch/testing/_internal/common_distributed.py", line 864, in run_test
    getattr(self, test_name)()
  File "/tmp/xpu-tool/Python/3.10.18/x64/lib/python3.10/site-packages/torch/testing/_internal/common_distributed.py", line 718, in wrapper
    fn()
  File "/tmp/xpu-tool/Python/3.10.18/x64/lib/python3.10/site-packages/torch/testing/_internal/common_utils.py", line 3226, in wrapper
    method(*args, **kwargs)
  File "/tmp/xpu-tool/Python/3.10.18/x64/lib/python3.10/site-packages/torch/testing/_internal/common_device_type.py", line 426, in instantiated_test
    result = test(self, **param_kwargs)
  File "/tmp/xpu-tool/Python/3.10.18/x64/lib/python3.10/site-packages/torch/testing/_internal/common_distributed.py", line 221, in wrapper
    return func(*args, **kwargs)
  File "/home/jenkins/actions-runner/_work/torch-xpu-ops/torch-xpu-ops/pytorch/test/distributed/fsdp/test_fsdp_core.py", line 168, in test_transformer
    self.run_subtests(
  File "/tmp/xpu-tool/Python/3.10.18/x64/lib/python3.10/site-packages/torch/testing/_internal/common_fsdp.py", line 1188, in run_subtests
    return run_subtests(self, *args, **kwargs)
  File "/tmp/xpu-tool/Python/3.10.18/x64/lib/python3.10/site-packages/torch/testing/_internal/common_distributed.py", line 1147, in run_subtests
    test_fn(*test_args, **test_kwargs, **subtest_kwargs)
  File "/tmp/xpu-tool/Python/3.10.18/x64/lib/python3.10/site-packages/torch/testing/_internal/common_fsdp.py", line 1484, in _test_fsdp_parity
    torch.testing.assert_close(ref_loss, fsdp_loss, check_dtype=False)
  File "/tmp/xpu-tool/Python/3.10.18/x64/lib/python3.10/site-packages/torch/testing/_comparison.py", line 1589, in assert_close
    raise error_metas[0].to_error(msg)
AssertionError: Scalars are not close!

Expected 17.723793029785156 but got 17.822208404541016.
Absolute difference: 0.09841537475585938 (up to 1e-05 allowed)
Relative difference: 0.0055527264728532175 (up to 1.3e-06 allowed)

To execute this test, run the following from the base repo dir:
    PYTORCH_TEST_WITH_SLOW=1 python test/distributed/fsdp/test_fsdp_core.py TestParityWithDDPXPU.test_transformer_offload_true_none_xpu

This message can be suppressed by setting PYTORCH_PRINT_REPRO_ON_FAILURE=0</failure></testcase><testcase classname="test.distributed.fsdp.test_fsdp_core.TestParityWithDDPXPU" name="test_transformer_offload_true_shard_grad_op_xpu" time="36.367" /><testcase classname="test.distributed.fsdp.test_fsdp_core.TestNoGradXPU" name="test_transformer_no_grad_mixed_precision_False_xpu" time="32.160" /><testcase classname="test.distributed.fsdp.test_fsdp_core.TestNoGradXPU" name="test_transformer_no_grad_mixed_precision_True_xpu" time="31.958"><failure message="RuntimeError: Process 3 exited with error code 10 and exception:&#10;Traceback (most recent call last):&#10;  File &quot;/tmp/xpu-tool/Python/3.10.18/x64/lib/python3.10/site-packages/torch/testing/_internal/common_distributed.py&quot;, line 864, in run_test&#10;    getattr(self, test_name)()&#10;  File &quot;/tmp/xpu-tool/Python/3.10.18/x64/lib/python3.10/site-packages/torch/testing/_internal/common_distributed.py&quot;, line 718, in wrapper&#10;    fn()&#10;  File &quot;/tmp/xpu-tool/Python/3.10.18/x64/lib/python3.10/site-packages/torch/testing/_internal/common_utils.py&quot;, line 3226, in wrapper&#10;    method(*args, **kwargs)&#10;  File &quot;/tmp/xpu-tool/Python/3.10.18/x64/lib/python3.10/site-packages/torch/testing/_internal/common_device_type.py&quot;, line 426, in instantiated_test&#10;    result = test(self, **param_kwargs)&#10;  File &quot;/tmp/xpu-tool/Python/3.10.18/x64/lib/python3.10/site-packages/torch/testing/_internal/common_distributed.py&quot;, line 221, in wrapper&#10;    return func(*args, **kwargs)&#10;  File &quot;/home/jenkins/actions-runner/_work/torch-xpu-ops/torch-xpu-ops/pytorch/test/distributed/fsdp/test_fsdp_core.py&quot;, line 434, in test_transformer_no_grad&#10;    self.assertEqual(ref_output, no_grad_output)&#10;  File &quot;/tmp/xpu-tool/Python/3.10.18/x64/lib/python3.10/site-packages/torch/testing/_internal/common_utils.py&quot;, line 4181, in assertEqual&#10;    raise error_metas.pop()[0].to_error(  # type: ignore[index]&#10;AssertionError: Tensor-likes are not close!&#10;&#10;Mismatched elements: 68 / 184 (37.0%)&#10;Greatest absolute difference: 0.01171875 at index (0, 1, 12) (up to 1e-05 allowed)&#10;Greatest relative difference: 0.08544921875 at index (3, 0, 14) (up to 0.001 allowed)&#10;&#10;To execute this test, run the following from the base repo dir:&#10;    PYTORCH_TEST_WITH_SLOW=1 python test/distributed/fsdp/test_fsdp_core.py TestNoGradXPU.test_transformer_no_grad_mixed_precision_True_xpu&#10;&#10;This message can be suppressed by setting PYTORCH_PRINT_REPRO_ON_FAILURE=0">Traceback (most recent call last):
  File "/tmp/xpu-tool/Python/3.10.18/x64/lib/python3.10/unittest/case.py", line 59, in testPartExecutor
    yield
  File "/tmp/xpu-tool/Python/3.10.18/x64/lib/python3.10/unittest/case.py", line 591, in run
    self._callTestMethod(testMethod)
  File "/tmp/xpu-tool/Python/3.10.18/x64/lib/python3.10/unittest/case.py", line 549, in _callTestMethod
    method()
  File "/tmp/xpu-tool/Python/3.10.18/x64/lib/python3.10/site-packages/torch/testing/_internal/common_distributed.py", line 716, in wrapper
    self._join_processes(fn)
  File "/tmp/xpu-tool/Python/3.10.18/x64/lib/python3.10/site-packages/torch/testing/_internal/common_distributed.py", line 980, in _join_processes
    self._check_return_codes(fn, elapsed_time)
  File "/tmp/xpu-tool/Python/3.10.18/x64/lib/python3.10/site-packages/torch/testing/_internal/common_distributed.py", line 1020, in _check_return_codes
    raise RuntimeError(error)
RuntimeError: Process 3 exited with error code 10 and exception:
Traceback (most recent call last):
  File "/tmp/xpu-tool/Python/3.10.18/x64/lib/python3.10/site-packages/torch/testing/_internal/common_distributed.py", line 864, in run_test
    getattr(self, test_name)()
  File "/tmp/xpu-tool/Python/3.10.18/x64/lib/python3.10/site-packages/torch/testing/_internal/common_distributed.py", line 718, in wrapper
    fn()
  File "/tmp/xpu-tool/Python/3.10.18/x64/lib/python3.10/site-packages/torch/testing/_internal/common_utils.py", line 3226, in wrapper
    method(*args, **kwargs)
  File "/tmp/xpu-tool/Python/3.10.18/x64/lib/python3.10/site-packages/torch/testing/_internal/common_device_type.py", line 426, in instantiated_test
    result = test(self, **param_kwargs)
  File "/tmp/xpu-tool/Python/3.10.18/x64/lib/python3.10/site-packages/torch/testing/_internal/common_distributed.py", line 221, in wrapper
    return func(*args, **kwargs)
  File "/home/jenkins/actions-runner/_work/torch-xpu-ops/torch-xpu-ops/pytorch/test/distributed/fsdp/test_fsdp_core.py", line 434, in test_transformer_no_grad
    self.assertEqual(ref_output, no_grad_output)
  File "/tmp/xpu-tool/Python/3.10.18/x64/lib/python3.10/site-packages/torch/testing/_internal/common_utils.py", line 4181, in assertEqual
    raise error_metas.pop()[0].to_error(  # type: ignore[index]
AssertionError: Tensor-likes are not close!

Mismatched elements: 68 / 184 (37.0%)
Greatest absolute difference: 0.01171875 at index (0, 1, 12) (up to 1e-05 allowed)
Greatest relative difference: 0.08544921875 at index (3, 0, 14) (up to 0.001 allowed)

To execute this test, run the following from the base repo dir:
    PYTORCH_TEST_WITH_SLOW=1 python test/distributed/fsdp/test_fsdp_core.py TestNoGradXPU.test_transformer_no_grad_mixed_precision_True_xpu

This message can be suppressed by setting PYTORCH_PRINT_REPRO_ON_FAILURE=0</failure></testcase><testcase classname="test.distributed.fsdp.test_fsdp_core.TestParamInitXPU" name="test_param_change_after_init_mixed_precision_False_xpu" time="16.632" /><testcase classname="test.distributed.fsdp.test_fsdp_core.TestParamInitXPU" name="test_param_change_after_init_mixed_precision_True_xpu" time="16.631" /><testcase classname="test.distributed.fsdp.test_fsdp_core.TestAutogradXPU" name="test_unshard_params_as_tensors_xpu" time="31.957" /></testsuite></testsuites>