<?xml version="1.0" encoding="utf-8"?><testsuites><testsuite name="pytest" errors="0" failures="1" skipped="0" tests="1" time="18.625" timestamp="2025-08-30T13:33:53.850962" hostname="dut7358"><testcase classname="test.distributed.checkpoint.test_fsdp_tp_checkpoint_conversion.TestFsdpTpCheckpointConversion" name="test_fsdp_to_tp" time="16.328"><failure message="AssertionError: Scalars are not equal!&#10;&#10;Expected 0 but got -6.&#10;Absolute difference: 6&#10;Relative difference: inf&#10;Expected exit code 0 but got -6 for pid: 2490661">Traceback (most recent call last):
  File "/tmp/xpu-tool/Python/3.10.18/x64/lib/python3.10/site-packages/torch/testing/_internal/common_distributed.py", line 716, in wrapper
    self._join_processes(fn)
  File "/tmp/xpu-tool/Python/3.10.18/x64/lib/python3.10/site-packages/torch/testing/_internal/common_distributed.py", line 980, in _join_processes
    self._check_return_codes(fn, elapsed_time)
  File "/tmp/xpu-tool/Python/3.10.18/x64/lib/python3.10/site-packages/torch/testing/_internal/common_distributed.py", line 1056, in _check_return_codes
    self.assertEqual(
  File "/tmp/xpu-tool/Python/3.10.18/x64/lib/python3.10/site-packages/torch/testing/_internal/common_utils.py", line 4181, in assertEqual
    raise error_metas.pop()[0].to_error(  # type: ignore[index]
AssertionError: Scalars are not equal!

Expected 0 but got -6.
Absolute difference: 6
Relative difference: inf
Expected exit code 0 but got -6 for pid: 2490661</failure></testcase></testsuite></testsuites>