<?xml version="1.0" encoding="utf-8"?><testsuites><testsuite name="pytest" errors="0" failures="6" skipped="0" tests="6" time="189.119" timestamp="2025-08-22T09:26:52.289396" hostname="dut7358"><testcase classname="test.distributed.fsdp.test_fsdp_grad_acc.TestGradAcc" name="test_grad_acc_configs0_use_orig_params_False" time="28.753"><failure message="RuntimeError: Process 0 exited with error code 10 and exception:&#10;Traceback (most recent call last):&#10;  File &quot;/home/jenkins/.conda/envs/xpu_op_/lib/python3.10/site-packages/torch/testing/_internal/common_distributed.py&quot;, line 864, in run_test&#10;    getattr(self, test_name)()&#10;  File &quot;/home/jenkins/.conda/envs/xpu_op_/lib/python3.10/site-packages/torch/testing/_internal/common_distributed.py&quot;, line 718, in wrapper&#10;    fn()&#10;  File &quot;/home/jenkins/.conda/envs/xpu_op_/lib/python3.10/site-packages/torch/testing/_internal/common_utils.py&quot;, line 3226, in wrapper&#10;    method(*args, **kwargs)&#10;  File &quot;/home/jenkins/.conda/envs/xpu_op_/lib/python3.10/site-packages/torch/testing/_internal/common_utils.py&quot;, line 553, in instantiated_test&#10;    test(self, **param_kwargs)&#10;  File &quot;/home/jenkins/.conda/envs/xpu_op_/lib/python3.10/site-packages/torch/testing/_internal/common_distributed.py&quot;, line 221, in wrapper&#10;    return func(*args, **kwargs)&#10;  File &quot;/home/jenkins/actions-runner/_work/torch-xpu-ops/pytorch/test/distributed/fsdp/test_fsdp_grad_acc.py&quot;, line 269, in test_grad_acc&#10;    self.run_subtests(&#10;  File &quot;/home/jenkins/.conda/envs/xpu_op_/lib/python3.10/site-packages/torch/testing/_internal/common_fsdp.py&quot;, line 1188, in run_subtests&#10;    return run_subtests(self, *args, **kwargs)&#10;  File &quot;/home/jenkins/.conda/envs/xpu_op_/lib/python3.10/site-packages/torch/testing/_internal/common_distributed.py&quot;, line 1147, in run_subtests&#10;    test_fn(*test_args, **test_kwargs, **subtest_kwargs)&#10;  File &quot;/home/jenkins/actions-runner/_work/torch-xpu-ops/pytorch/test/distributed/fsdp/test_fsdp_grad_acc.py&quot;, line 212, in _test_grad_acc&#10;    torch.testing.assert_close(ref_grad, acc_grad)&#10;  File &quot;/home/jenkins/.conda/envs/xpu_op_/lib/python3.10/site-packages/torch/testing/_comparison.py&quot;, line 1589, in assert_close&#10;    raise error_metas[0].to_error(msg)&#10;AssertionError: Tensor-likes are not close!&#10;&#10;Mismatched elements: 192 / 228 (84.2%)&#10;Greatest absolute difference: 0.4939103126525879 at index (105,) (up to 1e-05 allowed)&#10;Greatest relative difference: 4.714433193206787 at index (103,) (up to 1.3e-06 allowed)&#10;&#10;To execute this test, run the following from the base repo dir:&#10;    PYTORCH_TEST_WITH_SLOW=1 python test/distributed/fsdp/test_fsdp_grad_acc.py TestGradAcc.test_grad_acc_configs0_use_orig_params_False&#10;&#10;This message can be suppressed by setting PYTORCH_PRINT_REPRO_ON_FAILURE=0&#10;&#10;Process 1 exited with error code 10 and exception:&#10;Traceback (most recent call last):&#10;  File &quot;/home/jenkins/.conda/envs/xpu_op_/lib/python3.10/site-packages/torch/testing/_internal/common_distributed.py&quot;, line 864, in run_test&#10;    getattr(self, test_name)()&#10;  File &quot;/home/jenkins/.conda/envs/xpu_op_/lib/python3.10/site-packages/torch/testing/_internal/common_distributed.py&quot;, line 718, in wrapper&#10;    fn()&#10;  File &quot;/home/jenkins/.conda/envs/xpu_op_/lib/python3.10/site-packages/torch/testing/_internal/common_utils.py&quot;, line 3226, in wrapper&#10;    method(*args, **kwargs)&#10;  File &quot;/home/jenkins/.conda/envs/xpu_op_/lib/python3.10/site-packages/torch/testing/_internal/common_utils.py&quot;, line 553, in instantiated_test&#10;    test(self, **param_kwargs)&#10;  File &quot;/home/jenkins/.conda/envs/xpu_op_/lib/python3.10/site-packages/torch/testing/_internal/common_distributed.py&quot;, line 221, in wrapper&#10;    return func(*args, **kwargs)&#10;  File &quot;/home/jenkins/actions-runner/_work/torch-xpu-ops/pytorch/test/distributed/fsdp/test_fsdp_grad_acc.py&quot;, line 269, in test_grad_acc&#10;    self.run_subtests(&#10;  File &quot;/home/jenkins/.conda/envs/xpu_op_/lib/python3.10/site-packages/torch/testing/_internal/common_fsdp.py&quot;, line 1188, in run_subtests&#10;    return run_subtests(self, *args, **kwargs)&#10;  File &quot;/home/jenkins/.conda/envs/xpu_op_/lib/python3.10/site-packages/torch/testing/_internal/common_distributed.py&quot;, line 1147, in run_subtests&#10;    test_fn(*test_args, **test_kwargs, **subtest_kwargs)&#10;  File &quot;/home/jenkins/actions-runner/_work/torch-xpu-ops/pytorch/test/distributed/fsdp/test_fsdp_grad_acc.py&quot;, line 212, in _test_grad_acc&#10;    torch.testing.assert_close(ref_grad, acc_grad)&#10;  File &quot;/home/jenkins/.conda/envs/xpu_op_/lib/python3.10/site-packages/torch/testing/_comparison.py&quot;, line 1589, in assert_close&#10;    raise error_metas[0].to_error(msg)&#10;AssertionError: Tensor-likes are not close!&#10;&#10;Mismatched elements: 32 / 228 (14.0%)&#10;Greatest absolute difference: 0.9211263656616211 at index (167,) (up to 1e-05 allowed)&#10;Greatest relative difference: 2.343290090560913 at index (159,) (up to 1.3e-06 allowed)&#10;&#10;To execute this test, run the following from the base repo dir:&#10;    PYTORCH_TEST_WITH_SLOW=1 python test/distributed/fsdp/test_fsdp_grad_acc.py TestGradAcc.test_grad_acc_configs0_use_orig_params_False&#10;&#10;This message can be suppressed by setting PYTORCH_PRINT_REPRO_ON_FAILURE=0">Traceback (most recent call last):
  File "/home/jenkins/.conda/envs/xpu_op_/lib/python3.10/site-packages/torch/testing/_internal/common_distributed.py", line 716, in wrapper
    self._join_processes(fn)
  File "/home/jenkins/.conda/envs/xpu_op_/lib/python3.10/site-packages/torch/testing/_internal/common_distributed.py", line 980, in _join_processes
    self._check_return_codes(fn, elapsed_time)
  File "/home/jenkins/.conda/envs/xpu_op_/lib/python3.10/site-packages/torch/testing/_internal/common_distributed.py", line 1020, in _check_return_codes
    raise RuntimeError(error)
RuntimeError: Process 0 exited with error code 10 and exception:
Traceback (most recent call last):
  File "/home/jenkins/.conda/envs/xpu_op_/lib/python3.10/site-packages/torch/testing/_internal/common_distributed.py", line 864, in run_test
    getattr(self, test_name)()
  File "/home/jenkins/.conda/envs/xpu_op_/lib/python3.10/site-packages/torch/testing/_internal/common_distributed.py", line 718, in wrapper
    fn()
  File "/home/jenkins/.conda/envs/xpu_op_/lib/python3.10/site-packages/torch/testing/_internal/common_utils.py", line 3226, in wrapper
    method(*args, **kwargs)
  File "/home/jenkins/.conda/envs/xpu_op_/lib/python3.10/site-packages/torch/testing/_internal/common_utils.py", line 553, in instantiated_test
    test(self, **param_kwargs)
  File "/home/jenkins/.conda/envs/xpu_op_/lib/python3.10/site-packages/torch/testing/_internal/common_distributed.py", line 221, in wrapper
    return func(*args, **kwargs)
  File "/home/jenkins/actions-runner/_work/torch-xpu-ops/pytorch/test/distributed/fsdp/test_fsdp_grad_acc.py", line 269, in test_grad_acc
    self.run_subtests(
  File "/home/jenkins/.conda/envs/xpu_op_/lib/python3.10/site-packages/torch/testing/_internal/common_fsdp.py", line 1188, in run_subtests
    return run_subtests(self, *args, **kwargs)
  File "/home/jenkins/.conda/envs/xpu_op_/lib/python3.10/site-packages/torch/testing/_internal/common_distributed.py", line 1147, in run_subtests
    test_fn(*test_args, **test_kwargs, **subtest_kwargs)
  File "/home/jenkins/actions-runner/_work/torch-xpu-ops/pytorch/test/distributed/fsdp/test_fsdp_grad_acc.py", line 212, in _test_grad_acc
    torch.testing.assert_close(ref_grad, acc_grad)
  File "/home/jenkins/.conda/envs/xpu_op_/lib/python3.10/site-packages/torch/testing/_comparison.py", line 1589, in assert_close
    raise error_metas[0].to_error(msg)
AssertionError: Tensor-likes are not close!

Mismatched elements: 192 / 228 (84.2%)
Greatest absolute difference: 0.4939103126525879 at index (105,) (up to 1e-05 allowed)
Greatest relative difference: 4.714433193206787 at index (103,) (up to 1.3e-06 allowed)

To execute this test, run the following from the base repo dir:
    PYTORCH_TEST_WITH_SLOW=1 python test/distributed/fsdp/test_fsdp_grad_acc.py TestGradAcc.test_grad_acc_configs0_use_orig_params_False

This message can be suppressed by setting PYTORCH_PRINT_REPRO_ON_FAILURE=0

Process 1 exited with error code 10 and exception:
Traceback (most recent call last):
  File "/home/jenkins/.conda/envs/xpu_op_/lib/python3.10/site-packages/torch/testing/_internal/common_distributed.py", line 864, in run_test
    getattr(self, test_name)()
  File "/home/jenkins/.conda/envs/xpu_op_/lib/python3.10/site-packages/torch/testing/_internal/common_distributed.py", line 718, in wrapper
    fn()
  File "/home/jenkins/.conda/envs/xpu_op_/lib/python3.10/site-packages/torch/testing/_internal/common_utils.py", line 3226, in wrapper
    method(*args, **kwargs)
  File "/home/jenkins/.conda/envs/xpu_op_/lib/python3.10/site-packages/torch/testing/_internal/common_utils.py", line 553, in instantiated_test
    test(self, **param_kwargs)
  File "/home/jenkins/.conda/envs/xpu_op_/lib/python3.10/site-packages/torch/testing/_internal/common_distributed.py", line 221, in wrapper
    return func(*args, **kwargs)
  File "/home/jenkins/actions-runner/_work/torch-xpu-ops/pytorch/test/distributed/fsdp/test_fsdp_grad_acc.py", line 269, in test_grad_acc
    self.run_subtests(
  File "/home/jenkins/.conda/envs/xpu_op_/lib/python3.10/site-packages/torch/testing/_internal/common_fsdp.py", line 1188, in run_subtests
    return run_subtests(self, *args, **kwargs)
  File "/home/jenkins/.conda/envs/xpu_op_/lib/python3.10/site-packages/torch/testing/_internal/common_distributed.py", line 1147, in run_subtests
    test_fn(*test_args, **test_kwargs, **subtest_kwargs)
  File "/home/jenkins/actions-runner/_work/torch-xpu-ops/pytorch/test/distributed/fsdp/test_fsdp_grad_acc.py", line 212, in _test_grad_acc
    torch.testing.assert_close(ref_grad, acc_grad)
  File "/home/jenkins/.conda/envs/xpu_op_/lib/python3.10/site-packages/torch/testing/_comparison.py", line 1589, in assert_close
    raise error_metas[0].to_error(msg)
AssertionError: Tensor-likes are not close!

Mismatched elements: 32 / 228 (14.0%)
Greatest absolute difference: 0.9211263656616211 at index (167,) (up to 1e-05 allowed)
Greatest relative difference: 2.343290090560913 at index (159,) (up to 1.3e-06 allowed)

To execute this test, run the following from the base repo dir:
    PYTORCH_TEST_WITH_SLOW=1 python test/distributed/fsdp/test_fsdp_grad_acc.py TestGradAcc.test_grad_acc_configs0_use_orig_params_False

This message can be suppressed by setting PYTORCH_PRINT_REPRO_ON_FAILURE=0</failure></testcase><testcase classname="test.distributed.fsdp.test_fsdp_grad_acc.TestGradAcc" name="test_grad_acc_configs0_use_orig_params_True" time="30.158"><failure message="RuntimeError: Process 0 exited with error code 10 and exception:&#10;Traceback (most recent call last):&#10;  File &quot;/home/jenkins/.conda/envs/xpu_op_/lib/python3.10/site-packages/torch/testing/_internal/common_distributed.py&quot;, line 864, in run_test&#10;    getattr(self, test_name)()&#10;  File &quot;/home/jenkins/.conda/envs/xpu_op_/lib/python3.10/site-packages/torch/testing/_internal/common_distributed.py&quot;, line 718, in wrapper&#10;    fn()&#10;  File &quot;/home/jenkins/.conda/envs/xpu_op_/lib/python3.10/site-packages/torch/testing/_internal/common_utils.py&quot;, line 3226, in wrapper&#10;    method(*args, **kwargs)&#10;  File &quot;/home/jenkins/.conda/envs/xpu_op_/lib/python3.10/site-packages/torch/testing/_internal/common_utils.py&quot;, line 553, in instantiated_test&#10;    test(self, **param_kwargs)&#10;  File &quot;/home/jenkins/.conda/envs/xpu_op_/lib/python3.10/site-packages/torch/testing/_internal/common_distributed.py&quot;, line 221, in wrapper&#10;    return func(*args, **kwargs)&#10;  File &quot;/home/jenkins/actions-runner/_work/torch-xpu-ops/pytorch/test/distributed/fsdp/test_fsdp_grad_acc.py&quot;, line 269, in test_grad_acc&#10;    self.run_subtests(&#10;  File &quot;/home/jenkins/.conda/envs/xpu_op_/lib/python3.10/site-packages/torch/testing/_internal/common_fsdp.py&quot;, line 1188, in run_subtests&#10;    return run_subtests(self, *args, **kwargs)&#10;  File &quot;/home/jenkins/.conda/envs/xpu_op_/lib/python3.10/site-packages/torch/testing/_internal/common_distributed.py&quot;, line 1147, in run_subtests&#10;    test_fn(*test_args, **test_kwargs, **subtest_kwargs)&#10;  File &quot;/home/jenkins/actions-runner/_work/torch-xpu-ops/pytorch/test/distributed/fsdp/test_fsdp_grad_acc.py&quot;, line 212, in _test_grad_acc&#10;    torch.testing.assert_close(ref_grad, acc_grad)&#10;  File &quot;/home/jenkins/.conda/envs/xpu_op_/lib/python3.10/site-packages/torch/testing/_comparison.py&quot;, line 1589, in assert_close&#10;    raise error_metas[0].to_error(msg)&#10;AssertionError: Tensor-likes are not close!&#10;&#10;Mismatched elements: 192 / 228 (84.2%)&#10;Greatest absolute difference: 0.655092716217041 at index (126,) (up to 1e-05 allowed)&#10;Greatest relative difference: 5.704293727874756 at index (112,) (up to 1.3e-06 allowed)&#10;&#10;To execute this test, run the following from the base repo dir:&#10;    PYTORCH_TEST_WITH_SLOW=1 python test/distributed/fsdp/test_fsdp_grad_acc.py TestGradAcc.test_grad_acc_configs0_use_orig_params_True&#10;&#10;This message can be suppressed by setting PYTORCH_PRINT_REPRO_ON_FAILURE=0&#10;&#10;Process 1 exited with error code 10 and exception:&#10;Traceback (most recent call last):&#10;  File &quot;/home/jenkins/.conda/envs/xpu_op_/lib/python3.10/site-packages/torch/testing/_internal/common_distributed.py&quot;, line 864, in run_test&#10;    getattr(self, test_name)()&#10;  File &quot;/home/jenkins/.conda/envs/xpu_op_/lib/python3.10/site-packages/torch/testing/_internal/common_distributed.py&quot;, line 718, in wrapper&#10;    fn()&#10;  File &quot;/home/jenkins/.conda/envs/xpu_op_/lib/python3.10/site-packages/torch/testing/_internal/common_utils.py&quot;, line 3226, in wrapper&#10;    method(*args, **kwargs)&#10;  File &quot;/home/jenkins/.conda/envs/xpu_op_/lib/python3.10/site-packages/torch/testing/_internal/common_utils.py&quot;, line 553, in instantiated_test&#10;    test(self, **param_kwargs)&#10;  File &quot;/home/jenkins/.conda/envs/xpu_op_/lib/python3.10/site-packages/torch/testing/_internal/common_distributed.py&quot;, line 221, in wrapper&#10;    return func(*args, **kwargs)&#10;  File &quot;/home/jenkins/actions-runner/_work/torch-xpu-ops/pytorch/test/distributed/fsdp/test_fsdp_grad_acc.py&quot;, line 269, in test_grad_acc&#10;    self.run_subtests(&#10;  File &quot;/home/jenkins/.conda/envs/xpu_op_/lib/python3.10/site-packages/torch/testing/_internal/common_fsdp.py&quot;, line 1188, in run_subtests&#10;    return run_subtests(self, *args, **kwargs)&#10;  File &quot;/home/jenkins/.conda/envs/xpu_op_/lib/python3.10/site-packages/torch/testing/_internal/common_distributed.py&quot;, line 1147, in run_subtests&#10;    test_fn(*test_args, **test_kwargs, **subtest_kwargs)&#10;  File &quot;/home/jenkins/actions-runner/_work/torch-xpu-ops/pytorch/test/distributed/fsdp/test_fsdp_grad_acc.py&quot;, line 212, in _test_grad_acc&#10;    torch.testing.assert_close(ref_grad, acc_grad)&#10;  File &quot;/home/jenkins/.conda/envs/xpu_op_/lib/python3.10/site-packages/torch/testing/_comparison.py&quot;, line 1589, in assert_close&#10;    raise error_metas[0].to_error(msg)&#10;AssertionError: Tensor-likes are not close!&#10;&#10;Mismatched elements: 52 / 52 (100.0%)&#10;Greatest absolute difference: 0.6520071029663086 at index (33,) (up to 1e-05 allowed)&#10;Greatest relative difference: 0.06336089968681335 at index (14,) (up to 1.3e-06 allowed)&#10;&#10;To execute this test, run the following from the base repo dir:&#10;    PYTORCH_TEST_WITH_SLOW=1 python test/distributed/fsdp/test_fsdp_grad_acc.py TestGradAcc.test_grad_acc_configs0_use_orig_params_True&#10;&#10;This message can be suppressed by setting PYTORCH_PRINT_REPRO_ON_FAILURE=0">Traceback (most recent call last):
  File "/home/jenkins/.conda/envs/xpu_op_/lib/python3.10/site-packages/torch/testing/_internal/common_distributed.py", line 716, in wrapper
    self._join_processes(fn)
  File "/home/jenkins/.conda/envs/xpu_op_/lib/python3.10/site-packages/torch/testing/_internal/common_distributed.py", line 980, in _join_processes
    self._check_return_codes(fn, elapsed_time)
  File "/home/jenkins/.conda/envs/xpu_op_/lib/python3.10/site-packages/torch/testing/_internal/common_distributed.py", line 1020, in _check_return_codes
    raise RuntimeError(error)
RuntimeError: Process 0 exited with error code 10 and exception:
Traceback (most recent call last):
  File "/home/jenkins/.conda/envs/xpu_op_/lib/python3.10/site-packages/torch/testing/_internal/common_distributed.py", line 864, in run_test
    getattr(self, test_name)()
  File "/home/jenkins/.conda/envs/xpu_op_/lib/python3.10/site-packages/torch/testing/_internal/common_distributed.py", line 718, in wrapper
    fn()
  File "/home/jenkins/.conda/envs/xpu_op_/lib/python3.10/site-packages/torch/testing/_internal/common_utils.py", line 3226, in wrapper
    method(*args, **kwargs)
  File "/home/jenkins/.conda/envs/xpu_op_/lib/python3.10/site-packages/torch/testing/_internal/common_utils.py", line 553, in instantiated_test
    test(self, **param_kwargs)
  File "/home/jenkins/.conda/envs/xpu_op_/lib/python3.10/site-packages/torch/testing/_internal/common_distributed.py", line 221, in wrapper
    return func(*args, **kwargs)
  File "/home/jenkins/actions-runner/_work/torch-xpu-ops/pytorch/test/distributed/fsdp/test_fsdp_grad_acc.py", line 269, in test_grad_acc
    self.run_subtests(
  File "/home/jenkins/.conda/envs/xpu_op_/lib/python3.10/site-packages/torch/testing/_internal/common_fsdp.py", line 1188, in run_subtests
    return run_subtests(self, *args, **kwargs)
  File "/home/jenkins/.conda/envs/xpu_op_/lib/python3.10/site-packages/torch/testing/_internal/common_distributed.py", line 1147, in run_subtests
    test_fn(*test_args, **test_kwargs, **subtest_kwargs)
  File "/home/jenkins/actions-runner/_work/torch-xpu-ops/pytorch/test/distributed/fsdp/test_fsdp_grad_acc.py", line 212, in _test_grad_acc
    torch.testing.assert_close(ref_grad, acc_grad)
  File "/home/jenkins/.conda/envs/xpu_op_/lib/python3.10/site-packages/torch/testing/_comparison.py", line 1589, in assert_close
    raise error_metas[0].to_error(msg)
AssertionError: Tensor-likes are not close!

Mismatched elements: 192 / 228 (84.2%)
Greatest absolute difference: 0.655092716217041 at index (126,) (up to 1e-05 allowed)
Greatest relative difference: 5.704293727874756 at index (112,) (up to 1.3e-06 allowed)

To execute this test, run the following from the base repo dir:
    PYTORCH_TEST_WITH_SLOW=1 python test/distributed/fsdp/test_fsdp_grad_acc.py TestGradAcc.test_grad_acc_configs0_use_orig_params_True

This message can be suppressed by setting PYTORCH_PRINT_REPRO_ON_FAILURE=0

Process 1 exited with error code 10 and exception:
Traceback (most recent call last):
  File "/home/jenkins/.conda/envs/xpu_op_/lib/python3.10/site-packages/torch/testing/_internal/common_distributed.py", line 864, in run_test
    getattr(self, test_name)()
  File "/home/jenkins/.conda/envs/xpu_op_/lib/python3.10/site-packages/torch/testing/_internal/common_distributed.py", line 718, in wrapper
    fn()
  File "/home/jenkins/.conda/envs/xpu_op_/lib/python3.10/site-packages/torch/testing/_internal/common_utils.py", line 3226, in wrapper
    method(*args, **kwargs)
  File "/home/jenkins/.conda/envs/xpu_op_/lib/python3.10/site-packages/torch/testing/_internal/common_utils.py", line 553, in instantiated_test
    test(self, **param_kwargs)
  File "/home/jenkins/.conda/envs/xpu_op_/lib/python3.10/site-packages/torch/testing/_internal/common_distributed.py", line 221, in wrapper
    return func(*args, **kwargs)
  File "/home/jenkins/actions-runner/_work/torch-xpu-ops/pytorch/test/distributed/fsdp/test_fsdp_grad_acc.py", line 269, in test_grad_acc
    self.run_subtests(
  File "/home/jenkins/.conda/envs/xpu_op_/lib/python3.10/site-packages/torch/testing/_internal/common_fsdp.py", line 1188, in run_subtests
    return run_subtests(self, *args, **kwargs)
  File "/home/jenkins/.conda/envs/xpu_op_/lib/python3.10/site-packages/torch/testing/_internal/common_distributed.py", line 1147, in run_subtests
    test_fn(*test_args, **test_kwargs, **subtest_kwargs)
  File "/home/jenkins/actions-runner/_work/torch-xpu-ops/pytorch/test/distributed/fsdp/test_fsdp_grad_acc.py", line 212, in _test_grad_acc
    torch.testing.assert_close(ref_grad, acc_grad)
  File "/home/jenkins/.conda/envs/xpu_op_/lib/python3.10/site-packages/torch/testing/_comparison.py", line 1589, in assert_close
    raise error_metas[0].to_error(msg)
AssertionError: Tensor-likes are not close!

Mismatched elements: 52 / 52 (100.0%)
Greatest absolute difference: 0.6520071029663086 at index (33,) (up to 1e-05 allowed)
Greatest relative difference: 0.06336089968681335 at index (14,) (up to 1.3e-06 allowed)

To execute this test, run the following from the base repo dir:
    PYTORCH_TEST_WITH_SLOW=1 python test/distributed/fsdp/test_fsdp_grad_acc.py TestGradAcc.test_grad_acc_configs0_use_orig_params_True

This message can be suppressed by setting PYTORCH_PRINT_REPRO_ON_FAILURE=0</failure></testcase><testcase classname="test.distributed.fsdp.test_fsdp_grad_acc.TestGradAcc" name="test_grad_acc_configs1_use_orig_params_False" time="33.479"><failure message="RuntimeError: Process 0 exited with error code 10 and exception:&#10;Traceback (most recent call last):&#10;  File &quot;/home/jenkins/.conda/envs/xpu_op_/lib/python3.10/site-packages/torch/testing/_internal/common_distributed.py&quot;, line 864, in run_test&#10;    getattr(self, test_name)()&#10;  File &quot;/home/jenkins/.conda/envs/xpu_op_/lib/python3.10/site-packages/torch/testing/_internal/common_distributed.py&quot;, line 718, in wrapper&#10;    fn()&#10;  File &quot;/home/jenkins/.conda/envs/xpu_op_/lib/python3.10/site-packages/torch/testing/_internal/common_utils.py&quot;, line 3226, in wrapper&#10;    method(*args, **kwargs)&#10;  File &quot;/home/jenkins/.conda/envs/xpu_op_/lib/python3.10/site-packages/torch/testing/_internal/common_utils.py&quot;, line 553, in instantiated_test&#10;    test(self, **param_kwargs)&#10;  File &quot;/home/jenkins/.conda/envs/xpu_op_/lib/python3.10/site-packages/torch/testing/_internal/common_distributed.py&quot;, line 221, in wrapper&#10;    return func(*args, **kwargs)&#10;  File &quot;/home/jenkins/actions-runner/_work/torch-xpu-ops/pytorch/test/distributed/fsdp/test_fsdp_grad_acc.py&quot;, line 269, in test_grad_acc&#10;    self.run_subtests(&#10;  File &quot;/home/jenkins/.conda/envs/xpu_op_/lib/python3.10/site-packages/torch/testing/_internal/common_fsdp.py&quot;, line 1188, in run_subtests&#10;    return run_subtests(self, *args, **kwargs)&#10;  File &quot;/home/jenkins/.conda/envs/xpu_op_/lib/python3.10/site-packages/torch/testing/_internal/common_distributed.py&quot;, line 1147, in run_subtests&#10;    test_fn(*test_args, **test_kwargs, **subtest_kwargs)&#10;  File &quot;/home/jenkins/actions-runner/_work/torch-xpu-ops/pytorch/test/distributed/fsdp/test_fsdp_grad_acc.py&quot;, line 212, in _test_grad_acc&#10;    torch.testing.assert_close(ref_grad, acc_grad)&#10;  File &quot;/home/jenkins/.conda/envs/xpu_op_/lib/python3.10/site-packages/torch/testing/_comparison.py&quot;, line 1589, in assert_close&#10;    raise error_metas[0].to_error(msg)&#10;AssertionError: Tensor-likes are not close!&#10;&#10;Mismatched elements: 192 / 228 (84.2%)&#10;Greatest absolute difference: 0.7380075454711914 at index (102,) (up to 1e-05 allowed)&#10;Greatest relative difference: 19.133033752441406 at index (49,) (up to 1.3e-06 allowed)&#10;&#10;To execute this test, run the following from the base repo dir:&#10;    PYTORCH_TEST_WITH_SLOW=1 python test/distributed/fsdp/test_fsdp_grad_acc.py TestGradAcc.test_grad_acc_configs1_use_orig_params_False&#10;&#10;This message can be suppressed by setting PYTORCH_PRINT_REPRO_ON_FAILURE=0&#10;&#10;Process 1 exited with error code 10 and exception:&#10;Traceback (most recent call last):&#10;  File &quot;/home/jenkins/.conda/envs/xpu_op_/lib/python3.10/site-packages/torch/testing/_internal/common_distributed.py&quot;, line 864, in run_test&#10;    getattr(self, test_name)()&#10;  File &quot;/home/jenkins/.conda/envs/xpu_op_/lib/python3.10/site-packages/torch/testing/_internal/common_distributed.py&quot;, line 718, in wrapper&#10;    fn()&#10;  File &quot;/home/jenkins/.conda/envs/xpu_op_/lib/python3.10/site-packages/torch/testing/_internal/common_utils.py&quot;, line 3226, in wrapper&#10;    method(*args, **kwargs)&#10;  File &quot;/home/jenkins/.conda/envs/xpu_op_/lib/python3.10/site-packages/torch/testing/_internal/common_utils.py&quot;, line 553, in instantiated_test&#10;    test(self, **param_kwargs)&#10;  File &quot;/home/jenkins/.conda/envs/xpu_op_/lib/python3.10/site-packages/torch/testing/_internal/common_distributed.py&quot;, line 221, in wrapper&#10;    return func(*args, **kwargs)&#10;  File &quot;/home/jenkins/actions-runner/_work/torch-xpu-ops/pytorch/test/distributed/fsdp/test_fsdp_grad_acc.py&quot;, line 269, in test_grad_acc&#10;    self.run_subtests(&#10;  File &quot;/home/jenkins/.conda/envs/xpu_op_/lib/python3.10/site-packages/torch/testing/_internal/common_fsdp.py&quot;, line 1188, in run_subtests&#10;    return run_subtests(self, *args, **kwargs)&#10;  File &quot;/home/jenkins/.conda/envs/xpu_op_/lib/python3.10/site-packages/torch/testing/_internal/common_distributed.py&quot;, line 1147, in run_subtests&#10;    test_fn(*test_args, **test_kwargs, **subtest_kwargs)&#10;  File &quot;/home/jenkins/actions-runner/_work/torch-xpu-ops/pytorch/test/distributed/fsdp/test_fsdp_grad_acc.py&quot;, line 212, in _test_grad_acc&#10;    torch.testing.assert_close(ref_grad, acc_grad)&#10;  File &quot;/home/jenkins/.conda/envs/xpu_op_/lib/python3.10/site-packages/torch/testing/_comparison.py&quot;, line 1589, in assert_close&#10;    raise error_metas[0].to_error(msg)&#10;AssertionError: Tensor-likes are not close!&#10;&#10;Mismatched elements: 668 / 716 (93.3%)&#10;Greatest absolute difference: 4.855705261230469 at index (623,) (up to 1e-05 allowed)&#10;Greatest relative difference: 9.931085586547852 at index (52,) (up to 1.3e-06 allowed)&#10;&#10;To execute this test, run the following from the base repo dir:&#10;    PYTORCH_TEST_WITH_SLOW=1 python test/distributed/fsdp/test_fsdp_grad_acc.py TestGradAcc.test_grad_acc_configs1_use_orig_params_False&#10;&#10;This message can be suppressed by setting PYTORCH_PRINT_REPRO_ON_FAILURE=0">Traceback (most recent call last):
  File "/home/jenkins/.conda/envs/xpu_op_/lib/python3.10/site-packages/torch/testing/_internal/common_distributed.py", line 716, in wrapper
    self._join_processes(fn)
  File "/home/jenkins/.conda/envs/xpu_op_/lib/python3.10/site-packages/torch/testing/_internal/common_distributed.py", line 980, in _join_processes
    self._check_return_codes(fn, elapsed_time)
  File "/home/jenkins/.conda/envs/xpu_op_/lib/python3.10/site-packages/torch/testing/_internal/common_distributed.py", line 1020, in _check_return_codes
    raise RuntimeError(error)
RuntimeError: Process 0 exited with error code 10 and exception:
Traceback (most recent call last):
  File "/home/jenkins/.conda/envs/xpu_op_/lib/python3.10/site-packages/torch/testing/_internal/common_distributed.py", line 864, in run_test
    getattr(self, test_name)()
  File "/home/jenkins/.conda/envs/xpu_op_/lib/python3.10/site-packages/torch/testing/_internal/common_distributed.py", line 718, in wrapper
    fn()
  File "/home/jenkins/.conda/envs/xpu_op_/lib/python3.10/site-packages/torch/testing/_internal/common_utils.py", line 3226, in wrapper
    method(*args, **kwargs)
  File "/home/jenkins/.conda/envs/xpu_op_/lib/python3.10/site-packages/torch/testing/_internal/common_utils.py", line 553, in instantiated_test
    test(self, **param_kwargs)
  File "/home/jenkins/.conda/envs/xpu_op_/lib/python3.10/site-packages/torch/testing/_internal/common_distributed.py", line 221, in wrapper
    return func(*args, **kwargs)
  File "/home/jenkins/actions-runner/_work/torch-xpu-ops/pytorch/test/distributed/fsdp/test_fsdp_grad_acc.py", line 269, in test_grad_acc
    self.run_subtests(
  File "/home/jenkins/.conda/envs/xpu_op_/lib/python3.10/site-packages/torch/testing/_internal/common_fsdp.py", line 1188, in run_subtests
    return run_subtests(self, *args, **kwargs)
  File "/home/jenkins/.conda/envs/xpu_op_/lib/python3.10/site-packages/torch/testing/_internal/common_distributed.py", line 1147, in run_subtests
    test_fn(*test_args, **test_kwargs, **subtest_kwargs)
  File "/home/jenkins/actions-runner/_work/torch-xpu-ops/pytorch/test/distributed/fsdp/test_fsdp_grad_acc.py", line 212, in _test_grad_acc
    torch.testing.assert_close(ref_grad, acc_grad)
  File "/home/jenkins/.conda/envs/xpu_op_/lib/python3.10/site-packages/torch/testing/_comparison.py", line 1589, in assert_close
    raise error_metas[0].to_error(msg)
AssertionError: Tensor-likes are not close!

Mismatched elements: 192 / 228 (84.2%)
Greatest absolute difference: 0.7380075454711914 at index (102,) (up to 1e-05 allowed)
Greatest relative difference: 19.133033752441406 at index (49,) (up to 1.3e-06 allowed)

To execute this test, run the following from the base repo dir:
    PYTORCH_TEST_WITH_SLOW=1 python test/distributed/fsdp/test_fsdp_grad_acc.py TestGradAcc.test_grad_acc_configs1_use_orig_params_False

This message can be suppressed by setting PYTORCH_PRINT_REPRO_ON_FAILURE=0

Process 1 exited with error code 10 and exception:
Traceback (most recent call last):
  File "/home/jenkins/.conda/envs/xpu_op_/lib/python3.10/site-packages/torch/testing/_internal/common_distributed.py", line 864, in run_test
    getattr(self, test_name)()
  File "/home/jenkins/.conda/envs/xpu_op_/lib/python3.10/site-packages/torch/testing/_internal/common_distributed.py", line 718, in wrapper
    fn()
  File "/home/jenkins/.conda/envs/xpu_op_/lib/python3.10/site-packages/torch/testing/_internal/common_utils.py", line 3226, in wrapper
    method(*args, **kwargs)
  File "/home/jenkins/.conda/envs/xpu_op_/lib/python3.10/site-packages/torch/testing/_internal/common_utils.py", line 553, in instantiated_test
    test(self, **param_kwargs)
  File "/home/jenkins/.conda/envs/xpu_op_/lib/python3.10/site-packages/torch/testing/_internal/common_distributed.py", line 221, in wrapper
    return func(*args, **kwargs)
  File "/home/jenkins/actions-runner/_work/torch-xpu-ops/pytorch/test/distributed/fsdp/test_fsdp_grad_acc.py", line 269, in test_grad_acc
    self.run_subtests(
  File "/home/jenkins/.conda/envs/xpu_op_/lib/python3.10/site-packages/torch/testing/_internal/common_fsdp.py", line 1188, in run_subtests
    return run_subtests(self, *args, **kwargs)
  File "/home/jenkins/.conda/envs/xpu_op_/lib/python3.10/site-packages/torch/testing/_internal/common_distributed.py", line 1147, in run_subtests
    test_fn(*test_args, **test_kwargs, **subtest_kwargs)
  File "/home/jenkins/actions-runner/_work/torch-xpu-ops/pytorch/test/distributed/fsdp/test_fsdp_grad_acc.py", line 212, in _test_grad_acc
    torch.testing.assert_close(ref_grad, acc_grad)
  File "/home/jenkins/.conda/envs/xpu_op_/lib/python3.10/site-packages/torch/testing/_comparison.py", line 1589, in assert_close
    raise error_metas[0].to_error(msg)
AssertionError: Tensor-likes are not close!

Mismatched elements: 668 / 716 (93.3%)
Greatest absolute difference: 4.855705261230469 at index (623,) (up to 1e-05 allowed)
Greatest relative difference: 9.931085586547852 at index (52,) (up to 1.3e-06 allowed)

To execute this test, run the following from the base repo dir:
    PYTORCH_TEST_WITH_SLOW=1 python test/distributed/fsdp/test_fsdp_grad_acc.py TestGradAcc.test_grad_acc_configs1_use_orig_params_False

This message can be suppressed by setting PYTORCH_PRINT_REPRO_ON_FAILURE=0</failure></testcase><testcase classname="test.distributed.fsdp.test_fsdp_grad_acc.TestGradAcc" name="test_grad_acc_configs1_use_orig_params_True" time="34.073"><failure message="RuntimeError: Process 0 exited with error code 10 and exception:&#10;Traceback (most recent call last):&#10;  File &quot;/home/jenkins/.conda/envs/xpu_op_/lib/python3.10/site-packages/torch/testing/_internal/common_distributed.py&quot;, line 864, in run_test&#10;    getattr(self, test_name)()&#10;  File &quot;/home/jenkins/.conda/envs/xpu_op_/lib/python3.10/site-packages/torch/testing/_internal/common_distributed.py&quot;, line 718, in wrapper&#10;    fn()&#10;  File &quot;/home/jenkins/.conda/envs/xpu_op_/lib/python3.10/site-packages/torch/testing/_internal/common_utils.py&quot;, line 3226, in wrapper&#10;    method(*args, **kwargs)&#10;  File &quot;/home/jenkins/.conda/envs/xpu_op_/lib/python3.10/site-packages/torch/testing/_internal/common_utils.py&quot;, line 553, in instantiated_test&#10;    test(self, **param_kwargs)&#10;  File &quot;/home/jenkins/.conda/envs/xpu_op_/lib/python3.10/site-packages/torch/testing/_internal/common_distributed.py&quot;, line 221, in wrapper&#10;    return func(*args, **kwargs)&#10;  File &quot;/home/jenkins/actions-runner/_work/torch-xpu-ops/pytorch/test/distributed/fsdp/test_fsdp_grad_acc.py&quot;, line 269, in test_grad_acc&#10;    self.run_subtests(&#10;  File &quot;/home/jenkins/.conda/envs/xpu_op_/lib/python3.10/site-packages/torch/testing/_internal/common_fsdp.py&quot;, line 1188, in run_subtests&#10;    return run_subtests(self, *args, **kwargs)&#10;  File &quot;/home/jenkins/.conda/envs/xpu_op_/lib/python3.10/site-packages/torch/testing/_internal/common_distributed.py&quot;, line 1147, in run_subtests&#10;    test_fn(*test_args, **test_kwargs, **subtest_kwargs)&#10;  File &quot;/home/jenkins/actions-runner/_work/torch-xpu-ops/pytorch/test/distributed/fsdp/test_fsdp_grad_acc.py&quot;, line 212, in _test_grad_acc&#10;    torch.testing.assert_close(ref_grad, acc_grad)&#10;  File &quot;/home/jenkins/.conda/envs/xpu_op_/lib/python3.10/site-packages/torch/testing/_comparison.py&quot;, line 1589, in assert_close&#10;    raise error_metas[0].to_error(msg)&#10;AssertionError: Tensor-likes are not close!&#10;&#10;Mismatched elements: 192 / 228 (84.2%)&#10;Greatest absolute difference: 1.2488174438476562 at index (102,) (up to 1e-05 allowed)&#10;Greatest relative difference: 15.718361854553223 at index (103,) (up to 1.3e-06 allowed)&#10;&#10;To execute this test, run the following from the base repo dir:&#10;    PYTORCH_TEST_WITH_SLOW=1 python test/distributed/fsdp/test_fsdp_grad_acc.py TestGradAcc.test_grad_acc_configs1_use_orig_params_True&#10;&#10;This message can be suppressed by setting PYTORCH_PRINT_REPRO_ON_FAILURE=0&#10;&#10;Process 1 exited with error code 10 and exception:&#10;Traceback (most recent call last):&#10;  File &quot;/home/jenkins/.conda/envs/xpu_op_/lib/python3.10/site-packages/torch/testing/_internal/common_distributed.py&quot;, line 864, in run_test&#10;    getattr(self, test_name)()&#10;  File &quot;/home/jenkins/.conda/envs/xpu_op_/lib/python3.10/site-packages/torch/testing/_internal/common_distributed.py&quot;, line 718, in wrapper&#10;    fn()&#10;  File &quot;/home/jenkins/.conda/envs/xpu_op_/lib/python3.10/site-packages/torch/testing/_internal/common_utils.py&quot;, line 3226, in wrapper&#10;    method(*args, **kwargs)&#10;  File &quot;/home/jenkins/.conda/envs/xpu_op_/lib/python3.10/site-packages/torch/testing/_internal/common_utils.py&quot;, line 553, in instantiated_test&#10;    test(self, **param_kwargs)&#10;  File &quot;/home/jenkins/.conda/envs/xpu_op_/lib/python3.10/site-packages/torch/testing/_internal/common_distributed.py&quot;, line 221, in wrapper&#10;    return func(*args, **kwargs)&#10;  File &quot;/home/jenkins/actions-runner/_work/torch-xpu-ops/pytorch/test/distributed/fsdp/test_fsdp_grad_acc.py&quot;, line 269, in test_grad_acc&#10;    self.run_subtests(&#10;  File &quot;/home/jenkins/.conda/envs/xpu_op_/lib/python3.10/site-packages/torch/testing/_internal/common_fsdp.py&quot;, line 1188, in run_subtests&#10;    return run_subtests(self, *args, **kwargs)&#10;  File &quot;/home/jenkins/.conda/envs/xpu_op_/lib/python3.10/site-packages/torch/testing/_internal/common_distributed.py&quot;, line 1147, in run_subtests&#10;    test_fn(*test_args, **test_kwargs, **subtest_kwargs)&#10;  File &quot;/home/jenkins/actions-runner/_work/torch-xpu-ops/pytorch/test/distributed/fsdp/test_fsdp_grad_acc.py&quot;, line 212, in _test_grad_acc&#10;    torch.testing.assert_close(ref_grad, acc_grad)&#10;  File &quot;/home/jenkins/.conda/envs/xpu_op_/lib/python3.10/site-packages/torch/testing/_comparison.py&quot;, line 1589, in assert_close&#10;    raise error_metas[0].to_error(msg)&#10;AssertionError: Tensor-likes are not close!&#10;&#10;Mismatched elements: 52 / 52 (100.0%)&#10;Greatest absolute difference: 0.8417892456054688 at index (43,) (up to 1e-05 allowed)&#10;Greatest relative difference: 0.07252909243106842 at index (9,) (up to 1.3e-06 allowed)&#10;&#10;To execute this test, run the following from the base repo dir:&#10;    PYTORCH_TEST_WITH_SLOW=1 python test/distributed/fsdp/test_fsdp_grad_acc.py TestGradAcc.test_grad_acc_configs1_use_orig_params_True&#10;&#10;This message can be suppressed by setting PYTORCH_PRINT_REPRO_ON_FAILURE=0">Traceback (most recent call last):
  File "/home/jenkins/.conda/envs/xpu_op_/lib/python3.10/site-packages/torch/testing/_internal/common_distributed.py", line 716, in wrapper
    self._join_processes(fn)
  File "/home/jenkins/.conda/envs/xpu_op_/lib/python3.10/site-packages/torch/testing/_internal/common_distributed.py", line 980, in _join_processes
    self._check_return_codes(fn, elapsed_time)
  File "/home/jenkins/.conda/envs/xpu_op_/lib/python3.10/site-packages/torch/testing/_internal/common_distributed.py", line 1020, in _check_return_codes
    raise RuntimeError(error)
RuntimeError: Process 0 exited with error code 10 and exception:
Traceback (most recent call last):
  File "/home/jenkins/.conda/envs/xpu_op_/lib/python3.10/site-packages/torch/testing/_internal/common_distributed.py", line 864, in run_test
    getattr(self, test_name)()
  File "/home/jenkins/.conda/envs/xpu_op_/lib/python3.10/site-packages/torch/testing/_internal/common_distributed.py", line 718, in wrapper
    fn()
  File "/home/jenkins/.conda/envs/xpu_op_/lib/python3.10/site-packages/torch/testing/_internal/common_utils.py", line 3226, in wrapper
    method(*args, **kwargs)
  File "/home/jenkins/.conda/envs/xpu_op_/lib/python3.10/site-packages/torch/testing/_internal/common_utils.py", line 553, in instantiated_test
    test(self, **param_kwargs)
  File "/home/jenkins/.conda/envs/xpu_op_/lib/python3.10/site-packages/torch/testing/_internal/common_distributed.py", line 221, in wrapper
    return func(*args, **kwargs)
  File "/home/jenkins/actions-runner/_work/torch-xpu-ops/pytorch/test/distributed/fsdp/test_fsdp_grad_acc.py", line 269, in test_grad_acc
    self.run_subtests(
  File "/home/jenkins/.conda/envs/xpu_op_/lib/python3.10/site-packages/torch/testing/_internal/common_fsdp.py", line 1188, in run_subtests
    return run_subtests(self, *args, **kwargs)
  File "/home/jenkins/.conda/envs/xpu_op_/lib/python3.10/site-packages/torch/testing/_internal/common_distributed.py", line 1147, in run_subtests
    test_fn(*test_args, **test_kwargs, **subtest_kwargs)
  File "/home/jenkins/actions-runner/_work/torch-xpu-ops/pytorch/test/distributed/fsdp/test_fsdp_grad_acc.py", line 212, in _test_grad_acc
    torch.testing.assert_close(ref_grad, acc_grad)
  File "/home/jenkins/.conda/envs/xpu_op_/lib/python3.10/site-packages/torch/testing/_comparison.py", line 1589, in assert_close
    raise error_metas[0].to_error(msg)
AssertionError: Tensor-likes are not close!

Mismatched elements: 192 / 228 (84.2%)
Greatest absolute difference: 1.2488174438476562 at index (102,) (up to 1e-05 allowed)
Greatest relative difference: 15.718361854553223 at index (103,) (up to 1.3e-06 allowed)

To execute this test, run the following from the base repo dir:
    PYTORCH_TEST_WITH_SLOW=1 python test/distributed/fsdp/test_fsdp_grad_acc.py TestGradAcc.test_grad_acc_configs1_use_orig_params_True

This message can be suppressed by setting PYTORCH_PRINT_REPRO_ON_FAILURE=0

Process 1 exited with error code 10 and exception:
Traceback (most recent call last):
  File "/home/jenkins/.conda/envs/xpu_op_/lib/python3.10/site-packages/torch/testing/_internal/common_distributed.py", line 864, in run_test
    getattr(self, test_name)()
  File "/home/jenkins/.conda/envs/xpu_op_/lib/python3.10/site-packages/torch/testing/_internal/common_distributed.py", line 718, in wrapper
    fn()
  File "/home/jenkins/.conda/envs/xpu_op_/lib/python3.10/site-packages/torch/testing/_internal/common_utils.py", line 3226, in wrapper
    method(*args, **kwargs)
  File "/home/jenkins/.conda/envs/xpu_op_/lib/python3.10/site-packages/torch/testing/_internal/common_utils.py", line 553, in instantiated_test
    test(self, **param_kwargs)
  File "/home/jenkins/.conda/envs/xpu_op_/lib/python3.10/site-packages/torch/testing/_internal/common_distributed.py", line 221, in wrapper
    return func(*args, **kwargs)
  File "/home/jenkins/actions-runner/_work/torch-xpu-ops/pytorch/test/distributed/fsdp/test_fsdp_grad_acc.py", line 269, in test_grad_acc
    self.run_subtests(
  File "/home/jenkins/.conda/envs/xpu_op_/lib/python3.10/site-packages/torch/testing/_internal/common_fsdp.py", line 1188, in run_subtests
    return run_subtests(self, *args, **kwargs)
  File "/home/jenkins/.conda/envs/xpu_op_/lib/python3.10/site-packages/torch/testing/_internal/common_distributed.py", line 1147, in run_subtests
    test_fn(*test_args, **test_kwargs, **subtest_kwargs)
  File "/home/jenkins/actions-runner/_work/torch-xpu-ops/pytorch/test/distributed/fsdp/test_fsdp_grad_acc.py", line 212, in _test_grad_acc
    torch.testing.assert_close(ref_grad, acc_grad)
  File "/home/jenkins/.conda/envs/xpu_op_/lib/python3.10/site-packages/torch/testing/_comparison.py", line 1589, in assert_close
    raise error_metas[0].to_error(msg)
AssertionError: Tensor-likes are not close!

Mismatched elements: 52 / 52 (100.0%)
Greatest absolute difference: 0.8417892456054688 at index (43,) (up to 1e-05 allowed)
Greatest relative difference: 0.07252909243106842 at index (9,) (up to 1.3e-06 allowed)

To execute this test, run the following from the base repo dir:
    PYTORCH_TEST_WITH_SLOW=1 python test/distributed/fsdp/test_fsdp_grad_acc.py TestGradAcc.test_grad_acc_configs1_use_orig_params_True

This message can be suppressed by setting PYTORCH_PRINT_REPRO_ON_FAILURE=0</failure></testcase><testcase classname="test.distributed.fsdp.test_fsdp_grad_acc.TestGradAcc" name="test_grad_acc_cpu_offload_use_orig_params_False" time="31.370"><failure message="RuntimeError: Process 0 exited with error code 10 and exception:&#10;Traceback (most recent call last):&#10;  File &quot;/home/jenkins/.conda/envs/xpu_op_/lib/python3.10/site-packages/torch/testing/_internal/common_distributed.py&quot;, line 864, in run_test&#10;    getattr(self, test_name)()&#10;  File &quot;/home/jenkins/.conda/envs/xpu_op_/lib/python3.10/site-packages/torch/testing/_internal/common_distributed.py&quot;, line 718, in wrapper&#10;    fn()&#10;  File &quot;/home/jenkins/.conda/envs/xpu_op_/lib/python3.10/site-packages/torch/testing/_internal/common_utils.py&quot;, line 3226, in wrapper&#10;    method(*args, **kwargs)&#10;  File &quot;/home/jenkins/.conda/envs/xpu_op_/lib/python3.10/site-packages/torch/testing/_internal/common_utils.py&quot;, line 553, in instantiated_test&#10;    test(self, **param_kwargs)&#10;  File &quot;/home/jenkins/.conda/envs/xpu_op_/lib/python3.10/site-packages/torch/testing/_internal/common_distributed.py&quot;, line 221, in wrapper&#10;    return func(*args, **kwargs)&#10;  File &quot;/home/jenkins/actions-runner/_work/torch-xpu-ops/pytorch/test/distributed/fsdp/test_fsdp_grad_acc.py&quot;, line 294, in test_grad_acc_cpu_offload&#10;    self.run_subtests(&#10;  File &quot;/home/jenkins/.conda/envs/xpu_op_/lib/python3.10/site-packages/torch/testing/_internal/common_fsdp.py&quot;, line 1188, in run_subtests&#10;    return run_subtests(self, *args, **kwargs)&#10;  File &quot;/home/jenkins/.conda/envs/xpu_op_/lib/python3.10/site-packages/torch/testing/_internal/common_distributed.py&quot;, line 1147, in run_subtests&#10;    test_fn(*test_args, **test_kwargs, **subtest_kwargs)&#10;  File &quot;/home/jenkins/actions-runner/_work/torch-xpu-ops/pytorch/test/distributed/fsdp/test_fsdp_grad_acc.py&quot;, line 212, in _test_grad_acc&#10;    torch.testing.assert_close(ref_grad, acc_grad)&#10;  File &quot;/home/jenkins/.conda/envs/xpu_op_/lib/python3.10/site-packages/torch/testing/_comparison.py&quot;, line 1589, in assert_close&#10;    raise error_metas[0].to_error(msg)&#10;AssertionError: Tensor-likes are not close!&#10;&#10;Mismatched elements: 192 / 228 (84.2%)&#10;Greatest absolute difference: 0.6550931930541992 at index (126,) (up to 1e-05 allowed)&#10;Greatest relative difference: 15.473516464233398 at index (74,) (up to 1.3e-06 allowed)&#10;&#10;To execute this test, run the following from the base repo dir:&#10;    PYTORCH_TEST_WITH_SLOW=1 python test/distributed/fsdp/test_fsdp_grad_acc.py TestGradAcc.test_grad_acc_cpu_offload_use_orig_params_False&#10;&#10;This message can be suppressed by setting PYTORCH_PRINT_REPRO_ON_FAILURE=0&#10;&#10;Process 1 exited with error code 10 and exception:&#10;Traceback (most recent call last):&#10;  File &quot;/home/jenkins/.conda/envs/xpu_op_/lib/python3.10/site-packages/torch/testing/_internal/common_distributed.py&quot;, line 864, in run_test&#10;    getattr(self, test_name)()&#10;  File &quot;/home/jenkins/.conda/envs/xpu_op_/lib/python3.10/site-packages/torch/testing/_internal/common_distributed.py&quot;, line 718, in wrapper&#10;    fn()&#10;  File &quot;/home/jenkins/.conda/envs/xpu_op_/lib/python3.10/site-packages/torch/testing/_internal/common_utils.py&quot;, line 3226, in wrapper&#10;    method(*args, **kwargs)&#10;  File &quot;/home/jenkins/.conda/envs/xpu_op_/lib/python3.10/site-packages/torch/testing/_internal/common_utils.py&quot;, line 553, in instantiated_test&#10;    test(self, **param_kwargs)&#10;  File &quot;/home/jenkins/.conda/envs/xpu_op_/lib/python3.10/site-packages/torch/testing/_internal/common_distributed.py&quot;, line 221, in wrapper&#10;    return func(*args, **kwargs)&#10;  File &quot;/home/jenkins/actions-runner/_work/torch-xpu-ops/pytorch/test/distributed/fsdp/test_fsdp_grad_acc.py&quot;, line 294, in test_grad_acc_cpu_offload&#10;    self.run_subtests(&#10;  File &quot;/home/jenkins/.conda/envs/xpu_op_/lib/python3.10/site-packages/torch/testing/_internal/common_fsdp.py&quot;, line 1188, in run_subtests&#10;    return run_subtests(self, *args, **kwargs)&#10;  File &quot;/home/jenkins/.conda/envs/xpu_op_/lib/python3.10/site-packages/torch/testing/_internal/common_distributed.py&quot;, line 1147, in run_subtests&#10;    test_fn(*test_args, **test_kwargs, **subtest_kwargs)&#10;  File &quot;/home/jenkins/actions-runner/_work/torch-xpu-ops/pytorch/test/distributed/fsdp/test_fsdp_grad_acc.py&quot;, line 212, in _test_grad_acc&#10;    torch.testing.assert_close(ref_grad, acc_grad)&#10;  File &quot;/home/jenkins/.conda/envs/xpu_op_/lib/python3.10/site-packages/torch/testing/_comparison.py&quot;, line 1589, in assert_close&#10;    raise error_metas[0].to_error(msg)&#10;AssertionError: Tensor-likes are not close!&#10;&#10;Mismatched elements: 32 / 228 (14.0%)&#10;Greatest absolute difference: 0.8042201995849609 at index (144,) (up to 1e-05 allowed)&#10;Greatest relative difference: 1.0529930591583252 at index (159,) (up to 1.3e-06 allowed)&#10;&#10;To execute this test, run the following from the base repo dir:&#10;    PYTORCH_TEST_WITH_SLOW=1 python test/distributed/fsdp/test_fsdp_grad_acc.py TestGradAcc.test_grad_acc_cpu_offload_use_orig_params_False&#10;&#10;This message can be suppressed by setting PYTORCH_PRINT_REPRO_ON_FAILURE=0">Traceback (most recent call last):
  File "/home/jenkins/.conda/envs/xpu_op_/lib/python3.10/site-packages/torch/testing/_internal/common_distributed.py", line 716, in wrapper
    self._join_processes(fn)
  File "/home/jenkins/.conda/envs/xpu_op_/lib/python3.10/site-packages/torch/testing/_internal/common_distributed.py", line 980, in _join_processes
    self._check_return_codes(fn, elapsed_time)
  File "/home/jenkins/.conda/envs/xpu_op_/lib/python3.10/site-packages/torch/testing/_internal/common_distributed.py", line 1020, in _check_return_codes
    raise RuntimeError(error)
RuntimeError: Process 0 exited with error code 10 and exception:
Traceback (most recent call last):
  File "/home/jenkins/.conda/envs/xpu_op_/lib/python3.10/site-packages/torch/testing/_internal/common_distributed.py", line 864, in run_test
    getattr(self, test_name)()
  File "/home/jenkins/.conda/envs/xpu_op_/lib/python3.10/site-packages/torch/testing/_internal/common_distributed.py", line 718, in wrapper
    fn()
  File "/home/jenkins/.conda/envs/xpu_op_/lib/python3.10/site-packages/torch/testing/_internal/common_utils.py", line 3226, in wrapper
    method(*args, **kwargs)
  File "/home/jenkins/.conda/envs/xpu_op_/lib/python3.10/site-packages/torch/testing/_internal/common_utils.py", line 553, in instantiated_test
    test(self, **param_kwargs)
  File "/home/jenkins/.conda/envs/xpu_op_/lib/python3.10/site-packages/torch/testing/_internal/common_distributed.py", line 221, in wrapper
    return func(*args, **kwargs)
  File "/home/jenkins/actions-runner/_work/torch-xpu-ops/pytorch/test/distributed/fsdp/test_fsdp_grad_acc.py", line 294, in test_grad_acc_cpu_offload
    self.run_subtests(
  File "/home/jenkins/.conda/envs/xpu_op_/lib/python3.10/site-packages/torch/testing/_internal/common_fsdp.py", line 1188, in run_subtests
    return run_subtests(self, *args, **kwargs)
  File "/home/jenkins/.conda/envs/xpu_op_/lib/python3.10/site-packages/torch/testing/_internal/common_distributed.py", line 1147, in run_subtests
    test_fn(*test_args, **test_kwargs, **subtest_kwargs)
  File "/home/jenkins/actions-runner/_work/torch-xpu-ops/pytorch/test/distributed/fsdp/test_fsdp_grad_acc.py", line 212, in _test_grad_acc
    torch.testing.assert_close(ref_grad, acc_grad)
  File "/home/jenkins/.conda/envs/xpu_op_/lib/python3.10/site-packages/torch/testing/_comparison.py", line 1589, in assert_close
    raise error_metas[0].to_error(msg)
AssertionError: Tensor-likes are not close!

Mismatched elements: 192 / 228 (84.2%)
Greatest absolute difference: 0.6550931930541992 at index (126,) (up to 1e-05 allowed)
Greatest relative difference: 15.473516464233398 at index (74,) (up to 1.3e-06 allowed)

To execute this test, run the following from the base repo dir:
    PYTORCH_TEST_WITH_SLOW=1 python test/distributed/fsdp/test_fsdp_grad_acc.py TestGradAcc.test_grad_acc_cpu_offload_use_orig_params_False

This message can be suppressed by setting PYTORCH_PRINT_REPRO_ON_FAILURE=0

Process 1 exited with error code 10 and exception:
Traceback (most recent call last):
  File "/home/jenkins/.conda/envs/xpu_op_/lib/python3.10/site-packages/torch/testing/_internal/common_distributed.py", line 864, in run_test
    getattr(self, test_name)()
  File "/home/jenkins/.conda/envs/xpu_op_/lib/python3.10/site-packages/torch/testing/_internal/common_distributed.py", line 718, in wrapper
    fn()
  File "/home/jenkins/.conda/envs/xpu_op_/lib/python3.10/site-packages/torch/testing/_internal/common_utils.py", line 3226, in wrapper
    method(*args, **kwargs)
  File "/home/jenkins/.conda/envs/xpu_op_/lib/python3.10/site-packages/torch/testing/_internal/common_utils.py", line 553, in instantiated_test
    test(self, **param_kwargs)
  File "/home/jenkins/.conda/envs/xpu_op_/lib/python3.10/site-packages/torch/testing/_internal/common_distributed.py", line 221, in wrapper
    return func(*args, **kwargs)
  File "/home/jenkins/actions-runner/_work/torch-xpu-ops/pytorch/test/distributed/fsdp/test_fsdp_grad_acc.py", line 294, in test_grad_acc_cpu_offload
    self.run_subtests(
  File "/home/jenkins/.conda/envs/xpu_op_/lib/python3.10/site-packages/torch/testing/_internal/common_fsdp.py", line 1188, in run_subtests
    return run_subtests(self, *args, **kwargs)
  File "/home/jenkins/.conda/envs/xpu_op_/lib/python3.10/site-packages/torch/testing/_internal/common_distributed.py", line 1147, in run_subtests
    test_fn(*test_args, **test_kwargs, **subtest_kwargs)
  File "/home/jenkins/actions-runner/_work/torch-xpu-ops/pytorch/test/distributed/fsdp/test_fsdp_grad_acc.py", line 212, in _test_grad_acc
    torch.testing.assert_close(ref_grad, acc_grad)
  File "/home/jenkins/.conda/envs/xpu_op_/lib/python3.10/site-packages/torch/testing/_comparison.py", line 1589, in assert_close
    raise error_metas[0].to_error(msg)
AssertionError: Tensor-likes are not close!

Mismatched elements: 32 / 228 (14.0%)
Greatest absolute difference: 0.8042201995849609 at index (144,) (up to 1e-05 allowed)
Greatest relative difference: 1.0529930591583252 at index (159,) (up to 1.3e-06 allowed)

To execute this test, run the following from the base repo dir:
    PYTORCH_TEST_WITH_SLOW=1 python test/distributed/fsdp/test_fsdp_grad_acc.py TestGradAcc.test_grad_acc_cpu_offload_use_orig_params_False

This message can be suppressed by setting PYTORCH_PRINT_REPRO_ON_FAILURE=0</failure></testcase><testcase classname="test.distributed.fsdp.test_fsdp_grad_acc.TestGradAcc" name="test_grad_acc_cpu_offload_use_orig_params_True" time="28.968"><failure message="RuntimeError: Process 0 exited with error code 10 and exception:&#10;Traceback (most recent call last):&#10;  File &quot;/home/jenkins/.conda/envs/xpu_op_/lib/python3.10/site-packages/torch/testing/_internal/common_distributed.py&quot;, line 864, in run_test&#10;    getattr(self, test_name)()&#10;  File &quot;/home/jenkins/.conda/envs/xpu_op_/lib/python3.10/site-packages/torch/testing/_internal/common_distributed.py&quot;, line 718, in wrapper&#10;    fn()&#10;  File &quot;/home/jenkins/.conda/envs/xpu_op_/lib/python3.10/site-packages/torch/testing/_internal/common_utils.py&quot;, line 3226, in wrapper&#10;    method(*args, **kwargs)&#10;  File &quot;/home/jenkins/.conda/envs/xpu_op_/lib/python3.10/site-packages/torch/testing/_internal/common_utils.py&quot;, line 553, in instantiated_test&#10;    test(self, **param_kwargs)&#10;  File &quot;/home/jenkins/.conda/envs/xpu_op_/lib/python3.10/site-packages/torch/testing/_internal/common_distributed.py&quot;, line 221, in wrapper&#10;    return func(*args, **kwargs)&#10;  File &quot;/home/jenkins/actions-runner/_work/torch-xpu-ops/pytorch/test/distributed/fsdp/test_fsdp_grad_acc.py&quot;, line 294, in test_grad_acc_cpu_offload&#10;    self.run_subtests(&#10;  File &quot;/home/jenkins/.conda/envs/xpu_op_/lib/python3.10/site-packages/torch/testing/_internal/common_fsdp.py&quot;, line 1188, in run_subtests&#10;    return run_subtests(self, *args, **kwargs)&#10;  File &quot;/home/jenkins/.conda/envs/xpu_op_/lib/python3.10/site-packages/torch/testing/_internal/common_distributed.py&quot;, line 1147, in run_subtests&#10;    test_fn(*test_args, **test_kwargs, **subtest_kwargs)&#10;  File &quot;/home/jenkins/actions-runner/_work/torch-xpu-ops/pytorch/test/distributed/fsdp/test_fsdp_grad_acc.py&quot;, line 212, in _test_grad_acc&#10;    torch.testing.assert_close(ref_grad, acc_grad)&#10;  File &quot;/home/jenkins/.conda/envs/xpu_op_/lib/python3.10/site-packages/torch/testing/_comparison.py&quot;, line 1589, in assert_close&#10;    raise error_metas[0].to_error(msg)&#10;AssertionError: Tensor-likes are not close!&#10;&#10;Mismatched elements: 192 / 228 (84.2%)&#10;Greatest absolute difference: 8.638484001159668 at index (105,) (up to 1e-05 allowed)&#10;Greatest relative difference: 270.5639953613281 at index (100,) (up to 1.3e-06 allowed)&#10;&#10;To execute this test, run the following from the base repo dir:&#10;    PYTORCH_TEST_WITH_SLOW=1 python test/distributed/fsdp/test_fsdp_grad_acc.py TestGradAcc.test_grad_acc_cpu_offload_use_orig_params_True&#10;&#10;This message can be suppressed by setting PYTORCH_PRINT_REPRO_ON_FAILURE=0">Traceback (most recent call last):
  File "/home/jenkins/.conda/envs/xpu_op_/lib/python3.10/site-packages/torch/testing/_internal/common_distributed.py", line 716, in wrapper
    self._join_processes(fn)
  File "/home/jenkins/.conda/envs/xpu_op_/lib/python3.10/site-packages/torch/testing/_internal/common_distributed.py", line 980, in _join_processes
    self._check_return_codes(fn, elapsed_time)
  File "/home/jenkins/.conda/envs/xpu_op_/lib/python3.10/site-packages/torch/testing/_internal/common_distributed.py", line 1020, in _check_return_codes
    raise RuntimeError(error)
RuntimeError: Process 0 exited with error code 10 and exception:
Traceback (most recent call last):
  File "/home/jenkins/.conda/envs/xpu_op_/lib/python3.10/site-packages/torch/testing/_internal/common_distributed.py", line 864, in run_test
    getattr(self, test_name)()
  File "/home/jenkins/.conda/envs/xpu_op_/lib/python3.10/site-packages/torch/testing/_internal/common_distributed.py", line 718, in wrapper
    fn()
  File "/home/jenkins/.conda/envs/xpu_op_/lib/python3.10/site-packages/torch/testing/_internal/common_utils.py", line 3226, in wrapper
    method(*args, **kwargs)
  File "/home/jenkins/.conda/envs/xpu_op_/lib/python3.10/site-packages/torch/testing/_internal/common_utils.py", line 553, in instantiated_test
    test(self, **param_kwargs)
  File "/home/jenkins/.conda/envs/xpu_op_/lib/python3.10/site-packages/torch/testing/_internal/common_distributed.py", line 221, in wrapper
    return func(*args, **kwargs)
  File "/home/jenkins/actions-runner/_work/torch-xpu-ops/pytorch/test/distributed/fsdp/test_fsdp_grad_acc.py", line 294, in test_grad_acc_cpu_offload
    self.run_subtests(
  File "/home/jenkins/.conda/envs/xpu_op_/lib/python3.10/site-packages/torch/testing/_internal/common_fsdp.py", line 1188, in run_subtests
    return run_subtests(self, *args, **kwargs)
  File "/home/jenkins/.conda/envs/xpu_op_/lib/python3.10/site-packages/torch/testing/_internal/common_distributed.py", line 1147, in run_subtests
    test_fn(*test_args, **test_kwargs, **subtest_kwargs)
  File "/home/jenkins/actions-runner/_work/torch-xpu-ops/pytorch/test/distributed/fsdp/test_fsdp_grad_acc.py", line 212, in _test_grad_acc
    torch.testing.assert_close(ref_grad, acc_grad)
  File "/home/jenkins/.conda/envs/xpu_op_/lib/python3.10/site-packages/torch/testing/_comparison.py", line 1589, in assert_close
    raise error_metas[0].to_error(msg)
AssertionError: Tensor-likes are not close!

Mismatched elements: 192 / 228 (84.2%)
Greatest absolute difference: 8.638484001159668 at index (105,) (up to 1e-05 allowed)
Greatest relative difference: 270.5639953613281 at index (100,) (up to 1.3e-06 allowed)

To execute this test, run the following from the base repo dir:
    PYTORCH_TEST_WITH_SLOW=1 python test/distributed/fsdp/test_fsdp_grad_acc.py TestGradAcc.test_grad_acc_cpu_offload_use_orig_params_True

This message can be suppressed by setting PYTORCH_PRINT_REPRO_ON_FAILURE=0</failure></testcase></testsuite></testsuites>