<?xml version="1.0" encoding="utf-8"?><testsuites><testsuite name="pytest" errors="0" failures="1" skipped="0" tests="20" time="336.117" timestamp="2025-08-30T11:34:51.521169" hostname="dut7358"><testcase classname="test.distributed.tensor.test_math_ops.DistMathOpsTest" name="test_conj_complex_dtensor" time="16.332" /><testcase classname="test.distributed.tensor.test_math_ops.DistMathOpsTest" name="test_cumsum" time="16.632" /><testcase classname="test.distributed.tensor.test_math_ops.DistMathOpsTest" name="test_foreach_add_different_mesh" time="16.632" /><testcase classname="test.distributed.tensor.test_math_ops.DistMathOpsTest" name="test_foreach_norm" time="16.431" /><testcase classname="test.distributed.tensor.test_math_ops.DistMathOpsTest" name="test_foreach_norm_different_mesh" time="16.030" /><testcase classname="test.distributed.tensor.test_math_ops.DistMathOpsTest" name="test_histc" time="16.535" /><testcase classname="test.distributed.tensor.test_math_ops.DistMathOpsTest" name="test_layer_norm_bwd" time="16.832" /><testcase classname="test.distributed.tensor.test_math_ops.DistMathOpsTest" name="test_layer_norm_bwd_req_grad" time="32.458" /><testcase classname="test.distributed.tensor.test_math_ops.DistMathOpsTest" name="test_layer_norm_fwd" time="16.431" /><testcase classname="test.distributed.tensor.test_math_ops.DistMathOpsTest" name="test_linalg_eigh" time="16.332" /><testcase classname="test.distributed.tensor.test_math_ops.DistMathOpsTest" name="test_linear_op_reductions" time="3.910"><failure message="AssertionError: Scalars are not equal!&#10;&#10;Expected 0 but got -6.&#10;Absolute difference: 6&#10;Relative difference: inf&#10;Expected exit code 0 but got -6 for pid: 2351019">Traceback (most recent call last):
  File "/tmp/xpu-tool/Python/3.10.18/x64/lib/python3.10/site-packages/torch/testing/_internal/common_distributed.py", line 716, in wrapper
    self._join_processes(fn)
  File "/tmp/xpu-tool/Python/3.10.18/x64/lib/python3.10/site-packages/torch/testing/_internal/common_distributed.py", line 980, in _join_processes
    self._check_return_codes(fn, elapsed_time)
  File "/tmp/xpu-tool/Python/3.10.18/x64/lib/python3.10/site-packages/torch/testing/_internal/common_distributed.py", line 1056, in _check_return_codes
    self.assertEqual(
  File "/tmp/xpu-tool/Python/3.10.18/x64/lib/python3.10/site-packages/torch/testing/_internal/common_utils.py", line 4181, in assertEqual
    raise error_metas.pop()[0].to_error(  # type: ignore[index]
AssertionError: Scalars are not equal!

Expected 0 but got -6.
Absolute difference: 6
Relative difference: inf
Expected exit code 0 but got -6 for pid: 2351019</failure></testcase><testcase classname="test.distributed.tensor.test_math_ops.DistMathOpsTest" name="test_mean" time="16.431" /><testcase classname="test.distributed.tensor.test_math_ops.DistMathOpsTest" name="test_nll_loss_and_cross_entropy" time="16.831" /><testcase classname="test.distributed.tensor.test_math_ops.DistMathOpsTest" name="test_rotary_embedding_complex_ops" time="16.531" /><testcase classname="test.distributed.tensor.test_math_ops.DistMathOpsTest" name="test_shard0_svd" time="16.231" /><testcase classname="test.distributed.tensor.test_math_ops.DistMathOpsTest" name="test_shard_math_ops" time="16.933" /><testcase classname="test.distributed.tensor.test_math_ops.DistMathOpsTest" name="test_softmax_fwd" time="16.631" /><testcase classname="test.distributed.tensor.test_math_ops.DistMathOpsTest" name="test_softmax_with_bwd" time="16.832" /><testcase classname="test.distributed.tensor.test_math_ops.DistMathOpsTest" name="test_topk" time="16.532" /><testcase classname="test.distributed.tensor.test_math_ops.DistMathOpsTest" name="test_upsampling" time="16.231" /></testsuite></testsuites>