<?xml version="1.0" encoding="utf-8"?><testsuites><testsuite name="pytest" errors="0" failures="2" skipped="0" tests="29" time="633.802" timestamp="2025-08-30T11:49:50.148697" hostname="dut7358"><testcase classname="test.distributed.tensor.test_tensor_ops.DistTensorOpsTest" name="test_aten_contiguous" time="16.431" /><testcase classname="test.distributed.tensor.test_tensor_ops.DistTensorOpsTest" name="test_clone" time="16.532" /><testcase classname="test.distributed.tensor.test_tensor_ops.DistTensorOpsTest" name="test_contiguous" time="16.231" /><testcase classname="test.distributed.tensor.test_tensor_ops.DistTensorOpsTest" name="test_copy_" time="18.234" /><testcase classname="test.distributed.tensor.test_tensor_ops.DistTensorOpsTest" name="test_detach" time="16.130" /><testcase classname="test.distributed.tensor.test_tensor_ops.DistTensorOpsTest" name="test_dtensor_dtype_conversion" time="16.131" /><testcase classname="test.distributed.tensor.test_tensor_ops.DistTensorOpsTest" name="test_empty_like" time="16.030" /><testcase classname="test.distributed.tensor.test_tensor_ops.DistTensorOpsTest" name="test_equal" time="4.011"><failure message="AssertionError: Scalars are not equal!&#10;&#10;Expected 0 but got -6.&#10;Absolute difference: 6&#10;Relative difference: inf&#10;Expected exit code 0 but got -6 for pid: 2367570">Traceback (most recent call last):
  File "/tmp/xpu-tool/Python/3.10.18/x64/lib/python3.10/site-packages/torch/testing/_internal/common_distributed.py", line 716, in wrapper
    self._join_processes(fn)
  File "/tmp/xpu-tool/Python/3.10.18/x64/lib/python3.10/site-packages/torch/testing/_internal/common_distributed.py", line 980, in _join_processes
    self._check_return_codes(fn, elapsed_time)
  File "/tmp/xpu-tool/Python/3.10.18/x64/lib/python3.10/site-packages/torch/testing/_internal/common_distributed.py", line 1056, in _check_return_codes
    self.assertEqual(
  File "/tmp/xpu-tool/Python/3.10.18/x64/lib/python3.10/site-packages/torch/testing/_internal/common_utils.py", line 4181, in assertEqual
    raise error_metas.pop()[0].to_error(  # type: ignore[index]
AssertionError: Scalars are not equal!

Expected 0 but got -6.
Absolute difference: 6
Relative difference: inf
Expected exit code 0 but got -6 for pid: 2367570</failure></testcase><testcase classname="test.distributed.tensor.test_tensor_ops.DistTensorOpsTest" name="test_fill_inplace" time="16.029" /><testcase classname="test.distributed.tensor.test_tensor_ops.DistTensorOpsTest" name="test_fill_inplace_partial_sum" time="16.227" /><testcase classname="test.distributed.tensor.test_tensor_ops.DistTensorOpsTest" name="test_full_like" time="16.127" /><testcase classname="test.distributed.tensor.test_tensor_ops.DistTensorOpsTest" name="test_gather" time="16.628" /><testcase classname="test.distributed.tensor.test_tensor_ops.DistTensorOpsTest" name="test_index" time="168.704" /><testcase classname="test.distributed.tensor.test_tensor_ops.DistTensorOpsTest" name="test_index_put_scalar" time="17.329" /><testcase classname="test.distributed.tensor.test_tensor_ops.DistTensorOpsTest" name="test_index_put_tensor" time="17.931" /><testcase classname="test.distributed.tensor.test_tensor_ops.DistTensorOpsTest" name="test_inplace_op" time="31.550" /><testcase classname="test.distributed.tensor.test_tensor_ops.DistTensorOpsTest" name="test_new_empty_strided" time="16.226" /><testcase classname="test.distributed.tensor.test_tensor_ops.DistTensorOpsTest" name="test_new_full" time="16.328" /><testcase classname="test.distributed.tensor.test_tensor_ops.DistTensorOpsTest" name="test_ones_like" time="16.328" /><testcase classname="test.distributed.tensor.test_tensor_ops.DistTensorOpsTest" name="test_ones_like_partial_sum" time="16.128" /><testcase classname="test.distributed.tensor.test_tensor_ops.DistTensorOpsTest" name="test_op_out_variant" time="16.629" /><testcase classname="test.distributed.tensor.test_tensor_ops.DistTensorOpsTest" name="test_scatter" time="16.127" /><testcase classname="test.distributed.tensor.test_tensor_ops.DistTensorOpsTest" name="test_slice" time="16.323" /><testcase classname="test.distributed.tensor.test_tensor_ops.DistTensorOpsTest" name="test_split_on_partial" time="15.927"><failure message="AssertionError: Scalars are not equal!&#10;&#10;Expected 0 but got -6.&#10;Absolute difference: 6&#10;Relative difference: inf&#10;Expected exit code 0 but got -6 for pid: 2372820">Traceback (most recent call last):
  File "/tmp/xpu-tool/Python/3.10.18/x64/lib/python3.10/site-packages/torch/testing/_internal/common_distributed.py", line 716, in wrapper
    self._join_processes(fn)
  File "/tmp/xpu-tool/Python/3.10.18/x64/lib/python3.10/site-packages/torch/testing/_internal/common_distributed.py", line 980, in _join_processes
    self._check_return_codes(fn, elapsed_time)
  File "/tmp/xpu-tool/Python/3.10.18/x64/lib/python3.10/site-packages/torch/testing/_internal/common_distributed.py", line 1056, in _check_return_codes
    self.assertEqual(
  File "/tmp/xpu-tool/Python/3.10.18/x64/lib/python3.10/site-packages/torch/testing/_internal/common_utils.py", line 4181, in assertEqual
    raise error_metas.pop()[0].to_error(  # type: ignore[index]
AssertionError: Scalars are not equal!

Expected 0 but got -6.
Absolute difference: 6
Relative difference: inf
Expected exit code 0 but got -6 for pid: 2372820</failure></testcase><testcase classname="test.distributed.tensor.test_tensor_ops.DistTensorOpsTest" name="test_stack" time="16.327" /><testcase classname="test.distributed.tensor.test_tensor_ops.DistTensorOpsTest" name="test_where_type_promotion" time="16.433" /><testcase classname="test.distributed.tensor.test_tensor_ops.DistTensorOpsTest" name="test_zero_inplace" time="16.031" /><testcase classname="test.distributed.tensor.test_tensor_ops.DistTensorOpsTest" name="test_zeros_like" time="16.231" /><testcase classname="test.distributed.tensor.test_tensor_ops.DistTensorOpsTest" name="test_zeros_like_partial_sum" time="16.128" /></testsuite></testsuites>