<?xml version="1.0" encoding="utf-8"?><testsuites><testsuite name="pytest" errors="0" failures="1" skipped="0" tests="6" time="158.786" timestamp="2025-09-05T12:05:04.626946" hostname="dut7358"><testcase classname="test.distributed.fsdp.test_fsdp_hybrid_shard.TestFSDPHybridShard" name="test_fsdp_hybrid_shard_basic_setup" time="43.093" /><testcase classname="test.distributed.fsdp.test_fsdp_hybrid_shard.TestFSDPHybridShard" name="test_fsdp_hybrid_shard_parity" time="34.262"><failure message="RuntimeError: Process 3 exited with error code 10 and exception:&#10;Traceback (most recent call last):&#10;  File &quot;/tmp/xpu-tool/Python/3.10.18/x64/lib/python3.10/site-packages/torch/testing/_internal/common_distributed.py&quot;, line 856, in run_test&#10;    getattr(self, test_name)()&#10;  File &quot;/tmp/xpu-tool/Python/3.10.18/x64/lib/python3.10/site-packages/torch/testing/_internal/common_distributed.py&quot;, line 710, in wrapper&#10;    fn()&#10;  File &quot;/tmp/xpu-tool/Python/3.10.18/x64/lib/python3.10/site-packages/torch/testing/_internal/common_utils.py&quot;, line 3226, in wrapper&#10;    method(*args, **kwargs)&#10;  File &quot;/tmp/xpu-tool/Python/3.10.18/x64/lib/python3.10/site-packages/torch/testing/_internal/common_distributed.py&quot;, line 221, in wrapper&#10;    return func(*args, **kwargs)&#10;  File &quot;/home/jenkins/actions-runner/_work/torch-xpu-ops/torch-xpu-ops/pytorch/test/distributed/fsdp/test_fsdp_hybrid_shard.py&quot;, line 340, in test_fsdp_hybrid_shard_parity&#10;    self.run_subtests(&#10;  File &quot;/tmp/xpu-tool/Python/3.10.18/x64/lib/python3.10/site-packages/torch/testing/_internal/common_fsdp.py&quot;, line 1188, in run_subtests&#10;    return run_subtests(self, *args, **kwargs)&#10;  File &quot;/tmp/xpu-tool/Python/3.10.18/x64/lib/python3.10/site-packages/torch/testing/_internal/common_distributed.py&quot;, line 1139, in run_subtests&#10;    test_fn(*test_args, **test_kwargs, **subtest_kwargs)&#10;  File &quot;/home/jenkins/actions-runner/_work/torch-xpu-ops/torch-xpu-ops/pytorch/test/distributed/fsdp/test_fsdp_hybrid_shard.py&quot;, line 378, in _test_fsdp_hybrid_shard_parity&#10;    self.assertEqual(losses[0], losses[1])&#10;  File &quot;/tmp/xpu-tool/Python/3.10.18/x64/lib/python3.10/site-packages/torch/testing/_internal/common_utils.py&quot;, line 4181, in assertEqual&#10;    raise error_metas.pop()[0].to_error(  # type: ignore[index]&#10;AssertionError: Scalars are not close!&#10;&#10;Expected -298.03204345703125 but got -297.7536926269531.&#10;Absolute difference: 0.278350830078125 (up to 1e-05 allowed)&#10;Relative difference: 0.0009339627606796456 (up to 1.3e-06 allowed)&#10;&#10;To execute this test, run the following from the base repo dir:&#10;    PYTORCH_TEST_WITH_SLOW=1 python test/distributed/fsdp/test_fsdp_hybrid_shard.py TestFSDPHybridShard.test_fsdp_hybrid_shard_parity&#10;&#10;This message can be suppressed by setting PYTORCH_PRINT_REPRO_ON_FAILURE=0">Traceback (most recent call last):
  File "/tmp/xpu-tool/Python/3.10.18/x64/lib/python3.10/site-packages/torch/testing/_internal/common_distributed.py", line 708, in wrapper
    self._join_processes(fn)
  File "/tmp/xpu-tool/Python/3.10.18/x64/lib/python3.10/site-packages/torch/testing/_internal/common_distributed.py", line 972, in _join_processes
    self._check_return_codes(fn, elapsed_time)
  File "/tmp/xpu-tool/Python/3.10.18/x64/lib/python3.10/site-packages/torch/testing/_internal/common_distributed.py", line 1012, in _check_return_codes
    raise RuntimeError(error)
RuntimeError: Process 3 exited with error code 10 and exception:
Traceback (most recent call last):
  File "/tmp/xpu-tool/Python/3.10.18/x64/lib/python3.10/site-packages/torch/testing/_internal/common_distributed.py", line 856, in run_test
    getattr(self, test_name)()
  File "/tmp/xpu-tool/Python/3.10.18/x64/lib/python3.10/site-packages/torch/testing/_internal/common_distributed.py", line 710, in wrapper
    fn()
  File "/tmp/xpu-tool/Python/3.10.18/x64/lib/python3.10/site-packages/torch/testing/_internal/common_utils.py", line 3226, in wrapper
    method(*args, **kwargs)
  File "/tmp/xpu-tool/Python/3.10.18/x64/lib/python3.10/site-packages/torch/testing/_internal/common_distributed.py", line 221, in wrapper
    return func(*args, **kwargs)
  File "/home/jenkins/actions-runner/_work/torch-xpu-ops/torch-xpu-ops/pytorch/test/distributed/fsdp/test_fsdp_hybrid_shard.py", line 340, in test_fsdp_hybrid_shard_parity
    self.run_subtests(
  File "/tmp/xpu-tool/Python/3.10.18/x64/lib/python3.10/site-packages/torch/testing/_internal/common_fsdp.py", line 1188, in run_subtests
    return run_subtests(self, *args, **kwargs)
  File "/tmp/xpu-tool/Python/3.10.18/x64/lib/python3.10/site-packages/torch/testing/_internal/common_distributed.py", line 1139, in run_subtests
    test_fn(*test_args, **test_kwargs, **subtest_kwargs)
  File "/home/jenkins/actions-runner/_work/torch-xpu-ops/torch-xpu-ops/pytorch/test/distributed/fsdp/test_fsdp_hybrid_shard.py", line 378, in _test_fsdp_hybrid_shard_parity
    self.assertEqual(losses[0], losses[1])
  File "/tmp/xpu-tool/Python/3.10.18/x64/lib/python3.10/site-packages/torch/testing/_internal/common_utils.py", line 4181, in assertEqual
    raise error_metas.pop()[0].to_error(  # type: ignore[index]
AssertionError: Scalars are not close!

Expected -298.03204345703125 but got -297.7536926269531.
Absolute difference: 0.278350830078125 (up to 1e-05 allowed)
Relative difference: 0.0009339627606796456 (up to 1.3e-06 allowed)

To execute this test, run the following from the base repo dir:
    PYTORCH_TEST_WITH_SLOW=1 python test/distributed/fsdp/test_fsdp_hybrid_shard.py TestFSDPHybridShard.test_fsdp_hybrid_shard_parity

This message can be suppressed by setting PYTORCH_PRINT_REPRO_ON_FAILURE=0</failure></testcase><testcase classname="test.distributed.fsdp.test_fsdp_hybrid_shard.TestFSDPHybridShard" name="test_hsdp_save_load_state_dict" time="31.957" /><testcase classname="test.distributed.fsdp.test_fsdp_hybrid_shard.TestFSDPHybridShard" name="test_hsdp_sync_module_state" time="16.332" /><testcase classname="test.distributed.fsdp.test_fsdp_hybrid_shard.TestFSDPHybridShard" name="test_invalid_pg_specification_raises" time="15.630" /><testcase classname="test.distributed.fsdp.test_fsdp_hybrid_shard.TestFSDPHybridShard" name="test_raises_manual_wrap_hybrid_shard_when_none_policy" time="15.630" /></testsuite></testsuites>