<?xml version="1.0" encoding="utf-8"?><testsuites><testsuite name="pytest" errors="0" failures="2" skipped="0" tests="15" time="245.926" timestamp="2025-08-22T11:42:17.099325" hostname="dut7358"><testcase classname="test.distributed.fsdp.test_fsdp_unshard_params.TestUnshardParams" name="test_named_parameters_and_buffers" time="15.032" /><testcase classname="test.distributed.fsdp.test_fsdp_unshard_params.TestUnshardParams" name="test_unshard_params_param_data" time="14.638" /><testcase classname="test.distributed.fsdp.test_fsdp_unshard_params.TestUnshardParams" name="test_unshard_params_recurse" time="15.139" /><testcase classname="test.distributed.fsdp.test_fsdp_unshard_params.TestUnshardParams" name="test_unshard_params_respects_reshard" time="30.271" /><testcase classname="test.distributed.fsdp.test_fsdp_unshard_params.TestUnshardParams" name="test_unshard_params_writeback" time="16.039" /><testcase classname="test.distributed.fsdp.test_fsdp_unshard_params.TestUnshardParams" name="test_unshard_singleton_param_writeback" time="14.638" /><testcase classname="test.distributed.fsdp.test_fsdp_unshard_params.TestUnshardParams" name="test_unshard_submodule" time="15.340" /><testcase classname="test.distributed.fsdp.test_fsdp_unshard_params.TestUnshardParams" name="test_with_grads_core" time="40.492" /><testcase classname="test.distributed.fsdp.test_fsdp_unshard_params.TestUnshardParams" name="test_with_grads_none_grads" time="14.940" /><testcase classname="test.distributed.fsdp.test_fsdp_unshard_params.TestUnshardParamsNoShard" name="test_unshard_params_param_data_no_shard" time="3.113"><failure message="AssertionError: Scalars are not equal!&#10;&#10;Expected 0 but got -11.&#10;Absolute difference: 11&#10;Relative difference: inf&#10;Expected exit code 0 but got -11 for pid: 213805">Traceback (most recent call last):
  File "/home/jenkins/.conda/envs/xpu_op_/lib/python3.10/site-packages/torch/testing/_internal/common_distributed.py", line 716, in wrapper
    self._join_processes(fn)
  File "/home/jenkins/.conda/envs/xpu_op_/lib/python3.10/site-packages/torch/testing/_internal/common_distributed.py", line 980, in _join_processes
    self._check_return_codes(fn, elapsed_time)
  File "/home/jenkins/.conda/envs/xpu_op_/lib/python3.10/site-packages/torch/testing/_internal/common_distributed.py", line 1056, in _check_return_codes
    self.assertEqual(
  File "/home/jenkins/.conda/envs/xpu_op_/lib/python3.10/site-packages/torch/testing/_internal/common_utils.py", line 4181, in assertEqual
    raise error_metas.pop()[0].to_error(  # type: ignore[index]
AssertionError: Scalars are not equal!

Expected 0 but got -11.
Absolute difference: 11
Relative difference: inf
Expected exit code 0 but got -11 for pid: 213805</failure></testcase><testcase classname="test.distributed.fsdp.test_fsdp_unshard_params.TestUnshardParamsNoShard" name="test_unshard_params_writeback_no_shard" time="3.312"><failure message="AssertionError: Scalars are not equal!&#10;&#10;Expected 0 but got -11.&#10;Absolute difference: 11&#10;Relative difference: inf&#10;Expected exit code 0 but got -11 for pid: 213879">Traceback (most recent call last):
  File "/home/jenkins/.conda/envs/xpu_op_/lib/python3.10/site-packages/torch/testing/_internal/common_distributed.py", line 716, in wrapper
    self._join_processes(fn)
  File "/home/jenkins/.conda/envs/xpu_op_/lib/python3.10/site-packages/torch/testing/_internal/common_distributed.py", line 980, in _join_processes
    self._check_return_codes(fn, elapsed_time)
  File "/home/jenkins/.conda/envs/xpu_op_/lib/python3.10/site-packages/torch/testing/_internal/common_distributed.py", line 1056, in _check_return_codes
    self.assertEqual(
  File "/home/jenkins/.conda/envs/xpu_op_/lib/python3.10/site-packages/torch/testing/_internal/common_utils.py", line 4181, in assertEqual
    raise error_metas.pop()[0].to_error(  # type: ignore[index]
AssertionError: Scalars are not equal!

Expected 0 but got -11.
Absolute difference: 11
Relative difference: inf
Expected exit code 0 but got -11 for pid: 213879</failure></testcase><testcase classname="test.distributed.fsdp.test_fsdp_unshard_params.TestUnshardParamsErrors" name="test_offload_to_cpu_no_shard_raises" time="15.139" /><testcase classname="test.distributed.fsdp.test_fsdp_unshard_params.TestUnshardParamsErrors" name="test_rank0_only_with_writeback_raises" time="15.040" /><testcase classname="test.distributed.fsdp.test_fsdp_unshard_params.TestUnshardParamsErrors" name="test_unshard_params_from_backward_raises" time="15.339" /><testcase classname="test.distributed.fsdp.test_fsdp_unshard_params.TestUnshardParamsErrors" name="test_unshard_params_from_forward_raises" time="15.132" /></testsuite></testsuites>