<?xml version="1.0" encoding="utf-8"?><testsuites><testsuite name="pytest" errors="0" failures="2" skipped="0" tests="2" time="9.439" timestamp="2025-08-22T09:40:07.264237" hostname="dut7358"><testcase classname="test.distributed.fsdp.test_fsdp_input.TestInputXPU" name="test_input_type_dict_xpu" time="3.512"><failure message="AssertionError: Scalars are not equal!&#10;&#10;Expected 0 but got -11.&#10;Absolute difference: 11&#10;Relative difference: inf&#10;Expected exit code 0 but got -11 for pid: 143249">Traceback (most recent call last):
  File "/home/jenkins/.conda/envs/xpu_op_/lib/python3.10/site-packages/torch/testing/_internal/common_distributed.py", line 716, in wrapper
    self._join_processes(fn)
  File "/home/jenkins/.conda/envs/xpu_op_/lib/python3.10/site-packages/torch/testing/_internal/common_distributed.py", line 980, in _join_processes
    self._check_return_codes(fn, elapsed_time)
  File "/home/jenkins/.conda/envs/xpu_op_/lib/python3.10/site-packages/torch/testing/_internal/common_distributed.py", line 1056, in _check_return_codes
    self.assertEqual(
  File "/home/jenkins/.conda/envs/xpu_op_/lib/python3.10/site-packages/torch/testing/_internal/common_utils.py", line 4181, in assertEqual
    raise error_metas.pop()[0].to_error(  # type: ignore[index]
AssertionError: Scalars are not equal!

Expected 0 but got -11.
Absolute difference: 11
Relative difference: inf
Expected exit code 0 but got -11 for pid: 143249</failure></testcase><testcase classname="test.distributed.fsdp.test_fsdp_input.TestInputXPU" name="test_input_type_list_xpu" time="3.412"><failure message="AssertionError: Scalars are not equal!&#10;&#10;Expected 0 but got -11.&#10;Absolute difference: 11&#10;Relative difference: inf&#10;Expected exit code 0 but got -11 for pid: 143323">Traceback (most recent call last):
  File "/home/jenkins/.conda/envs/xpu_op_/lib/python3.10/site-packages/torch/testing/_internal/common_distributed.py", line 716, in wrapper
    self._join_processes(fn)
  File "/home/jenkins/.conda/envs/xpu_op_/lib/python3.10/site-packages/torch/testing/_internal/common_distributed.py", line 980, in _join_processes
    self._check_return_codes(fn, elapsed_time)
  File "/home/jenkins/.conda/envs/xpu_op_/lib/python3.10/site-packages/torch/testing/_internal/common_distributed.py", line 1056, in _check_return_codes
    self.assertEqual(
  File "/home/jenkins/.conda/envs/xpu_op_/lib/python3.10/site-packages/torch/testing/_internal/common_utils.py", line 4181, in assertEqual
    raise error_metas.pop()[0].to_error(  # type: ignore[index]
AssertionError: Scalars are not equal!

Expected 0 but got -11.
Absolute difference: 11
Relative difference: inf
Expected exit code 0 but got -11 for pid: 143323</failure></testcase></testsuite></testsuites>