<?xml version="1.0" encoding="utf-8"?><testsuites><testsuite name="pytest" errors="0" failures="1" skipped="0" tests="3" time="25.965" timestamp="2025-08-30T13:31:10.999699" hostname="dut7358"><testcase classname="test.distributed.checkpoint.test_format_utils.TestFormatUtils" name="test_dcp_to_torch_save" time="3.811" /><testcase classname="test.distributed.checkpoint.test_format_utils.TestFormatUtils" name="test_online_torch_save_to_dcp" time="16.031"><failure message="AssertionError: Scalars are not equal!&#10;&#10;Expected 0 but got -6.&#10;Absolute difference: 6&#10;Relative difference: inf&#10;Expected exit code 0 but got -6 for pid: 2488510">Traceback (most recent call last):
  File "/tmp/xpu-tool/Python/3.10.18/x64/lib/python3.10/site-packages/torch/testing/_internal/common_distributed.py", line 716, in wrapper
    self._join_processes(fn)
  File "/tmp/xpu-tool/Python/3.10.18/x64/lib/python3.10/site-packages/torch/testing/_internal/common_distributed.py", line 980, in _join_processes
    self._check_return_codes(fn, elapsed_time)
  File "/tmp/xpu-tool/Python/3.10.18/x64/lib/python3.10/site-packages/torch/testing/_internal/common_distributed.py", line 1056, in _check_return_codes
    self.assertEqual(
  File "/tmp/xpu-tool/Python/3.10.18/x64/lib/python3.10/site-packages/torch/testing/_internal/common_utils.py", line 4181, in assertEqual
    raise error_metas.pop()[0].to_error(  # type: ignore[index]
AssertionError: Scalars are not equal!

Expected 0 but got -6.
Absolute difference: 6
Relative difference: inf
Expected exit code 0 but got -6 for pid: 2488510</failure></testcase><testcase classname="test.distributed.checkpoint.test_format_utils.TestFormatUtils" name="test_torch_save_to_dcp" time="3.811" /></testsuite></testsuites>