<?xml version="1.0" encoding="utf-8"?><testsuites><testsuite name="pytest" errors="0" failures="1" skipped="1" tests="5" time="132.373" timestamp="2025-08-30T12:01:00.940642" hostname="dut7358"><testcase classname="test.distributed._composable.fsdp.test_fully_shard_autograd.TestFullyShardAutograd" name="test_nontensor_activations" time="33.379" /><testcase classname="test.distributed._composable.fsdp.test_fully_shard_autograd.TestFullyShardAutograd" name="test_unused_forward_module" time="32.456" /><testcase classname="test.distributed._composable.fsdp.test_fully_shard_autograd.TestFullyShardAutograd" name="test_unused_forward_output" time="33.243" /><testcase classname="test.distributed._composable.fsdp.test_fully_shard_autograd.TestFullyShardPostAccGradHookMultiThread" name="test_post_acc_grad_hook_runs" time="0.001"><skipped type="pytest.skip" message="not-support-multithread">/home/jenkins/actions-runner/_work/torch-xpu-ops/torch-xpu-ops/pytorch/test/distributed/_composable/fsdp/test_fully_shard_autograd.py:251: not-support-multithread</skipped></testcase><testcase classname="test.distributed._composable.fsdp.test_fully_shard_autograd.TestFullyShardPostAccGradHookMultiProcess" name="test_post_acc_grad_hook_optim_parity" time="30.937"><failure message="AssertionError: Scalars are not equal!&#10;&#10;Expected 0 but got -6.&#10;Absolute difference: 6&#10;Relative difference: inf&#10;Expected exit code 0 but got -6 for pid: 2376392">Traceback (most recent call last):
  File "/tmp/xpu-tool/Python/3.10.18/x64/lib/python3.10/site-packages/torch/testing/_internal/common_distributed.py", line 716, in wrapper
    self._join_processes(fn)
  File "/tmp/xpu-tool/Python/3.10.18/x64/lib/python3.10/site-packages/torch/testing/_internal/common_distributed.py", line 980, in _join_processes
    self._check_return_codes(fn, elapsed_time)
  File "/tmp/xpu-tool/Python/3.10.18/x64/lib/python3.10/site-packages/torch/testing/_internal/common_distributed.py", line 1056, in _check_return_codes
    self.assertEqual(
  File "/tmp/xpu-tool/Python/3.10.18/x64/lib/python3.10/site-packages/torch/testing/_internal/common_utils.py", line 4181, in assertEqual
    raise error_metas.pop()[0].to_error(  # type: ignore[index]
AssertionError: Scalars are not equal!

Expected 0 but got -6.
Absolute difference: 6
Relative difference: inf
Expected exit code 0 but got -6 for pid: 2376392</failure></testcase></testsuite></testsuites>