<?xml version="1.0" encoding="utf-8"?><testsuites><testsuite name="pytest" errors="0" failures="4" skipped="0" tests="25" time="696.021" timestamp="2025-08-30T13:36:52.344586" hostname="dut7358"><testcase classname="test.distributed.checkpoint.test_state_dict.TestStateDict" name="test_activation_ckpt_fqns_ddp" time="16.746" /><testcase classname="test.distributed.checkpoint.test_state_dict.TestStateDict" name="test_activation_ckpt_fqns_fsdp1" time="16.330" /><testcase classname="test.distributed.checkpoint.test_state_dict.TestStateDict" name="test_broadcast_from_rank0" time="32.944" /><testcase classname="test.distributed.checkpoint.test_state_dict.TestStateDict" name="test_compiled_fsdp" time="16.229"><failure message="AssertionError: Scalars are not equal!&#10;&#10;Expected 0 but got -6.&#10;Absolute difference: 6&#10;Relative difference: inf&#10;Expected exit code 0 but got -6 for pid: 2494792">Traceback (most recent call last):
  File "/tmp/xpu-tool/Python/3.10.18/x64/lib/python3.10/site-packages/torch/testing/_internal/common_distributed.py", line 716, in wrapper
    self._join_processes(fn)
  File "/tmp/xpu-tool/Python/3.10.18/x64/lib/python3.10/site-packages/torch/testing/_internal/common_distributed.py", line 980, in _join_processes
    self._check_return_codes(fn, elapsed_time)
  File "/tmp/xpu-tool/Python/3.10.18/x64/lib/python3.10/site-packages/torch/testing/_internal/common_distributed.py", line 1056, in _check_return_codes
    self.assertEqual(
  File "/tmp/xpu-tool/Python/3.10.18/x64/lib/python3.10/site-packages/torch/testing/_internal/common_utils.py", line 4181, in assertEqual
    raise error_metas.pop()[0].to_error(  # type: ignore[index]
AssertionError: Scalars are not equal!

Expected 0 but got -6.
Absolute difference: 6
Relative difference: inf
Expected exit code 0 but got -6 for pid: 2494792</failure></testcase><testcase classname="test.distributed.checkpoint.test_state_dict.TestStateDict" name="test_cpu_offload_full_state_dict" time="4.212"><failure message="AssertionError: Scalars are not equal!&#10;&#10;Expected 0 but got -6.&#10;Absolute difference: 6&#10;Relative difference: inf&#10;Expected exit code 0 but got -6 for pid: 2495112">Traceback (most recent call last):
  File "/tmp/xpu-tool/Python/3.10.18/x64/lib/python3.10/site-packages/torch/testing/_internal/common_distributed.py", line 716, in wrapper
    self._join_processes(fn)
  File "/tmp/xpu-tool/Python/3.10.18/x64/lib/python3.10/site-packages/torch/testing/_internal/common_distributed.py", line 980, in _join_processes
    self._check_return_codes(fn, elapsed_time)
  File "/tmp/xpu-tool/Python/3.10.18/x64/lib/python3.10/site-packages/torch/testing/_internal/common_distributed.py", line 1056, in _check_return_codes
    self.assertEqual(
  File "/tmp/xpu-tool/Python/3.10.18/x64/lib/python3.10/site-packages/torch/testing/_internal/common_utils.py", line 4181, in assertEqual
    raise error_metas.pop()[0].to_error(  # type: ignore[index]
AssertionError: Scalars are not equal!

Expected 0 but got -6.
Absolute difference: 6
Relative difference: inf
Expected exit code 0 but got -6 for pid: 2495112</failure></testcase><testcase classname="test.distributed.checkpoint.test_state_dict.TestStateDict" name="test_ddp" time="18.934" /><testcase classname="test.distributed.checkpoint.test_state_dict.TestStateDict" name="test_deprecate_api" time="16.631" /><testcase classname="test.distributed.checkpoint.test_state_dict.TestStateDict" name="test_extra_state" time="4.111" /><testcase classname="test.distributed.checkpoint.test_state_dict.TestStateDict" name="test_flattened_osd" time="19.335" /><testcase classname="test.distributed.checkpoint.test_state_dict.TestStateDict" name="test_fsdp" time="27.845"><failure message="AssertionError: Scalars are not equal!&#10;&#10;Expected 0 but got -6.&#10;Absolute difference: 6&#10;Relative difference: inf&#10;Expected exit code 0 but got -6 for pid: 2496634">Traceback (most recent call last):
  File "/tmp/xpu-tool/Python/3.10.18/x64/lib/python3.10/site-packages/torch/testing/_internal/common_distributed.py", line 716, in wrapper
    self._join_processes(fn)
  File "/tmp/xpu-tool/Python/3.10.18/x64/lib/python3.10/site-packages/torch/testing/_internal/common_distributed.py", line 980, in _join_processes
    self._check_return_codes(fn, elapsed_time)
  File "/tmp/xpu-tool/Python/3.10.18/x64/lib/python3.10/site-packages/torch/testing/_internal/common_distributed.py", line 1056, in _check_return_codes
    self.assertEqual(
  File "/tmp/xpu-tool/Python/3.10.18/x64/lib/python3.10/site-packages/torch/testing/_internal/common_utils.py", line 4181, in assertEqual
    raise error_metas.pop()[0].to_error(  # type: ignore[index]
AssertionError: Scalars are not equal!

Expected 0 but got -6.
Absolute difference: 6
Relative difference: inf
Expected exit code 0 but got -6 for pid: 2496634</failure></testcase><testcase classname="test.distributed.checkpoint.test_state_dict.TestStateDict" name="test_fsdp2" time="21.936" /><testcase classname="test.distributed.checkpoint.test_state_dict.TestStateDict" name="test_fsdp_ddp" time="28.847" /><testcase classname="test.distributed.checkpoint.test_state_dict.TestStateDict" name="test_fsdp_root_not_initialized" time="16.629" /><testcase classname="test.distributed.checkpoint.test_state_dict.TestStateDict" name="test_multi_device_load_model_state_dict" time="16.530" /><testcase classname="test.distributed.checkpoint.test_state_dict.TestStateDict" name="test_multi_param_groups" time="17.029" /><testcase classname="test.distributed.checkpoint.test_state_dict.TestStateDict" name="test_non_persistent_buffers" time="3.912" /><testcase classname="test.distributed.checkpoint.test_state_dict.TestStateDict" name="test_optim_state_dict_param_matching" time="16.623" /><testcase classname="test.distributed.checkpoint.test_state_dict.TestStateDict" name="test_set_cpu_model_state_dict_broadcast_from_rank0" time="16.531" /><testcase classname="test.distributed.checkpoint.test_state_dict.TestStateDict" name="test_setting_meta_device_model" time="16.431" /><testcase classname="test.distributed.checkpoint.test_state_dict.TestStateDict" name="test_setting_meta_device_model_broadcasting_and_memory" time="300.042"><failure message="RuntimeError: Process 0 terminated or timed out after 300.03769302368164 seconds">Traceback (most recent call last):
  File "/tmp/xpu-tool/Python/3.10.18/x64/lib/python3.10/site-packages/torch/testing/_internal/common_distributed.py", line 716, in wrapper
    self._join_processes(fn)
  File "/tmp/xpu-tool/Python/3.10.18/x64/lib/python3.10/site-packages/torch/testing/_internal/common_distributed.py", line 980, in _join_processes
    self._check_return_codes(fn, elapsed_time)
  File "/tmp/xpu-tool/Python/3.10.18/x64/lib/python3.10/site-packages/torch/testing/_internal/common_distributed.py", line 1025, in _check_return_codes
    raise RuntimeError(
RuntimeError: Process 0 terminated or timed out after 300.03769302368164 seconds</failure></testcase><testcase classname="test.distributed.checkpoint.test_state_dict.TestStateDict" name="test_shared_weight" time="23.640" /><testcase classname="test.distributed.checkpoint.test_state_dict.TestStateDict" name="test_single_gpu" time="5.513" /><testcase classname="test.distributed.checkpoint.test_state_dict.TestStateDict" name="test_state_dict_with_hook_on_keys" time="16.131" /><testcase classname="test.distributed.checkpoint.test_state_dict.TestStateDict" name="test_strict" time="16.424" /><testcase classname="test.distributed.checkpoint.test_state_dict.TestNoComm" name="test_no_dist" time="3.910" /></testsuite></testsuites>